<?xml version="1.0" encoding="UTF-8"?>
<coverage generated="1539786212140" clover="3.2.0">
  <project timestamp="1539786212140" name="All files">
    <metrics statements="39" coveredstatements="18" conditionals="6" coveredconditionals="1" methods="13" coveredmethods="6" elements="58" coveredelements="25" complexity="0" loc="39" ncloc="39" packages="3" files="7" classes="7">
      <package name="assets.images">
        <metrics statements="5" coveredstatements="5" conditionals="0" coveredconditionals="0" methods="0" coveredmethods="0"/>
        <file name="profileBackground3.jpg" path="/Users/bjorntvedten/iCloud Drive (arkiv) - 1/Documents/NTNU/Informatikk/H2018/IT2810/prosjekt3/it2810-webutvikling-h18-prosjekt-3-10/prosjekt3/assets/images/profileBackground3.jpg">
          <metrics statements="1" coveredstatements="1" conditionals="0" coveredconditionals="0" methods="0" coveredmethods="0"/>
          <line num="1" count="1" type="stmt"/>
        </file>
        <file name="profileEmail.png" path="/Users/bjorntvedten/iCloud Drive (arkiv) - 1/Documents/NTNU/Informatikk/H2018/IT2810/prosjekt3/it2810-webutvikling-h18-prosjekt-3-10/prosjekt3/assets/images/profileEmail.png">
          <metrics statements="1" coveredstatements="1" conditionals="0" coveredconditionals="0" methods="0" coveredmethods="0"/>
          <line num="1" count="1" type="stmt"/>
        </file>
        <file name="profileHeight.png" path="/Users/bjorntvedten/iCloud Drive (arkiv) - 1/Documents/NTNU/Informatikk/H2018/IT2810/prosjekt3/it2810-webutvikling-h18-prosjekt-3-10/prosjekt3/assets/images/profileHeight.png">
          <metrics statements="1" coveredstatements="1" conditionals="0" coveredconditionals="0" methods="0" coveredmethods="0"/>
          <line num="1" count="1" type="stmt"/>
        </file>
        <file name="profileTown.png" path="/Users/bjorntvedten/iCloud Drive (arkiv) - 1/Documents/NTNU/Informatikk/H2018/IT2810/prosjekt3/it2810-webutvikling-h18-prosjekt-3-10/prosjekt3/assets/images/profileTown.png">
          <metrics statements="1" coveredstatements="1" conditionals="0" coveredconditionals="0" methods="0" coveredmethods="0"/>
          <line num="1" count="1" type="stmt"/>
        </file>
        <file name="profileWeight.png" path="/Users/bjorntvedten/iCloud Drive (arkiv) - 1/Documents/NTNU/Informatikk/H2018/IT2810/prosjekt3/it2810-webutvikling-h18-prosjekt-3-10/prosjekt3/assets/images/profileWeight.png">
          <metrics statements="1" coveredstatements="1" conditionals="0" coveredconditionals="0" methods="0" coveredmethods="0"/>
          <line num="1" count="1" type="stmt"/>
        </file>
      </package>
      <package name="components">
        <metrics statements="1" coveredstatements="1" conditionals="0" coveredconditionals="0" methods="1" coveredmethods="1"/>
        <file name="StyledText.js" path="/Users/bjorntvedten/iCloud Drive (arkiv) - 1/Documents/NTNU/Informatikk/H2018/IT2810/prosjekt3/it2810-webutvikling-h18-prosjekt-3-10/prosjekt3/components/StyledText.js">
          <metrics statements="1" coveredstatements="1" conditionals="0" coveredconditionals="0" methods="1" coveredmethods="1"/>
          <line num="6" count="1" type="stmt"/>
        </file>
      </package>
      <package name="screens">
        <metrics statements="33" coveredstatements="12" conditionals="6" coveredconditionals="1" methods="12" coveredmethods="5"/>
        <file name="ProfilesScreen.js" path="/Users/bjorntvedten/iCloud Drive (arkiv) - 1/Documents/NTNU/Informatikk/H2018/IT2810/prosjekt3/it2810-webutvikling-h18-prosjekt-3-10/prosjekt3/screens/ProfilesScreen.js">
          <metrics statements="33" coveredstatements="12" conditionals="6" coveredconditionals="1" methods="12" coveredmethods="5"/>
          <line num="17" count="2" type="stmt"/>
          <line num="18" count="2" type="stmt"/>
          <line num="33" count="2" type="stmt"/>
          <line num="38" count="2" type="stmt"/>
          <line num="39" count="2" type="stmt"/>
          <line num="40" count="2" type="cond" truecount="1" falsecount="1"/>
          <line num="41" count="0" type="stmt"/>
          <line num="42" count="0" type="stmt"/>
          <line num="52" count="0" type="stmt"/>
          <line num="58" count="0" type="stmt"/>
          <line num="59" count="0" type="stmt"/>
          <line num="60" count="0" type="stmt"/>
          <line num="61" count="0" type="cond" truecount="0" falsecount="2"/>
          <line num="62" count="0" type="stmt"/>
          <line num="65" count="0" type="stmt"/>
          <line num="69" count="0" type="stmt"/>
          <line num="70" count="0" type="stmt"/>
          <line num="71" count="0" type="stmt"/>
          <line num="72" count="0" type="cond" truecount="0" falsecount="2"/>
          <line num="73" count="0" type="stmt"/>
          <line num="76" count="0" type="stmt"/>
          <line num="80" count="1" type="stmt"/>
          <line num="81" count="1" type="stmt"/>
          <line num="82" count="1" type="stmt"/>
          <line num="84" count="0" type="stmt"/>
          <line num="89" count="2" type="stmt"/>
          <line num="93" count="2" type="stmt"/>
          <line num="112" count="0" type="stmt"/>
          <line num="126" count="0" type="stmt"/>
          <line num="138" count="0" type="stmt"/>
          <line num="148" count="0" type="stmt"/>
          <line num="155" count="0" type="stmt"/>
          <line num="179" count="1" type="stmt"/>
        </file>
      </package>
    </metrics>
  </project>
</coverage>
