<?xml version="1.0" encoding="UTF-8"?>
<coverage generated="1539936874718" clover="3.2.0">
  <project timestamp="1539936874719" name="All files">
    <metrics statements="417" coveredstatements="129" conditionals="147" coveredconditionals="39" methods="193" coveredmethods="46" elements="757" coveredelements="214" complexity="0" loc="417" ncloc="417" packages="7" files="32" classes="32">
      <package name="prosjekt3">
        <metrics statements="7" coveredstatements="6" conditionals="6" coveredconditionals="6" methods="4" coveredmethods="3"/>
        <file name="App.js" path="/Users/bjorntvedten/iCloud Drive (arkiv) - 1/Documents/NTNU/Informatikk/H2018/IT2810/prosjekt3/it2810-webutvikling-h18-prosjekt-3-10/prosjekt3/App.js">
          <metrics statements="7" coveredstatements="6" conditionals="6" coveredconditionals="6" methods="4" coveredmethods="3"/>
          <line num="12" count="3" type="cond" truecount="4" falsecount="0"/>
          <line num="13" count="1" type="stmt"/>
          <line num="21" count="2" type="stmt"/>
          <line num="31" count="1" type="stmt"/>
          <line num="51" count="0" type="stmt"/>
          <line num="55" count="1" type="stmt"/>
          <line num="59" count="1" type="stmt"/>
        </file>
      </package>
      <package name="prosjekt3.assets.fonts">
        <metrics statements="1" coveredstatements="1" conditionals="0" coveredconditionals="0" methods="0" coveredmethods="0"/>
        <file name="SpaceMono-Regular.ttf" path="/Users/bjorntvedten/iCloud Drive (arkiv) - 1/Documents/NTNU/Informatikk/H2018/IT2810/prosjekt3/it2810-webutvikling-h18-prosjekt-3-10/prosjekt3/assets/fonts/SpaceMono-Regular.ttf">
          <metrics statements="1" coveredstatements="1" conditionals="0" coveredconditionals="0" methods="0" coveredmethods="0"/>
          <line num="1" count="1" type="stmt"/>
        </file>
      </package>
      <package name="prosjekt3.assets.images">
        <metrics statements="10" coveredstatements="10" conditionals="0" coveredconditionals="0" methods="0" coveredmethods="0"/>
        <file name="alone.gif" path="/Users/bjorntvedten/iCloud Drive (arkiv) - 1/Documents/NTNU/Informatikk/H2018/IT2810/prosjekt3/it2810-webutvikling-h18-prosjekt-3-10/prosjekt3/assets/images/alone.gif">
          <metrics statements="1" coveredstatements="1" conditionals="0" coveredconditionals="0" methods="0" coveredmethods="0"/>
          <line num="1" count="1" type="stmt"/>
        </file>
        <file name="loading.gif" path="/Users/bjorntvedten/iCloud Drive (arkiv) - 1/Documents/NTNU/Informatikk/H2018/IT2810/prosjekt3/it2810-webutvikling-h18-prosjekt-3-10/prosjekt3/assets/images/loading.gif">
          <metrics statements="1" coveredstatements="1" conditionals="0" coveredconditionals="0" methods="0" coveredmethods="0"/>
          <line num="1" count="1" type="stmt"/>
        </file>
        <file name="profileBackground3.jpg" path="/Users/bjorntvedten/iCloud Drive (arkiv) - 1/Documents/NTNU/Informatikk/H2018/IT2810/prosjekt3/it2810-webutvikling-h18-prosjekt-3-10/prosjekt3/assets/images/profileBackground3.jpg">
          <metrics statements="1" coveredstatements="1" conditionals="0" coveredconditionals="0" methods="0" coveredmethods="0"/>
          <line num="1" count="2" type="stmt"/>
        </file>
        <file name="profileEmail.png" path="/Users/bjorntvedten/iCloud Drive (arkiv) - 1/Documents/NTNU/Informatikk/H2018/IT2810/prosjekt3/it2810-webutvikling-h18-prosjekt-3-10/prosjekt3/assets/images/profileEmail.png">
          <metrics statements="1" coveredstatements="1" conditionals="0" coveredconditionals="0" methods="0" coveredmethods="0"/>
          <line num="1" count="2" type="stmt"/>
        </file>
        <file name="profileHeight.png" path="/Users/bjorntvedten/iCloud Drive (arkiv) - 1/Documents/NTNU/Informatikk/H2018/IT2810/prosjekt3/it2810-webutvikling-h18-prosjekt-3-10/prosjekt3/assets/images/profileHeight.png">
          <metrics statements="1" coveredstatements="1" conditionals="0" coveredconditionals="0" methods="0" coveredmethods="0"/>
          <line num="1" count="2" type="stmt"/>
        </file>
        <file name="profileTown.png" path="/Users/bjorntvedten/iCloud Drive (arkiv) - 1/Documents/NTNU/Informatikk/H2018/IT2810/prosjekt3/it2810-webutvikling-h18-prosjekt-3-10/prosjekt3/assets/images/profileTown.png">
          <metrics statements="1" coveredstatements="1" conditionals="0" coveredconditionals="0" methods="0" coveredmethods="0"/>
          <line num="1" count="2" type="stmt"/>
        </file>
        <file name="profileWeight.png" path="/Users/bjorntvedten/iCloud Drive (arkiv) - 1/Documents/NTNU/Informatikk/H2018/IT2810/prosjekt3/it2810-webutvikling-h18-prosjekt-3-10/prosjekt3/assets/images/profileWeight.png">
          <metrics statements="1" coveredstatements="1" conditionals="0" coveredconditionals="0" methods="0" coveredmethods="0"/>
          <line num="1" count="2" type="stmt"/>
        </file>
        <file name="robot-dev.png" path="/Users/bjorntvedten/iCloud Drive (arkiv) - 1/Documents/NTNU/Informatikk/H2018/IT2810/prosjekt3/it2810-webutvikling-h18-prosjekt-3-10/prosjekt3/assets/images/robot-dev.png">
          <metrics statements="1" coveredstatements="1" conditionals="0" coveredconditionals="0" methods="0" coveredmethods="0"/>
          <line num="1" count="1" type="stmt"/>
        </file>
        <file name="robot-prod.png" path="/Users/bjorntvedten/iCloud Drive (arkiv) - 1/Documents/NTNU/Informatikk/H2018/IT2810/prosjekt3/it2810-webutvikling-h18-prosjekt-3-10/prosjekt3/assets/images/robot-prod.png">
          <metrics statements="1" coveredstatements="1" conditionals="0" coveredconditionals="0" methods="0" coveredmethods="0"/>
          <line num="1" count="1" type="stmt"/>
        </file>
        <file name="watch.png" path="/Users/bjorntvedten/iCloud Drive (arkiv) - 1/Documents/NTNU/Informatikk/H2018/IT2810/prosjekt3/it2810-webutvikling-h18-prosjekt-3-10/prosjekt3/assets/images/watch.png">
          <metrics statements="1" coveredstatements="1" conditionals="0" coveredconditionals="0" methods="0" coveredmethods="0"/>
          <line num="1" count="1" type="stmt"/>
        </file>
      </package>
      <package name="prosjekt3.components">
        <metrics statements="179" coveredstatements="19" conditionals="61" coveredconditionals="3" methods="83" coveredmethods="5"/>
        <file name="AddContactModal.js" path="/Users/bjorntvedten/iCloud Drive (arkiv) - 1/Documents/NTNU/Informatikk/H2018/IT2810/prosjekt3/it2810-webutvikling-h18-prosjekt-3-10/prosjekt3/components/AddContactModal.js">
          <metrics statements="14" coveredstatements="1" conditionals="0" coveredconditionals="0" methods="7" coveredmethods="0"/>
          <line num="20" count="0" type="stmt"/>
          <line num="21" count="0" type="stmt"/>
          <line num="33" count="0" type="stmt"/>
          <line num="34" count="0" type="stmt"/>
          <line num="38" count="0" type="stmt"/>
          <line num="65" count="0" type="stmt"/>
          <line num="78" count="0" type="stmt"/>
          <line num="92" count="0" type="stmt"/>
          <line num="108" count="0" type="stmt"/>
          <line num="112" count="0" type="stmt"/>
          <line num="120" count="0" type="stmt"/>
          <line num="128" count="0" type="stmt"/>
          <line num="131" count="0" type="stmt"/>
          <line num="143" count="2" type="stmt"/>
        </file>
        <file name="AppointmentInfoHomescreenModal.js" path="/Users/bjorntvedten/iCloud Drive (arkiv) - 1/Documents/NTNU/Informatikk/H2018/IT2810/prosjekt3/it2810-webutvikling-h18-prosjekt-3-10/prosjekt3/components/AppointmentInfoHomescreenModal.js">
          <metrics statements="26" coveredstatements="1" conditionals="4" coveredconditionals="0" methods="16" coveredmethods="0"/>
          <line num="16" count="0" type="stmt"/>
          <line num="17" count="0" type="stmt"/>
          <line num="27" count="0" type="stmt"/>
          <line num="32" count="0" type="stmt"/>
          <line num="33" count="0" type="stmt"/>
          <line num="38" count="0" type="stmt"/>
          <line num="43" count="0" type="stmt"/>
          <line num="48" count="0" type="stmt"/>
          <line num="61" count="0" type="stmt"/>
          <line num="62" count="0" type="stmt"/>
          <line num="63" count="0" type="stmt"/>
          <line num="64" count="0" type="cond" truecount="0" falsecount="4"/>
          <line num="65" count="0" type="stmt"/>
          <line num="70" count="0" type="stmt"/>
          <line num="76" count="0" type="stmt"/>
          <line num="82" count="0" type="stmt"/>
          <line num="93" count="0" type="stmt"/>
          <line num="102" count="0" type="stmt"/>
          <line num="106" count="0" type="stmt"/>
          <line num="107" count="0" type="stmt"/>
          <line num="112" count="0" type="stmt"/>
          <line num="122" count="0" type="stmt"/>
          <line num="141" count="0" type="stmt"/>
          <line num="152" count="0" type="stmt"/>
          <line num="167" count="0" type="stmt"/>
          <line num="175" count="1" type="stmt"/>
        </file>
        <file name="ContactInformationModal.js" path="/Users/bjorntvedten/iCloud Drive (arkiv) - 1/Documents/NTNU/Informatikk/H2018/IT2810/prosjekt3/it2810-webutvikling-h18-prosjekt-3-10/prosjekt3/components/ContactInformationModal.js">
          <metrics statements="3" coveredstatements="2" conditionals="5" coveredconditionals="0" methods="1" coveredmethods="0"/>
          <line num="15" count="2" type="cond" truecount="0" falsecount="1"/>
          <line num="16" count="0" type="stmt"/>
          <line num="47" count="2" type="stmt"/>
        </file>
        <file name="ContactsList.js" path="/Users/bjorntvedten/iCloud Drive (arkiv) - 1/Documents/NTNU/Informatikk/H2018/IT2810/prosjekt3/it2810-webutvikling-h18-prosjekt-3-10/prosjekt3/components/ContactsList.js">
          <metrics statements="12" coveredstatements="2" conditionals="12" coveredconditionals="0" methods="7" coveredmethods="0"/>
          <line num="18" count="2" type="cond" truecount="0" falsecount="2"/>
          <line num="21" count="0" type="stmt"/>
          <line num="22" count="0" type="stmt"/>
          <line num="26" count="0" type="stmt"/>
          <line num="28" count="0" type="stmt"/>
          <line num="33" count="0" type="stmt"/>
          <line num="35" count="0" type="cond" truecount="0" falsecount="2"/>
          <line num="43" count="0" type="cond" truecount="0" falsecount="2"/>
          <line num="44" count="0" type="cond" truecount="0" falsecount="2"/>
          <line num="45" count="0" type="stmt"/>
          <line num="63" count="0" type="stmt"/>
          <line num="87" count="2" type="stmt"/>
        </file>
        <file name="Loading.js" path="/Users/bjorntvedten/iCloud Drive (arkiv) - 1/Documents/NTNU/Informatikk/H2018/IT2810/prosjekt3/it2810-webutvikling-h18-prosjekt-3-10/prosjekt3/components/Loading.js">
          <metrics statements="3" coveredstatements="2" conditionals="0" coveredconditionals="0" methods="1" coveredmethods="0"/>
          <line num="9" count="2" type="stmt"/>
          <line num="10" count="0" type="stmt"/>
          <line num="25" count="2" type="stmt"/>
        </file>
        <file name="PedometerHomescreen.js" path="/Users/bjorntvedten/iCloud Drive (arkiv) - 1/Documents/NTNU/Informatikk/H2018/IT2810/prosjekt3/it2810-webutvikling-h18-prosjekt-3-10/prosjekt3/components/PedometerHomescreen.js">
          <metrics statements="35" coveredstatements="1" conditionals="6" coveredconditionals="0" methods="14" coveredmethods="0"/>
          <line num="9" count="0" type="stmt"/>
          <line num="10" count="0" type="stmt"/>
          <line num="18" count="0" type="stmt"/>
          <line num="19" count="0" type="stmt"/>
          <line num="24" count="0" type="stmt"/>
          <line num="25" count="0" type="stmt"/>
          <line num="26" count="0" type="stmt"/>
          <line num="27" count="0" type="stmt"/>
          <line num="31" count="0" type="stmt"/>
          <line num="33" count="0" type="stmt"/>
          <line num="36" count="0" type="stmt"/>
          <line num="47" count="0" type="stmt"/>
          <line num="48" count="0" type="stmt"/>
          <line num="49" count="0" type="cond" truecount="0" falsecount="2"/>
          <line num="50" count="0" type="stmt"/>
          <line num="55" count="0" type="stmt"/>
          <line num="61" count="0" type="stmt"/>
          <line num="67" count="0" type="stmt"/>
          <line num="68" count="0" type="stmt"/>
          <line num="72" count="0" type="stmt"/>
          <line num="73" count="0" type="stmt"/>
          <line num="74" count="0" type="stmt"/>
          <line num="75" count="0" type="stmt"/>
          <line num="76" count="0" type="stmt"/>
          <line num="78" count="0" type="stmt"/>
          <line num="81" count="0" type="stmt"/>
          <line num="90" count="0" type="stmt"/>
          <line num="91" count="0" type="stmt"/>
          <line num="92" count="0" type="stmt"/>
          <line num="93" count="0" type="stmt"/>
          <line num="94" count="0" type="stmt"/>
          <line num="95" count="0" type="stmt"/>
          <line num="96" count="0" type="stmt"/>
          <line num="112" count="0" type="stmt"/>
          <line num="120" count="1" type="stmt"/>
        </file>
        <file name="ProfileModal.js" path="/Users/bjorntvedten/iCloud Drive (arkiv) - 1/Documents/NTNU/Informatikk/H2018/IT2810/prosjekt3/it2810-webutvikling-h18-prosjekt-3-10/prosjekt3/components/ProfileModal.js">
          <metrics statements="9" coveredstatements="5" conditionals="2" coveredconditionals="1" methods="7" coveredmethods="3"/>
          <line num="16" count="1" type="stmt"/>
          <line num="17" count="1" type="stmt"/>
          <line num="23" count="0" type="stmt"/>
          <line num="27" count="1" type="stmt"/>
          <line num="36" count="0" type="stmt"/>
          <line num="46" count="0" type="stmt"/>
          <line num="64" count="0" type="stmt"/>
          <line num="81" count="1" type="stmt"/>
          <line num="89" count="2" type="stmt"/>
        </file>
        <file name="StyledText.js" path="/Users/bjorntvedten/iCloud Drive (arkiv) - 1/Documents/NTNU/Informatikk/H2018/IT2810/prosjekt3/it2810-webutvikling-h18-prosjekt-3-10/prosjekt3/components/StyledText.js">
          <metrics statements="1" coveredstatements="1" conditionals="0" coveredconditionals="0" methods="1" coveredmethods="1"/>
          <line num="6" count="1" type="stmt"/>
        </file>
        <file name="TabBarIcon.js" path="/Users/bjorntvedten/iCloud Drive (arkiv) - 1/Documents/NTNU/Informatikk/H2018/IT2810/prosjekt3/it2810-webutvikling-h18-prosjekt-3-10/prosjekt3/components/TabBarIcon.js">
          <metrics statements="1" coveredstatements="1" conditionals="2" coveredconditionals="2" methods="1" coveredmethods="1"/>
          <line num="8" count="20" type="stmt"/>
        </file>
        <file name="TodoHomescreen.js" path="/Users/bjorntvedten/iCloud Drive (arkiv) - 1/Documents/NTNU/Informatikk/H2018/IT2810/prosjekt3/it2810-webutvikling-h18-prosjekt-3-10/prosjekt3/components/TodoHomescreen.js">
          <metrics statements="16" coveredstatements="1" conditionals="2" coveredconditionals="0" methods="8" coveredmethods="0"/>
          <line num="14" count="0" type="stmt"/>
          <line num="15" count="0" type="stmt"/>
          <line num="23" count="0" type="stmt"/>
          <line num="28" count="0" type="stmt"/>
          <line num="33" count="0" type="stmt"/>
          <line num="34" count="0" type="stmt"/>
          <line num="35" count="0" type="stmt"/>
          <line num="37" count="0" type="cond" truecount="0" falsecount="2"/>
          <line num="38" count="0" type="stmt"/>
          <line num="43" count="0" type="stmt"/>
          <line num="49" count="0" type="stmt"/>
          <line num="55" count="0" type="stmt"/>
          <line num="60" count="0" type="stmt"/>
          <line num="63" count="0" type="stmt"/>
          <line num="76" count="0" type="stmt"/>
          <line num="84" count="1" type="stmt"/>
        </file>
        <file name="pedometer.js" path="/Users/bjorntvedten/iCloud Drive (arkiv) - 1/Documents/NTNU/Informatikk/H2018/IT2810/prosjekt3/it2810-webutvikling-h18-prosjekt-3-10/prosjekt3/components/pedometer.js">
          <metrics statements="59" coveredstatements="2" conditionals="28" coveredconditionals="0" methods="20" coveredmethods="0"/>
          <line num="14" count="0" type="stmt"/>
          <line num="15" count="0" type="stmt"/>
          <line num="26" count="0" type="stmt"/>
          <line num="27" count="0" type="stmt"/>
          <line num="31" count="0" type="stmt"/>
          <line num="35" count="0" type="stmt"/>
          <line num="36" count="0" type="stmt"/>
          <line num="41" count="0" type="stmt"/>
          <line num="43" count="0" type="stmt"/>
          <line num="48" count="0" type="stmt"/>
          <line num="54" count="0" type="stmt"/>
          <line num="55" count="0" type="stmt"/>
          <line num="56" count="0" type="stmt"/>
          <line num="57" count="0" type="stmt"/>
          <line num="58" count="0" type="stmt"/>
          <line num="60" count="0" type="stmt"/>
          <line num="63" count="0" type="stmt"/>
          <line num="71" count="0" type="cond" truecount="0" falsecount="2"/>
          <line num="72" count="0" type="stmt"/>
          <line num="77" count="0" type="stmt"/>
          <line num="78" count="0" type="stmt"/>
          <line num="79" count="0" type="stmt"/>
          <line num="81" count="0" type="stmt"/>
          <line num="99" count="0" type="cond" truecount="0" falsecount="2"/>
          <line num="100" count="0" type="stmt"/>
          <line num="103" count="0" type="stmt"/>
          <line num="111" count="0" type="stmt"/>
          <line num="112" count="0" type="cond" truecount="0" falsecount="2"/>
          <line num="113" count="0" type="stmt"/>
          <line num="117" count="0" type="stmt"/>
          <line num="124" count="0" type="stmt"/>
          <line num="125" count="0" type="stmt"/>
          <line num="126" count="0" type="stmt"/>
          <line num="129" count="0" type="stmt"/>
          <line num="135" count="0" type="stmt"/>
          <line num="136" count="0" type="stmt"/>
          <line num="137" count="0" type="cond" truecount="0" falsecount="2"/>
          <line num="138" count="0" type="stmt"/>
          <line num="143" count="0" type="stmt"/>
          <line num="149" count="0" type="stmt"/>
          <line num="155" count="0" type="cond" truecount="0" falsecount="2"/>
          <line num="156" count="0" type="stmt"/>
          <line num="162" count="0" type="stmt"/>
          <line num="170" count="0" type="stmt"/>
          <line num="171" count="0" type="stmt"/>
          <line num="172" count="0" type="stmt"/>
          <line num="174" count="0" type="cond" truecount="0" falsecount="4"/>
          <line num="175" count="0" type="stmt"/>
          <line num="183" count="0" type="cond" truecount="0" falsecount="4"/>
          <line num="184" count="0" type="stmt"/>
          <line num="192" count="0" type="cond" truecount="0" falsecount="4"/>
          <line num="193" count="0" type="stmt"/>
          <line num="200" count="0" type="cond" truecount="0" falsecount="4"/>
          <line num="201" count="0" type="stmt"/>
          <line num="208" count="0" type="cond" truecount="0" falsecount="2"/>
          <line num="209" count="0" type="stmt"/>
          <line num="218" count="0" type="stmt"/>
          <line num="268" count="1" type="stmt"/>
          <line num="319" count="1" type="stmt"/>
        </file>
      </package>
      <package name="prosjekt3.constants">
        <metrics statements="1" coveredstatements="1" conditionals="0" coveredconditionals="0" methods="0" coveredmethods="0"/>
        <file name="Colors.js" path="/Users/bjorntvedten/iCloud Drive (arkiv) - 1/Documents/NTNU/Informatikk/H2018/IT2810/prosjekt3/it2810-webutvikling-h18-prosjekt-3-10/prosjekt3/constants/Colors.js">
          <metrics statements="1" coveredstatements="1" conditionals="0" coveredconditionals="0" methods="0" coveredmethods="0"/>
          <line num="1" count="4" type="stmt"/>
        </file>
      </package>
      <package name="prosjekt3.navigation">
        <metrics statements="18" coveredstatements="17" conditionals="24" coveredconditionals="15" methods="6" coveredmethods="5"/>
        <file name="AppNavigator.js" path="/Users/bjorntvedten/iCloud Drive (arkiv) - 1/Documents/NTNU/Informatikk/H2018/IT2810/prosjekt3/it2810-webutvikling-h18-prosjekt-3-10/prosjekt3/navigation/AppNavigator.js">
          <metrics statements="0" coveredstatements="0" conditionals="0" coveredconditionals="0" methods="0" coveredmethods="0"/>
        </file>
        <file name="MainTabNavigator.js" path="/Users/bjorntvedten/iCloud Drive (arkiv) - 1/Documents/NTNU/Informatikk/H2018/IT2810/prosjekt3/it2810-webutvikling-h18-prosjekt-3-10/prosjekt3/navigation/MainTabNavigator.js">
          <metrics statements="18" coveredstatements="17" conditionals="24" coveredconditionals="15" methods="6" coveredmethods="5"/>
          <line num="13" count="1" type="stmt"/>
          <line num="17" count="1" type="stmt"/>
          <line num="20" count="4" type="stmt"/>
          <line num="31" count="1" type="stmt"/>
          <line num="35" count="1" type="stmt"/>
          <line num="38" count="4" type="stmt"/>
          <line num="47" count="1" type="stmt"/>
          <line num="51" count="1" type="stmt"/>
          <line num="54" count="4" type="stmt"/>
          <line num="61" count="1" type="stmt"/>
          <line num="65" count="1" type="stmt"/>
          <line num="68" count="4" type="stmt"/>
          <line num="75" count="1" type="stmt"/>
          <line num="79" count="1" type="stmt"/>
          <line num="82" count="4" type="stmt"/>
          <line num="90" count="1" type="stmt"/>
          <line num="95" count="1" type="stmt"/>
          <line num="98" count="0" type="stmt"/>
        </file>
      </package>
      <package name="prosjekt3.screens">
        <metrics statements="201" coveredstatements="75" conditionals="56" coveredconditionals="15" methods="100" coveredmethods="33"/>
        <file name="ActivityScreen.js" path="/Users/bjorntvedten/iCloud Drive (arkiv) - 1/Documents/NTNU/Informatikk/H2018/IT2810/prosjekt3/it2810-webutvikling-h18-prosjekt-3-10/prosjekt3/screens/ActivityScreen.js">
          <metrics statements="2" coveredstatements="1" conditionals="2" coveredconditionals="0" methods="1" coveredmethods="0"/>
          <line num="18" count="0" type="stmt"/>
          <line num="29" count="1" type="stmt"/>
        </file>
        <file name="CalenderScreen.js" path="/Users/bjorntvedten/iCloud Drive (arkiv) - 1/Documents/NTNU/Informatikk/H2018/IT2810/prosjekt3/it2810-webutvikling-h18-prosjekt-3-10/prosjekt3/screens/CalenderScreen.js">
          <metrics statements="74" coveredstatements="24" conditionals="16" coveredconditionals="3" methods="40" coveredmethods="11"/>
          <line num="17" count="1" type="stmt"/>
          <line num="18" count="1" type="stmt"/>
          <line num="31" count="2" type="stmt"/>
          <line num="46" count="1" type="stmt"/>
          <line num="51" count="0" type="stmt"/>
          <line num="52" count="0" type="stmt"/>
          <line num="53" count="0" type="stmt"/>
          <line num="62" count="1" type="stmt"/>
          <line num="63" count="1" type="stmt"/>
          <line num="64" count="1" type="stmt"/>
          <line num="65" count="1" type="cond" truecount="1" falsecount="1"/>
          <line num="66" count="0" type="stmt"/>
          <line num="71" count="1" type="stmt"/>
          <line num="77" count="1" type="stmt"/>
          <line num="78" count="0" type="stmt"/>
          <line num="84" count="1" type="stmt"/>
          <line num="85" count="0" type="stmt"/>
          <line num="86" count="0" type="stmt"/>
          <line num="87" count="0" type="stmt"/>
          <line num="88" count="0" type="cond" truecount="0" falsecount="2"/>
          <line num="89" count="0" type="stmt"/>
          <line num="92" count="0" type="stmt"/>
          <line num="93" count="0" type="stmt"/>
          <line num="94" count="0" type="stmt"/>
          <line num="103" count="0" type="cond" truecount="0" falsecount="2"/>
          <line num="104" count="0" type="stmt"/>
          <line num="108" count="0" type="stmt"/>
          <line num="117" count="0" type="stmt"/>
          <line num="121" count="0" type="stmt"/>
          <line num="131" count="0" type="stmt"/>
          <line num="134" count="0" type="stmt"/>
          <line num="138" count="2" type="stmt"/>
          <line num="143" count="0" type="stmt"/>
          <line num="156" count="0" type="stmt"/>
          <line num="201" count="0" type="cond" truecount="0" falsecount="4"/>
          <line num="202" count="0" type="stmt"/>
          <line num="203" count="0" type="stmt"/>
          <line num="206" count="0" type="stmt"/>
          <line num="211" count="0" type="stmt"/>
          <line num="212" count="0" type="stmt"/>
          <line num="213" count="0" type="stmt"/>
          <line num="214" count="0" type="stmt"/>
          <line num="215" count="0" type="stmt"/>
          <line num="217" count="0" type="stmt"/>
          <line num="222" count="0" type="stmt"/>
          <line num="226" count="0" type="stmt"/>
          <line num="235" count="0" type="stmt"/>
          <line num="239" count="0" type="stmt"/>
          <line num="240" count="0" type="stmt"/>
          <line num="245" count="1" type="stmt"/>
          <line num="246" count="1" type="stmt"/>
          <line num="247" count="1" type="stmt"/>
          <line num="248" count="1" type="stmt"/>
          <line num="249" count="1" type="stmt"/>
          <line num="250" count="1" type="cond" truecount="2" falsecount="2"/>
          <line num="251" count="1" type="stmt"/>
          <line num="254" count="0" type="cond" truecount="0" falsecount="2"/>
          <line num="255" count="0" type="stmt"/>
          <line num="257" count="0" type="stmt"/>
          <line num="264" count="0" type="stmt"/>
          <line num="273" count="0" type="stmt"/>
          <line num="277" count="0" type="stmt"/>
          <line num="283" count="2" type="stmt"/>
          <line num="288" count="0" type="stmt"/>
          <line num="301" count="0" type="stmt"/>
          <line num="340" count="4" type="stmt"/>
          <line num="366" count="0" type="stmt"/>
          <line num="373" count="4" type="stmt"/>
          <line num="401" count="0" type="stmt"/>
          <line num="407" count="0" type="stmt"/>
          <line num="413" count="0" type="stmt"/>
          <line num="420" count="2" type="stmt"/>
          <line num="431" count="0" type="stmt"/>
          <line num="455" count="2" type="stmt"/>
        </file>
        <file name="ContactsScreen.js" path="/Users/bjorntvedten/iCloud Drive (arkiv) - 1/Documents/NTNU/Informatikk/H2018/IT2810/prosjekt3/it2810-webutvikling-h18-prosjekt-3-10/prosjekt3/screens/ContactsScreen.js">
          <metrics statements="46" coveredstatements="23" conditionals="22" coveredconditionals="7" methods="27" coveredmethods="14"/>
          <line num="30" count="2" type="stmt"/>
          <line num="34" count="2" type="stmt"/>
          <line num="36" count="0" type="cond" truecount="0" falsecount="2"/>
          <line num="37" count="0" type="stmt"/>
          <line num="44" count="2" type="stmt"/>
          <line num="46" count="2" type="cond" truecount="2" falsecount="0"/>
          <line num="47" count="1" type="stmt"/>
          <line num="49" count="1" type="stmt"/>
          <line num="53" count="2" type="stmt"/>
          <line num="54" count="2" type="cond" truecount="1" falsecount="1"/>
          <line num="55" count="2" type="stmt"/>
          <line num="58" count="2" type="stmt"/>
          <line num="61" count="2" type="stmt"/>
          <line num="68" count="1" type="stmt"/>
          <line num="70" count="1" type="cond" truecount="1" falsecount="1"/>
          <line num="71" count="0" type="stmt"/>
          <line num="72" count="0" type="stmt"/>
          <line num="74" count="1" type="stmt"/>
          <line num="79" count="2" type="stmt"/>
          <line num="80" count="1" type="stmt"/>
          <line num="83" count="1" type="stmt"/>
          <line num="87" count="1" type="stmt"/>
          <line num="93" count="2" type="stmt"/>
          <line num="94" count="2" type="stmt"/>
          <line num="96" count="2" type="cond" truecount="1" falsecount="1"/>
          <line num="97" count="0" type="stmt"/>
          <line num="99" count="2" type="stmt"/>
          <line num="108" count="0" type="stmt"/>
          <line num="109" count="0" type="cond" truecount="0" falsecount="2"/>
          <line num="110" count="0" type="stmt"/>
          <line num="111" count="0" type="stmt"/>
          <line num="114" count="0" type="cond" truecount="0" falsecount="2"/>
          <line num="117" count="0" type="stmt"/>
          <line num="118" count="0" type="cond" truecount="0" falsecount="2"/>
          <line num="119" count="0" type="cond" truecount="0" falsecount="2"/>
          <line num="120" count="0" type="stmt"/>
          <line num="123" count="0" type="cond" truecount="0" falsecount="2"/>
          <line num="124" count="0" type="stmt"/>
          <line num="129" count="0" type="stmt"/>
          <line num="134" count="0" type="stmt"/>
          <line num="141" count="0" type="stmt"/>
          <line num="150" count="0" type="stmt"/>
          <line num="157" count="7" type="stmt"/>
          <line num="172" count="0" type="stmt"/>
          <line num="177" count="0" type="stmt"/>
          <line num="178" count="0" type="stmt"/>
        </file>
        <file name="HomeScreen.js" path="/Users/bjorntvedten/iCloud Drive (arkiv) - 1/Documents/NTNU/Informatikk/H2018/IT2810/prosjekt3/it2810-webutvikling-h18-prosjekt-3-10/prosjekt3/screens/HomeScreen.js">
          <metrics statements="3" coveredstatements="2" conditionals="0" coveredconditionals="0" methods="2" coveredmethods="1"/>
          <line num="23" count="0" type="stmt"/>
          <line num="27" count="2" type="stmt"/>
          <line num="82" count="1" type="stmt"/>
        </file>
        <file name="ProfilesScreen.js" path="/Users/bjorntvedten/iCloud Drive (arkiv) - 1/Documents/NTNU/Informatikk/H2018/IT2810/prosjekt3/it2810-webutvikling-h18-prosjekt-3-10/prosjekt3/screens/ProfilesScreen.js">
          <metrics statements="32" coveredstatements="24" conditionals="8" coveredconditionals="5" methods="11" coveredmethods="7"/>
          <line num="21" count="3" type="stmt"/>
          <line num="22" count="3" type="stmt"/>
          <line num="38" count="3" type="stmt"/>
          <line num="43" count="4" type="stmt"/>
          <line num="44" count="4" type="stmt"/>
          <line num="45" count="4" type="cond" truecount="2" falsecount="0"/>
          <line num="46" count="1" type="stmt"/>
          <line num="47" count="1" type="stmt"/>
          <line num="57" count="0" type="stmt"/>
          <line num="63" count="1" type="stmt"/>
          <line num="64" count="1" type="stmt"/>
          <line num="65" count="1" type="stmt"/>
          <line num="66" count="13" type="cond" truecount="1" falsecount="1"/>
          <line num="67" count="0" type="stmt"/>
          <line num="70" count="1" type="stmt"/>
          <line num="74" count="1" type="stmt"/>
          <line num="75" count="1" type="stmt"/>
          <line num="76" count="1" type="stmt"/>
          <line num="77" count="6" type="cond" truecount="1" falsecount="1"/>
          <line num="78" count="0" type="stmt"/>
          <line num="81" count="1" type="stmt"/>
          <line num="85" count="1" type="stmt"/>
          <line num="86" count="1" type="stmt"/>
          <line num="87" count="1" type="stmt"/>
          <line num="89" count="0" type="stmt"/>
          <line num="94" count="10" type="stmt"/>
          <line num="98" count="10" type="stmt"/>
          <line num="122" count="0" type="stmt"/>
          <line num="134" count="0" type="stmt"/>
          <line num="144" count="0" type="stmt"/>
          <line num="151" count="0" type="stmt"/>
          <line num="178" count="3" type="stmt"/>
        </file>
        <file name="TodoScreen.js" path="/Users/bjorntvedten/iCloud Drive (arkiv) - 1/Documents/NTNU/Informatikk/H2018/IT2810/prosjekt3/it2810-webutvikling-h18-prosjekt-3-10/prosjekt3/screens/TodoScreen.js">
          <metrics statements="44" coveredstatements="1" conditionals="8" coveredconditionals="0" methods="19" coveredmethods="0"/>
          <line num="14" count="0" type="stmt"/>
          <line num="15" count="0" type="stmt"/>
          <line num="21" count="0" type="stmt"/>
          <line num="22" count="0" type="stmt"/>
          <line num="27" count="0" type="stmt"/>
          <line num="34" count="0" type="stmt"/>
          <line num="35" count="0" type="stmt"/>
          <line num="36" count="0" type="stmt"/>
          <line num="37" count="0" type="cond" truecount="0" falsecount="2"/>
          <line num="38" count="0" type="stmt"/>
          <line num="41" count="0" type="stmt"/>
          <line num="46" count="0" type="stmt"/>
          <line num="47" count="0" type="stmt"/>
          <line num="48" count="0" type="stmt"/>
          <line num="49" count="0" type="stmt"/>
          <line num="50" count="0" type="cond" truecount="0" falsecount="2"/>
          <line num="51" count="0" type="stmt"/>
          <line num="53" count="0" type="cond" truecount="0" falsecount="2"/>
          <line num="54" count="0" type="stmt"/>
          <line num="57" count="0" type="stmt"/>
          <line num="59" count="0" type="stmt"/>
          <line num="65" count="0" type="stmt"/>
          <line num="70" count="0" type="stmt"/>
          <line num="72" count="0" type="stmt"/>
          <line num="74" count="0" type="stmt"/>
          <line num="80" count="0" type="stmt"/>
          <line num="84" count="0" type="stmt"/>
          <line num="87" count="0" type="stmt"/>
          <line num="101" count="0" type="stmt"/>
          <line num="112" count="0" type="stmt"/>
          <line num="139" count="0" type="stmt"/>
          <line num="146" count="0" type="stmt"/>
          <line num="147" count="0" type="stmt"/>
          <line num="148" count="0" type="stmt"/>
          <line num="156" count="0" type="stmt"/>
          <line num="161" count="0" type="stmt"/>
          <line num="162" count="0" type="stmt"/>
          <line num="163" count="0" type="stmt"/>
          <line num="164" count="0" type="cond" truecount="0" falsecount="2"/>
          <line num="165" count="0" type="stmt"/>
          <line num="170" count="0" type="stmt"/>
          <line num="176" count="0" type="stmt"/>
          <line num="182" count="0" type="stmt"/>
          <line num="232" count="1" type="stmt"/>
        </file>
      </package>
    </metrics>
  </project>
</coverage>
