{"C:\\Users\\Aasmund\\Documents\\Skole\\IT2810-Webutvikling\\Grupperepo\\it2810-webutvikling-h18-prosjekt-3-10\\prosjekt3\\assets\\images\\profileBackground3.jpg": {"path":"C:\\Users\\Aasmund\\Documents\\Skole\\IT2810-Webutvikling\\Grupperepo\\it2810-webutvikling-h18-prosjekt-3-10\\prosjekt3\\assets\\images\\profileBackground3.jpg","statementMap":{"0":{"start":{"line":1,"column":0},"end":{"line":1,"column":19}}},"fnMap":{},"branchMap":{},"s":{"0":1},"f":{},"b":{},"_coverageSchema":"332fd63041d2c1bcb487cc26dd0d5f7d97098a6c","hash":"f3e24f8fd11eb9eebe8bcd685eb59f6ef9bf6416"}
,"C:\\Users\\Aasmund\\Documents\\Skole\\IT2810-Webutvikling\\Grupperepo\\it2810-webutvikling-h18-prosjekt-3-10\\prosjekt3\\assets\\images\\profileEmail.png": {"path":"C:\\Users\\Aasmund\\Documents\\Skole\\IT2810-Webutvikling\\Grupperepo\\it2810-webutvikling-h18-prosjekt-3-10\\prosjekt3\\assets\\images\\profileEmail.png","statementMap":{"0":{"start":{"line":1,"column":0},"end":{"line":1,"column":19}}},"fnMap":{},"branchMap":{},"s":{"0":1},"f":{},"b":{},"_coverageSchema":"332fd63041d2c1bcb487cc26dd0d5f7d97098a6c","hash":"d22439911423f7c268bb42e57b22930364628917"}
,"C:\\Users\\Aasmund\\Documents\\Skole\\IT2810-Webutvikling\\Grupperepo\\it2810-webutvikling-h18-prosjekt-3-10\\prosjekt3\\assets\\images\\profileHeight.png": {"path":"C:\\Users\\Aasmund\\Documents\\Skole\\IT2810-Webutvikling\\Grupperepo\\it2810-webutvikling-h18-prosjekt-3-10\\prosjekt3\\assets\\images\\profileHeight.png","statementMap":{"0":{"start":{"line":1,"column":0},"end":{"line":1,"column":19}}},"fnMap":{},"branchMap":{},"s":{"0":1},"f":{},"b":{},"_coverageSchema":"332fd63041d2c1bcb487cc26dd0d5f7d97098a6c","hash":"d75ff4e1fb320ba5ca481ad240f883fb75e68979"}
,"C:\\Users\\Aasmund\\Documents\\Skole\\IT2810-Webutvikling\\Grupperepo\\it2810-webutvikling-h18-prosjekt-3-10\\prosjekt3\\assets\\images\\profileTown.png": {"path":"C:\\Users\\Aasmund\\Documents\\Skole\\IT2810-Webutvikling\\Grupperepo\\it2810-webutvikling-h18-prosjekt-3-10\\prosjekt3\\assets\\images\\profileTown.png","statementMap":{"0":{"start":{"line":1,"column":0},"end":{"line":1,"column":19}}},"fnMap":{},"branchMap":{},"s":{"0":1},"f":{},"b":{},"_coverageSchema":"332fd63041d2c1bcb487cc26dd0d5f7d97098a6c","hash":"8ccb47a7d82f4357857f0472cb4ae86f726d1431"}
,"C:\\Users\\Aasmund\\Documents\\Skole\\IT2810-Webutvikling\\Grupperepo\\it2810-webutvikling-h18-prosjekt-3-10\\prosjekt3\\assets\\images\\profileWeight.png": {"path":"C:\\Users\\Aasmund\\Documents\\Skole\\IT2810-Webutvikling\\Grupperepo\\it2810-webutvikling-h18-prosjekt-3-10\\prosjekt3\\assets\\images\\profileWeight.png","statementMap":{"0":{"start":{"line":1,"column":0},"end":{"line":1,"column":19}}},"fnMap":{},"branchMap":{},"s":{"0":1},"f":{},"b":{},"_coverageSchema":"332fd63041d2c1bcb487cc26dd0d5f7d97098a6c","hash":"6c1954b21b3d6ced94694dfba0467b495b2ff853"}
,"C:\\Users\\Aasmund\\Documents\\Skole\\IT2810-Webutvikling\\Grupperepo\\it2810-webutvikling-h18-prosjekt-3-10\\prosjekt3\\components\\AddContactModal.js": {"path":"C:\\Users\\Aasmund\\Documents\\Skole\\IT2810-Webutvikling\\Grupperepo\\it2810-webutvikling-h18-prosjekt-3-10\\prosjekt3\\components\\AddContactModal.js","statementMap":{"0":{"start":{"line":20,"column":8},"end":{"line":20,"column":21}},"1":{"start":{"line":21,"column":8},"end":{"line":26,"column":9}},"2":{"start":{"line":33,"column":19},"end":{"line":33,"column":86}},"3":{"start":{"line":34,"column":8},"end":{"line":34,"column":17}},"4":{"start":{"line":38,"column":8},"end":{"line":139,"column":9}},"5":{"start":{"line":65,"column":32},"end":{"line":67,"column":34}},"6":{"start":{"line":78,"column":32},"end":{"line":80,"column":34}},"7":{"start":{"line":92,"column":36},"end":{"line":94,"column":38}},"8":{"start":{"line":108,"column":40},"end":{"line":108,"column":50}},"9":{"start":{"line":112,"column":52},"end":{"line":117,"column":37}},"10":{"start":{"line":120,"column":36},"end":{"line":125,"column":38}},"11":{"start":{"line":128,"column":36},"end":{"line":128,"column":62}},"12":{"start":{"line":131,"column":36},"end":{"line":131,"column":62}},"13":{"start":{"line":143,"column":15},"end":{"line":181,"column":2}}},"fnMap":{"0":{"name":"(anonymous_0)","decl":{"start":{"line":19,"column":4},"end":{"line":19,"column":5}},"loc":{"start":{"line":19,"column":23},"end":{"line":27,"column":5}},"line":19},"1":{"name":"(anonymous_1)","decl":{"start":{"line":32,"column":17},"end":{"line":32,"column":18}},"loc":{"start":{"line":32,"column":23},"end":{"line":35,"column":5}},"line":32},"2":{"name":"(anonymous_2)","decl":{"start":{"line":37,"column":4},"end":{"line":37,"column":5}},"loc":{"start":{"line":37,"column":13},"end":{"line":140,"column":5}},"line":37},"3":{"name":"(anonymous_3)","decl":{"start":{"line":64,"column":42},"end":{"line":64,"column":43}},"loc":{"start":{"line":64,"column":50},"end":{"line":68,"column":29}},"line":64},"4":{"name":"(anonymous_4)","decl":{"start":{"line":77,"column":42},"end":{"line":77,"column":43}},"loc":{"start":{"line":77,"column":50},"end":{"line":81,"column":29}},"line":77},"5":{"name":"(anonymous_5)","decl":{"start":{"line":91,"column":46},"end":{"line":91,"column":47}},"loc":{"start":{"line":91,"column":58},"end":{"line":95,"column":33}},"line":91},"6":{"name":"(anonymous_6)","decl":{"start":{"line":103,"column":41},"end":{"line":103,"column":42}},"loc":{"start":{"line":103,"column":45},"end":{"line":132,"column":33}},"line":103}},"branchMap":{},"s":{"0":0,"1":0,"2":0,"3":0,"4":0,"5":0,"6":0,"7":0,"8":0,"9":0,"10":0,"11":0,"12":0,"13":1},"f":{"0":0,"1":0,"2":0,"3":0,"4":0,"5":0,"6":0},"b":{},"_coverageSchema":"332fd63041d2c1bcb487cc26dd0d5f7d97098a6c","hash":"837ffd159fa40352ffc9657431ed99bc7c91de00"}
,"C:\\Users\\Aasmund\\Documents\\Skole\\IT2810-Webutvikling\\Grupperepo\\it2810-webutvikling-h18-prosjekt-3-10\\prosjekt3\\components\\ContactInformationModal.js": {"path":"C:\\Users\\Aasmund\\Documents\\Skole\\IT2810-Webutvikling\\Grupperepo\\it2810-webutvikling-h18-prosjekt-3-10\\prosjekt3\\components\\ContactInformationModal.js","statementMap":{"0":{"start":{"line":15,"column":21},"end":{"line":45,"column":1}},"1":{"start":{"line":16,"column":4},"end":{"line":44,"column":5}},"2":{"start":{"line":47,"column":15},"end":{"line":65,"column":2}}},"fnMap":{"0":{"name":"(anonymous_0)","decl":{"start":{"line":15,"column":21},"end":{"line":15,"column":22}},"loc":{"start":{"line":15,"column":67},"end":{"line":45,"column":1}},"line":15}},"branchMap":{"0":{"loc":{"start":{"line":15,"column":24},"end":{"line":15,"column":36}},"type":"default-arg","locations":[{"start":{"line":15,"column":34},"end":{"line":15,"column":36}}],"line":15},"1":{"loc":{"start":{"line":32,"column":24},"end":{"line":32,"column":115}},"type":"cond-expr","locations":[{"start":{"line":32,"column":49},"end":{"line":32,"column":73}},{"start":{"line":32,"column":76},"end":{"line":32,"column":115}}],"line":32},"2":{"loc":{"start":{"line":40,"column":26},"end":{"line":40,"column":80}},"type":"binary-expr","locations":[{"start":{"line":40,"column":26},"end":{"line":40,"column":46}},{"start":{"line":40,"column":50},"end":{"line":40,"column":80}}],"line":40}},"s":{"0":1,"1":0,"2":1},"f":{"0":0},"b":{"0":[0],"1":[0,0],"2":[0,0]},"_coverageSchema":"332fd63041d2c1bcb487cc26dd0d5f7d97098a6c","hash":"805c7c3a6d27e96ffbe203597d0182ba3d732d75"}
,"C:\\Users\\Aasmund\\Documents\\Skole\\IT2810-Webutvikling\\Grupperepo\\it2810-webutvikling-h18-prosjekt-3-10\\prosjekt3\\components\\ContactsList.js": {"path":"C:\\Users\\Aasmund\\Documents\\Skole\\IT2810-Webutvikling\\Grupperepo\\it2810-webutvikling-h18-prosjekt-3-10\\prosjekt3\\components\\ContactsList.js","statementMap":{"0":{"start":{"line":18,"column":21},"end":{"line":85,"column":1}},"1":{"start":{"line":21,"column":25},"end":{"line":41,"column":5}},"2":{"start":{"line":22,"column":8},"end":{"line":40,"column":9}},"3":{"start":{"line":26,"column":40},"end":{"line":26,"column":47}},"4":{"start":{"line":28,"column":20},"end":{"line":36,"column":22}},"5":{"start":{"line":33,"column":39},"end":{"line":33,"column":63}},"6":{"start":{"line":35,"column":60},"end":{"line":35,"column":111}},"7":{"start":{"line":35,"column":120},"end":{"line":35,"column":138}},"8":{"start":{"line":43,"column":24},"end":{"line":43,"column":71}},"9":{"start":{"line":44,"column":4},"end":{"line":84,"column":5}},"10":{"start":{"line":45,"column":8},"end":{"line":60,"column":9}},"11":{"start":{"line":63,"column":8},"end":{"line":83,"column":9}},"12":{"start":{"line":87,"column":15},"end":{"line":105,"column":2}}},"fnMap":{"0":{"name":"(anonymous_0)","decl":{"start":{"line":18,"column":21},"end":{"line":18,"column":22}},"loc":{"start":{"line":18,"column":134},"end":{"line":85,"column":1}},"line":18},"1":{"name":"(anonymous_1)","decl":{"start":{"line":21,"column":25},"end":{"line":21,"column":26}},"loc":{"start":{"line":21,"column":37},"end":{"line":41,"column":5}},"line":21},"2":{"name":"(anonymous_2)","decl":{"start":{"line":26,"column":30},"end":{"line":26,"column":31}},"loc":{"start":{"line":26,"column":40},"end":{"line":26,"column":47}},"line":26},"3":{"name":"(anonymous_3)","decl":{"start":{"line":27,"column":28},"end":{"line":27,"column":29}},"loc":{"start":{"line":28,"column":20},"end":{"line":36,"column":22}},"line":28},"4":{"name":"(anonymous_4)","decl":{"start":{"line":33,"column":33},"end":{"line":33,"column":34}},"loc":{"start":{"line":33,"column":39},"end":{"line":33,"column":63}},"line":33},"5":{"name":"(anonymous_5)","decl":{"start":{"line":35,"column":54},"end":{"line":35,"column":55}},"loc":{"start":{"line":35,"column":60},"end":{"line":35,"column":111}},"line":35},"6":{"name":"(anonymous_6)","decl":{"start":{"line":35,"column":114},"end":{"line":35,"column":115}},"loc":{"start":{"line":35,"column":120},"end":{"line":35,"column":138}},"line":35}},"branchMap":{"0":{"loc":{"start":{"line":18,"column":24},"end":{"line":18,"column":42}},"type":"default-arg","locations":[{"start":{"line":18,"column":40},"end":{"line":18,"column":42}}],"line":18},"1":{"loc":{"start":{"line":18,"column":44},"end":{"line":18,"column":65}},"type":"default-arg","locations":[{"start":{"line":18,"column":63},"end":{"line":18,"column":65}}],"line":18},"2":{"loc":{"start":{"line":32,"column":32},"end":{"line":32,"column":117}},"type":"cond-expr","locations":[{"start":{"line":32,"column":54},"end":{"line":32,"column":75}},{"start":{"line":32,"column":78},"end":{"line":32,"column":117}}],"line":32},"3":{"loc":{"start":{"line":35,"column":37},"end":{"line":35,"column":138}},"type":"cond-expr","locations":[{"start":{"line":35,"column":54},"end":{"line":35,"column":111}},{"start":{"line":35,"column":114},"end":{"line":35,"column":138}}],"line":35},"4":{"loc":{"start":{"line":43,"column":24},"end":{"line":43,"column":71}},"type":"binary-expr","locations":[{"start":{"line":43,"column":24},"end":{"line":43,"column":47}},{"start":{"line":43,"column":51},"end":{"line":43,"column":71}}],"line":43},"5":{"loc":{"start":{"line":44,"column":4},"end":{"line":84,"column":5}},"type":"if","locations":[{"start":{"line":44,"column":4},"end":{"line":84,"column":5}},{"start":{"line":44,"column":4},"end":{"line":84,"column":5}}],"line":44},"6":{"loc":{"start":{"line":55,"column":24},"end":{"line":55,"column":105}},"type":"binary-expr","locations":[{"start":{"line":55,"column":24},"end":{"line":55,"column":52}},{"start":{"line":55,"column":56},"end":{"line":55,"column":105}}],"line":55}},"s":{"0":1,"1":0,"2":0,"3":0,"4":0,"5":0,"6":0,"7":0,"8":0,"9":0,"10":0,"11":0,"12":1},"f":{"0":0,"1":0,"2":0,"3":0,"4":0,"5":0,"6":0},"b":{"0":[0],"1":[0],"2":[0,0],"3":[0,0],"4":[0,0],"5":[0,0],"6":[0,0]},"_coverageSchema":"332fd63041d2c1bcb487cc26dd0d5f7d97098a6c","hash":"8b280556f1140248e76c55816ad74d02792dae24"}
,"C:\\Users\\Aasmund\\Documents\\Skole\\IT2810-Webutvikling\\Grupperepo\\it2810-webutvikling-h18-prosjekt-3-10\\prosjekt3\\components\\Loading.js": {"path":"C:\\Users\\Aasmund\\Documents\\Skole\\IT2810-Webutvikling\\Grupperepo\\it2810-webutvikling-h18-prosjekt-3-10\\prosjekt3\\components\\Loading.js","statementMap":{"0":{"start":{"line":9,"column":16},"end":{"line":23,"column":1}},"1":{"start":{"line":10,"column":4},"end":{"line":22,"column":5}},"2":{"start":{"line":25,"column":15},"end":{"line":29,"column":2}}},"fnMap":{"0":{"name":"(anonymous_0)","decl":{"start":{"line":9,"column":16},"end":{"line":9,"column":17}},"loc":{"start":{"line":9,"column":22},"end":{"line":23,"column":1}},"line":9}},"branchMap":{},"s":{"0":1,"1":0,"2":1},"f":{"0":0},"b":{},"_coverageSchema":"332fd63041d2c1bcb487cc26dd0d5f7d97098a6c","hash":"658c2e101c70d341802a69fc5ec602c1113f0612"}
,"C:\\Users\\Aasmund\\Documents\\Skole\\IT2810-Webutvikling\\Grupperepo\\it2810-webutvikling-h18-prosjekt-3-10\\prosjekt3\\components\\StyledText.js": {"path":"C:\\Users\\Aasmund\\Documents\\Skole\\IT2810-Webutvikling\\Grupperepo\\it2810-webutvikling-h18-prosjekt-3-10\\prosjekt3\\components\\StyledText.js","statementMap":{"0":{"start":{"line":6,"column":4},"end":{"line":6,"column":93}}},"fnMap":{"0":{"name":"(anonymous_0)","decl":{"start":{"line":5,"column":2},"end":{"line":5,"column":3}},"loc":{"start":{"line":5,"column":11},"end":{"line":7,"column":3}},"line":5}},"branchMap":{},"s":{"0":1},"f":{"0":1},"b":{},"_coverageSchema":"332fd63041d2c1bcb487cc26dd0d5f7d97098a6c","hash":"660ff094dbcb4f8faaa1747fc90715399df034ab"}
,"C:\\Users\\Aasmund\\Documents\\Skole\\IT2810-Webutvikling\\Grupperepo\\it2810-webutvikling-h18-prosjekt-3-10\\prosjekt3\\screens\\ContactsScreen.js": {"path":"C:\\Users\\Aasmund\\Documents\\Skole\\IT2810-Webutvikling\\Grupperepo\\it2810-webutvikling-h18-prosjekt-3-10\\prosjekt3\\screens\\ContactsScreen.js","statementMap":{"0":{"start":{"line":30,"column":4},"end":{"line":30,"column":23}},"1":{"start":{"line":34,"column":4},"end":{"line":39,"column":8}},"2":{"start":{"line":36,"column":8},"end":{"line":38,"column":9}},"3":{"start":{"line":37,"column":10},"end":{"line":37,"column":32}},"4":{"start":{"line":44,"column":4},"end":{"line":62,"column":8}},"5":{"start":{"line":46,"column":8},"end":{"line":50,"column":9}},"6":{"start":{"line":47,"column":10},"end":{"line":47,"column":19}},"7":{"start":{"line":49,"column":10},"end":{"line":49,"column":35}},"8":{"start":{"line":53,"column":8},"end":{"line":53,"column":26}},"9":{"start":{"line":54,"column":8},"end":{"line":54,"column":63}},"10":{"start":{"line":54,"column":28},"end":{"line":54,"column":62}},"11":{"start":{"line":55,"column":8},"end":{"line":57,"column":10}},"12":{"start":{"line":58,"column":8},"end":{"line":58,"column":35}},"13":{"start":{"line":61,"column":8},"end":{"line":61,"column":57}},"14":{"start":{"line":68,"column":4},"end":{"line":88,"column":8}},"15":{"start":{"line":70,"column":8},"end":{"line":75,"column":9}},"16":{"start":{"line":71,"column":10},"end":{"line":71,"column":52}},"17":{"start":{"line":72,"column":10},"end":{"line":72,"column":19}},"18":{"start":{"line":74,"column":10},"end":{"line":74,"column":35}},"19":{"start":{"line":79,"column":8},"end":{"line":79,"column":73}},"20":{"start":{"line":79,"column":43},"end":{"line":79,"column":72}},"21":{"start":{"line":80,"column":8},"end":{"line":82,"column":10}},"22":{"start":{"line":83,"column":8},"end":{"line":83,"column":35}},"23":{"start":{"line":87,"column":8},"end":{"line":87,"column":57}},"24":{"start":{"line":93,"column":24},"end":{"line":93,"column":26}},"25":{"start":{"line":94,"column":4},"end":{"line":103,"column":8}},"26":{"start":{"line":96,"column":8},"end":{"line":98,"column":9}},"27":{"start":{"line":97,"column":10},"end":{"line":97,"column":44}},"28":{"start":{"line":99,"column":8},"end":{"line":102,"column":10}},"29":{"start":{"line":108,"column":23},"end":{"line":108,"column":71}},"30":{"start":{"line":109,"column":4},"end":{"line":130,"column":5}},"31":{"start":{"line":110,"column":6},"end":{"line":110,"column":49}},"32":{"start":{"line":111,"column":6},"end":{"line":123,"column":61}},"33":{"start":{"line":114,"column":29},"end":{"line":114,"column":66}},"34":{"start":{"line":117,"column":44},"end":{"line":117,"column":51}},"35":{"start":{"line":118,"column":12},"end":{"line":118,"column":58}},"36":{"start":{"line":119,"column":12},"end":{"line":119,"column":55}},"37":{"start":{"line":120,"column":12},"end":{"line":120,"column":26}},"38":{"start":{"line":123,"column":26},"end":{"line":123,"column":60}},"39":{"start":{"line":124,"column":6},"end":{"line":127,"column":8}},"40":{"start":{"line":129,"column":6},"end":{"line":129,"column":75}},"41":{"start":{"line":134,"column":4},"end":{"line":146,"column":5}},"42":{"start":{"line":141,"column":12},"end":{"line":141,"column":39}},"43":{"start":{"line":150,"column":4},"end":{"line":153,"column":6}},"44":{"start":{"line":157,"column":4},"end":{"line":181,"column":6}},"45":{"start":{"line":172,"column":34},"end":{"line":172,"column":81}},"46":{"start":{"line":177,"column":91},"end":{"line":177,"column":136}},"47":{"start":{"line":178,"column":48},"end":{"line":178,"column":73}},"48":{"start":{"line":178,"column":96},"end":{"line":178,"column":144}}},"fnMap":{"0":{"name":"(anonymous_0)","decl":{"start":{"line":29,"column":22},"end":{"line":29,"column":23}},"loc":{"start":{"line":29,"column":28},"end":{"line":40,"column":3}},"line":29},"1":{"name":"(anonymous_1)","decl":{"start":{"line":35,"column":12},"end":{"line":35,"column":13}},"loc":{"start":{"line":35,"column":28},"end":{"line":39,"column":7}},"line":35},"2":{"name":"(anonymous_2)","decl":{"start":{"line":43,"column":16},"end":{"line":43,"column":17}},"loc":{"start":{"line":43,"column":33},"end":{"line":63,"column":3}},"line":43},"3":{"name":"(anonymous_3)","decl":{"start":{"line":45,"column":12},"end":{"line":45,"column":13}},"loc":{"start":{"line":45,"column":22},"end":{"line":51,"column":7}},"line":45},"4":{"name":"(anonymous_4)","decl":{"start":{"line":52,"column":12},"end":{"line":52,"column":13}},"loc":{"start":{"line":52,"column":20},"end":{"line":59,"column":7}},"line":52},"5":{"name":"(anonymous_5)","decl":{"start":{"line":54,"column":18},"end":{"line":54,"column":19}},"loc":{"start":{"line":54,"column":28},"end":{"line":54,"column":62}},"line":54},"6":{"name":"(anonymous_6)","decl":{"start":{"line":60,"column":12},"end":{"line":60,"column":13}},"loc":{"start":{"line":60,"column":24},"end":{"line":62,"column":7}},"line":60},"7":{"name":"(anonymous_7)","decl":{"start":{"line":66,"column":18},"end":{"line":66,"column":19}},"loc":{"start":{"line":66,"column":35},"end":{"line":89,"column":3}},"line":66},"8":{"name":"(anonymous_8)","decl":{"start":{"line":69,"column":12},"end":{"line":69,"column":13}},"loc":{"start":{"line":69,"column":22},"end":{"line":76,"column":7}},"line":69},"9":{"name":"(anonymous_9)","decl":{"start":{"line":78,"column":12},"end":{"line":78,"column":13}},"loc":{"start":{"line":78,"column":20},"end":{"line":84,"column":7}},"line":78},"10":{"name":"(anonymous_10)","decl":{"start":{"line":79,"column":27},"end":{"line":79,"column":28}},"loc":{"start":{"line":79,"column":43},"end":{"line":79,"column":72}},"line":79},"11":{"name":"(anonymous_11)","decl":{"start":{"line":86,"column":12},"end":{"line":86,"column":13}},"loc":{"start":{"line":86,"column":24},"end":{"line":88,"column":7}},"line":86},"12":{"name":"(anonymous_12)","decl":{"start":{"line":92,"column":17},"end":{"line":92,"column":18}},"loc":{"start":{"line":92,"column":23},"end":{"line":104,"column":3}},"line":92},"13":{"name":"(anonymous_13)","decl":{"start":{"line":95,"column":12},"end":{"line":95,"column":13}},"loc":{"start":{"line":95,"column":22},"end":{"line":103,"column":7}},"line":95},"14":{"name":"(anonymous_14)","decl":{"start":{"line":107,"column":19},"end":{"line":107,"column":20}},"loc":{"start":{"line":107,"column":31},"end":{"line":131,"column":3}},"line":107},"15":{"name":"(anonymous_15)","decl":{"start":{"line":114,"column":18},"end":{"line":114,"column":19}},"loc":{"start":{"line":114,"column":29},"end":{"line":114,"column":66}},"line":114},"16":{"name":"(anonymous_16)","decl":{"start":{"line":116,"column":15},"end":{"line":116,"column":16}},"loc":{"start":{"line":116,"column":26},"end":{"line":121,"column":11}},"line":116},"17":{"name":"(anonymous_17)","decl":{"start":{"line":123,"column":16},"end":{"line":123,"column":17}},"loc":{"start":{"line":123,"column":26},"end":{"line":123,"column":60}},"line":123},"18":{"name":"(anonymous_18)","decl":{"start":{"line":133,"column":17},"end":{"line":133,"column":18}},"loc":{"start":{"line":133,"column":30},"end":{"line":147,"column":3}},"line":133},"19":{"name":"(anonymous_19)","decl":{"start":{"line":138,"column":35},"end":{"line":138,"column":36}},"loc":{"start":{"line":138,"column":41},"end":{"line":138,"column":44}},"line":138},"20":{"name":"(anonymous_20)","decl":{"start":{"line":140,"column":32},"end":{"line":140,"column":33}},"loc":{"start":{"line":140,"column":38},"end":{"line":142,"column":11}},"line":140},"21":{"name":"(anonymous_21)","decl":{"start":{"line":149,"column":23},"end":{"line":149,"column":24}},"loc":{"start":{"line":149,"column":34},"end":{"line":154,"column":3}},"line":149},"22":{"name":"(anonymous_22)","decl":{"start":{"line":156,"column":2},"end":{"line":156,"column":3}},"loc":{"start":{"line":156,"column":11},"end":{"line":182,"column":3}},"line":156},"23":{"name":"(anonymous_23)","decl":{"start":{"line":172,"column":28},"end":{"line":172,"column":29}},"loc":{"start":{"line":172,"column":34},"end":{"line":172,"column":81}},"line":172},"24":{"name":"(anonymous_24)","decl":{"start":{"line":177,"column":85},"end":{"line":177,"column":86}},"loc":{"start":{"line":177,"column":91},"end":{"line":177,"column":136}},"line":177},"25":{"name":"(anonymous_25)","decl":{"start":{"line":178,"column":35},"end":{"line":178,"column":36}},"loc":{"start":{"line":178,"column":48},"end":{"line":178,"column":73}},"line":178},"26":{"name":"(anonymous_26)","decl":{"start":{"line":178,"column":90},"end":{"line":178,"column":91}},"loc":{"start":{"line":178,"column":96},"end":{"line":178,"column":144}},"line":178}},"branchMap":{"0":{"loc":{"start":{"line":36,"column":8},"end":{"line":38,"column":9}},"type":"if","locations":[{"start":{"line":36,"column":8},"end":{"line":38,"column":9}},{"start":{"line":36,"column":8},"end":{"line":38,"column":9}}],"line":36},"1":{"loc":{"start":{"line":46,"column":8},"end":{"line":50,"column":9}},"type":"if","locations":[{"start":{"line":46,"column":8},"end":{"line":50,"column":9}},{"start":{"line":46,"column":8},"end":{"line":50,"column":9}}],"line":46},"2":{"loc":{"start":{"line":54,"column":28},"end":{"line":54,"column":62}},"type":"cond-expr","locations":[{"start":{"line":54,"column":56},"end":{"line":54,"column":58}},{"start":{"line":54,"column":61},"end":{"line":54,"column":62}}],"line":54},"3":{"loc":{"start":{"line":70,"column":8},"end":{"line":75,"column":9}},"type":"if","locations":[{"start":{"line":70,"column":8},"end":{"line":75,"column":9}},{"start":{"line":70,"column":8},"end":{"line":75,"column":9}}],"line":70},"4":{"loc":{"start":{"line":96,"column":8},"end":{"line":98,"column":9}},"type":"if","locations":[{"start":{"line":96,"column":8},"end":{"line":98,"column":9}},{"start":{"line":96,"column":8},"end":{"line":98,"column":9}}],"line":96},"5":{"loc":{"start":{"line":109,"column":4},"end":{"line":130,"column":5}},"type":"if","locations":[{"start":{"line":109,"column":4},"end":{"line":130,"column":5}},{"start":{"line":109,"column":4},"end":{"line":130,"column":5}}],"line":109},"6":{"loc":{"start":{"line":114,"column":29},"end":{"line":114,"column":66}},"type":"binary-expr","locations":[{"start":{"line":114,"column":29},"end":{"line":114,"column":46}},{"start":{"line":114,"column":50},"end":{"line":114,"column":66}}],"line":114},"7":{"loc":{"start":{"line":118,"column":32},"end":{"line":118,"column":58}},"type":"cond-expr","locations":[{"start":{"line":118,"column":44},"end":{"line":118,"column":53}},{"start":{"line":118,"column":56},"end":{"line":118,"column":58}}],"line":118},"8":{"loc":{"start":{"line":119,"column":31},"end":{"line":119,"column":55}},"type":"cond-expr","locations":[{"start":{"line":119,"column":42},"end":{"line":119,"column":50}},{"start":{"line":119,"column":53},"end":{"line":119,"column":55}}],"line":119},"9":{"loc":{"start":{"line":123,"column":26},"end":{"line":123,"column":60}},"type":"cond-expr","locations":[{"start":{"line":123,"column":54},"end":{"line":123,"column":56}},{"start":{"line":123,"column":59},"end":{"line":123,"column":60}}],"line":123},"10":{"loc":{"start":{"line":162,"column":12},"end":{"line":173,"column":16}},"type":"cond-expr","locations":[{"start":{"line":164,"column":14},"end":{"line":164,"column":25}},{"start":{"line":166,"column":14},"end":{"line":173,"column":16}}],"line":162}},"s":{"0":2,"1":2,"2":0,"3":0,"4":2,"5":2,"6":1,"7":1,"8":2,"9":2,"10":1,"11":2,"12":2,"13":2,"14":1,"15":1,"16":0,"17":0,"18":1,"19":1,"20":2,"21":1,"22":1,"23":1,"24":3,"25":3,"26":3,"27":1,"28":3,"29":0,"30":0,"31":0,"32":0,"33":0,"34":0,"35":0,"36":0,"37":0,"38":0,"39":0,"40":0,"41":0,"42":0,"43":1,"44":10,"45":0,"46":0,"47":0,"48":0},"f":{"0":2,"1":0,"2":2,"3":2,"4":2,"5":1,"6":2,"7":1,"8":1,"9":1,"10":2,"11":1,"12":3,"13":3,"14":0,"15":0,"16":0,"17":0,"18":0,"19":0,"20":0,"21":1,"22":10,"23":0,"24":0,"25":0,"26":0},"b":{"0":[0,0],"1":[1,1],"2":[0,1],"3":[0,1],"4":[1,2],"5":[0,0],"6":[0,0],"7":[0,0],"8":[0,0],"9":[0,0],"10":[2,8]},"_coverageSchema":"332fd63041d2c1bcb487cc26dd0d5f7d97098a6c","hash":"fff221671cfd5a22f62d0fa26790e0f08eaecb8b"}
,"C:\\Users\\Aasmund\\Documents\\Skole\\IT2810-Webutvikling\\Grupperepo\\it2810-webutvikling-h18-prosjekt-3-10\\prosjekt3\\screens\\ProfilesScreen.js": {"path":"C:\\Users\\Aasmund\\Documents\\Skole\\IT2810-Webutvikling\\Grupperepo\\it2810-webutvikling-h18-prosjekt-3-10\\prosjekt3\\screens\\ProfilesScreen.js","statementMap":{"0":{"start":{"line":17,"column":8},"end":{"line":17,"column":21}},"1":{"start":{"line":18,"column":8},"end":{"line":25,"column":10}},"2":{"start":{"line":33,"column":8},"end":{"line":33,"column":27}},"3":{"start":{"line":38,"column":8},"end":{"line":53,"column":9}},"4":{"start":{"line":39,"column":27},"end":{"line":39,"column":64}},"5":{"start":{"line":40,"column":12},"end":{"line":49,"column":13}},"6":{"start":{"line":41,"column":29},"end":{"line":41,"column":47}},"7":{"start":{"line":42,"column":16},"end":{"line":48,"column":18}},"8":{"start":{"line":52,"column":12},"end":{"line":52,"column":42}},"9":{"start":{"line":58,"column":24},"end":{"line":58,"column":31}},"10":{"start":{"line":59,"column":28},"end":{"line":59,"column":40}},"11":{"start":{"line":60,"column":8},"end":{"line":64,"column":9}},"12":{"start":{"line":61,"column":12},"end":{"line":63,"column":13}},"13":{"start":{"line":62,"column":16},"end":{"line":62,"column":50}},"14":{"start":{"line":65,"column":8},"end":{"line":65,"column":53}},"15":{"start":{"line":69,"column":24},"end":{"line":69,"column":31}},"16":{"start":{"line":70,"column":28},"end":{"line":70,"column":40}},"17":{"start":{"line":71,"column":8},"end":{"line":75,"column":9}},"18":{"start":{"line":72,"column":12},"end":{"line":74,"column":13}},"19":{"start":{"line":73,"column":16},"end":{"line":73,"column":50}},"20":{"start":{"line":76,"column":8},"end":{"line":76,"column":53}},"21":{"start":{"line":80,"column":21},"end":{"line":80,"column":31}},"22":{"start":{"line":81,"column":8},"end":{"line":85,"column":9}},"23":{"start":{"line":82,"column":12},"end":{"line":82,"column":71}},"24":{"start":{"line":84,"column":12},"end":{"line":84,"column":38}},"25":{"start":{"line":89,"column":29},"end":{"line":91,"column":9}},"26":{"start":{"line":93,"column":8},"end":{"line":174,"column":10}},"27":{"start":{"line":112,"column":55},"end":{"line":112,"column":78}},"28":{"start":{"line":126,"column":54},"end":{"line":126,"column":82}},"29":{"start":{"line":138,"column":54},"end":{"line":138,"column":82}},"30":{"start":{"line":148,"column":51},"end":{"line":148,"column":74}},"31":{"start":{"line":155,"column":52},"end":{"line":155,"column":76}},"32":{"start":{"line":179,"column":15},"end":{"line":296,"column":2}}},"fnMap":{"0":{"name":"(anonymous_0)","decl":{"start":{"line":16,"column":4},"end":{"line":16,"column":5}},"loc":{"start":{"line":16,"column":23},"end":{"line":26,"column":5}},"line":16},"1":{"name":"(anonymous_1)","decl":{"start":{"line":32,"column":24},"end":{"line":32,"column":25}},"loc":{"start":{"line":32,"column":30},"end":{"line":34,"column":5}},"line":32},"2":{"name":"(anonymous_2)","decl":{"start":{"line":37,"column":19},"end":{"line":37,"column":20}},"loc":{"start":{"line":37,"column":31},"end":{"line":54,"column":5}},"line":37},"3":{"name":"(anonymous_3)","decl":{"start":{"line":57,"column":4},"end":{"line":57,"column":5}},"loc":{"start":{"line":57,"column":28},"end":{"line":66,"column":5}},"line":57},"4":{"name":"(anonymous_4)","decl":{"start":{"line":68,"column":4},"end":{"line":68,"column":5}},"loc":{"start":{"line":68,"column":28},"end":{"line":77,"column":5}},"line":68},"5":{"name":"(anonymous_5)","decl":{"start":{"line":79,"column":16},"end":{"line":79,"column":17}},"loc":{"start":{"line":79,"column":28},"end":{"line":86,"column":5}},"line":79},"6":{"name":"(anonymous_6)","decl":{"start":{"line":88,"column":4},"end":{"line":88,"column":5}},"loc":{"start":{"line":88,"column":13},"end":{"line":175,"column":5}},"line":88},"7":{"name":"(anonymous_7)","decl":{"start":{"line":112,"column":47},"end":{"line":112,"column":48}},"loc":{"start":{"line":112,"column":55},"end":{"line":112,"column":78}},"line":112},"8":{"name":"(anonymous_8)","decl":{"start":{"line":126,"column":42},"end":{"line":126,"column":43}},"loc":{"start":{"line":126,"column":54},"end":{"line":126,"column":82}},"line":126},"9":{"name":"(anonymous_9)","decl":{"start":{"line":138,"column":42},"end":{"line":138,"column":43}},"loc":{"start":{"line":138,"column":54},"end":{"line":138,"column":82}},"line":138},"10":{"name":"(anonymous_10)","decl":{"start":{"line":148,"column":43},"end":{"line":148,"column":44}},"loc":{"start":{"line":148,"column":51},"end":{"line":148,"column":74}},"line":148},"11":{"name":"(anonymous_11)","decl":{"start":{"line":155,"column":43},"end":{"line":155,"column":44}},"loc":{"start":{"line":155,"column":52},"end":{"line":155,"column":76}},"line":155}},"branchMap":{"0":{"loc":{"start":{"line":40,"column":12},"end":{"line":49,"column":13}},"type":"if","locations":[{"start":{"line":40,"column":12},"end":{"line":49,"column":13}},{"start":{"line":40,"column":12},"end":{"line":49,"column":13}}],"line":40},"1":{"loc":{"start":{"line":61,"column":12},"end":{"line":63,"column":13}},"type":"if","locations":[{"start":{"line":61,"column":12},"end":{"line":63,"column":13}},{"start":{"line":61,"column":12},"end":{"line":63,"column":13}}],"line":61},"2":{"loc":{"start":{"line":72,"column":12},"end":{"line":74,"column":13}},"type":"if","locations":[{"start":{"line":72,"column":12},"end":{"line":74,"column":13}},{"start":{"line":72,"column":12},"end":{"line":74,"column":13}}],"line":72}},"s":{"0":4,"1":4,"2":4,"3":4,"4":4,"5":0,"6":0,"7":0,"8":0,"9":0,"10":0,"11":0,"12":0,"13":0,"14":0,"15":0,"16":0,"17":0,"18":0,"19":0,"20":0,"21":0,"22":0,"23":0,"24":0,"25":4,"26":4,"27":0,"28":0,"29":0,"30":0,"31":0,"32":1},"f":{"0":4,"1":4,"2":4,"3":0,"4":0,"5":0,"6":4,"7":0,"8":0,"9":0,"10":0,"11":0},"b":{"0":[0,0],"1":[0,0],"2":[0,0]},"_coverageSchema":"332fd63041d2c1bcb487cc26dd0d5f7d97098a6c","hash":"b9796495ea8f756f089549878d08562d066166fc"}
}
