{"/Users/bjorntvedten/iCloud Drive (arkiv) - 1/Documents/NTNU/Informatikk/H2018/IT2810/prosjekt3/it2810-webutvikling-h18-prosjekt-3-10/prosjekt3/App.js": {"path":"/Users/bjorntvedten/iCloud Drive (arkiv) - 1/Documents/NTNU/Informatikk/H2018/IT2810/prosjekt3/it2810-webutvikling-h18-prosjekt-3-10/prosjekt3/App.js","statementMap":{"0":{"start":{"line":12,"column":4},"end":{"line":27,"column":5}},"1":{"start":{"line":13,"column":6},"end":{"line":19,"column":8}},"2":{"start":{"line":21,"column":6},"end":{"line":26,"column":8}},"3":{"start":{"line":31,"column":4},"end":{"line":45,"column":7}},"4":{"start":{"line":51,"column":4},"end":{"line":51,"column":24}},"5":{"start":{"line":55,"column":4},"end":{"line":55,"column":47}},"6":{"start":{"line":59,"column":15},"end":{"line":64,"column":2}}},"fnMap":{"0":{"name":"(anonymous_0)","decl":{"start":{"line":11,"column":2},"end":{"line":11,"column":3}},"loc":{"start":{"line":11,"column":11},"end":{"line":28,"column":3}},"line":11},"1":{"name":"(anonymous_1)","decl":{"start":{"line":30,"column":24},"end":{"line":30,"column":25}},"loc":{"start":{"line":30,"column":36},"end":{"line":46,"column":3}},"line":30},"2":{"name":"(anonymous_2)","decl":{"start":{"line":48,"column":24},"end":{"line":48,"column":25}},"loc":{"start":{"line":48,"column":33},"end":{"line":52,"column":3}},"line":48},"3":{"name":"(anonymous_3)","decl":{"start":{"line":54,"column":25},"end":{"line":54,"column":26}},"loc":{"start":{"line":54,"column":31},"end":{"line":56,"column":3}},"line":54}},"branchMap":{"0":{"loc":{"start":{"line":12,"column":4},"end":{"line":27,"column":5}},"type":"if","locations":[{"start":{"line":12,"column":4},"end":{"line":27,"column":5}},{"start":{"line":12,"column":4},"end":{"line":27,"column":5}}],"line":12},"1":{"loc":{"start":{"line":12,"column":8},"end":{"line":12,"column":70}},"type":"binary-expr","locations":[{"start":{"line":12,"column":8},"end":{"line":12,"column":37}},{"start":{"line":12,"column":41},"end":{"line":12,"column":70}}],"line":12},"2":{"loc":{"start":{"line":23,"column":11},"end":{"line":23,"column":68}},"type":"binary-expr","locations":[{"start":{"line":23,"column":11},"end":{"line":23,"column":32}},{"start":{"line":23,"column":36},"end":{"line":23,"column":68}}],"line":23}},"s":{"0":3,"1":1,"2":2,"3":1,"4":0,"5":1,"6":1},"f":{"0":3,"1":1,"2":0,"3":1},"b":{"0":[1,2],"1":[3,2],"2":[2,2]},"_coverageSchema":"332fd63041d2c1bcb487cc26dd0d5f7d97098a6c","hash":"40a0986cb6a18a5312677b97c9b399d6f5b732a0"}
,"/Users/bjorntvedten/iCloud Drive (arkiv) - 1/Documents/NTNU/Informatikk/H2018/IT2810/prosjekt3/it2810-webutvikling-h18-prosjekt-3-10/prosjekt3/assets/fonts/SpaceMono-Regular.ttf": {"path":"/Users/bjorntvedten/iCloud Drive (arkiv) - 1/Documents/NTNU/Informatikk/H2018/IT2810/prosjekt3/it2810-webutvikling-h18-prosjekt-3-10/prosjekt3/assets/fonts/SpaceMono-Regular.ttf","statementMap":{"0":{"start":{"line":1,"column":0},"end":{"line":1,"column":19}}},"fnMap":{},"branchMap":{},"s":{"0":1},"f":{},"b":{},"_coverageSchema":"332fd63041d2c1bcb487cc26dd0d5f7d97098a6c","hash":"302492223f47813c32f291fa3fdd0c997381f916"}
,"/Users/bjorntvedten/iCloud Drive (arkiv) - 1/Documents/NTNU/Informatikk/H2018/IT2810/prosjekt3/it2810-webutvikling-h18-prosjekt-3-10/prosjekt3/assets/images/alone.gif": {"path":"/Users/bjorntvedten/iCloud Drive (arkiv) - 1/Documents/NTNU/Informatikk/H2018/IT2810/prosjekt3/it2810-webutvikling-h18-prosjekt-3-10/prosjekt3/assets/images/alone.gif","statementMap":{"0":{"start":{"line":1,"column":0},"end":{"line":1,"column":19}}},"fnMap":{},"branchMap":{},"s":{"0":1},"f":{},"b":{},"_coverageSchema":"332fd63041d2c1bcb487cc26dd0d5f7d97098a6c","hash":"86b06f16873e68d8a21ac94c7617d6bf4ed5fec8"}
,"/Users/bjorntvedten/iCloud Drive (arkiv) - 1/Documents/NTNU/Informatikk/H2018/IT2810/prosjekt3/it2810-webutvikling-h18-prosjekt-3-10/prosjekt3/assets/images/loading.gif": {"path":"/Users/bjorntvedten/iCloud Drive (arkiv) - 1/Documents/NTNU/Informatikk/H2018/IT2810/prosjekt3/it2810-webutvikling-h18-prosjekt-3-10/prosjekt3/assets/images/loading.gif","statementMap":{"0":{"start":{"line":1,"column":0},"end":{"line":1,"column":19}}},"fnMap":{},"branchMap":{},"s":{"0":1},"f":{},"b":{},"_coverageSchema":"332fd63041d2c1bcb487cc26dd0d5f7d97098a6c","hash":"40dc39110e36bb782341b0cdc691e7eabdb4b5e0"}
,"/Users/bjorntvedten/iCloud Drive (arkiv) - 1/Documents/NTNU/Informatikk/H2018/IT2810/prosjekt3/it2810-webutvikling-h18-prosjekt-3-10/prosjekt3/assets/images/profileBackground3.jpg": {"path":"/Users/bjorntvedten/iCloud Drive (arkiv) - 1/Documents/NTNU/Informatikk/H2018/IT2810/prosjekt3/it2810-webutvikling-h18-prosjekt-3-10/prosjekt3/assets/images/profileBackground3.jpg","statementMap":{"0":{"start":{"line":1,"column":0},"end":{"line":1,"column":19}}},"fnMap":{},"branchMap":{},"s":{"0":2},"f":{},"b":{},"_coverageSchema":"332fd63041d2c1bcb487cc26dd0d5f7d97098a6c","hash":"55d20827a545c5e7740c111870243ac297ea5fe5"}
,"/Users/bjorntvedten/iCloud Drive (arkiv) - 1/Documents/NTNU/Informatikk/H2018/IT2810/prosjekt3/it2810-webutvikling-h18-prosjekt-3-10/prosjekt3/assets/images/profileEmail.png": {"path":"/Users/bjorntvedten/iCloud Drive (arkiv) - 1/Documents/NTNU/Informatikk/H2018/IT2810/prosjekt3/it2810-webutvikling-h18-prosjekt-3-10/prosjekt3/assets/images/profileEmail.png","statementMap":{"0":{"start":{"line":1,"column":0},"end":{"line":1,"column":19}}},"fnMap":{},"branchMap":{},"s":{"0":2},"f":{},"b":{},"_coverageSchema":"332fd63041d2c1bcb487cc26dd0d5f7d97098a6c","hash":"af132148283b0ad5782cf51e81ca6113940227ec"}
,"/Users/bjorntvedten/iCloud Drive (arkiv) - 1/Documents/NTNU/Informatikk/H2018/IT2810/prosjekt3/it2810-webutvikling-h18-prosjekt-3-10/prosjekt3/assets/images/profileHeight.png": {"path":"/Users/bjorntvedten/iCloud Drive (arkiv) - 1/Documents/NTNU/Informatikk/H2018/IT2810/prosjekt3/it2810-webutvikling-h18-prosjekt-3-10/prosjekt3/assets/images/profileHeight.png","statementMap":{"0":{"start":{"line":1,"column":0},"end":{"line":1,"column":19}}},"fnMap":{},"branchMap":{},"s":{"0":2},"f":{},"b":{},"_coverageSchema":"332fd63041d2c1bcb487cc26dd0d5f7d97098a6c","hash":"9d6cd54e5b0f3d5abed5c40d01d43e7790163b9f"}
,"/Users/bjorntvedten/iCloud Drive (arkiv) - 1/Documents/NTNU/Informatikk/H2018/IT2810/prosjekt3/it2810-webutvikling-h18-prosjekt-3-10/prosjekt3/assets/images/profileTown.png": {"path":"/Users/bjorntvedten/iCloud Drive (arkiv) - 1/Documents/NTNU/Informatikk/H2018/IT2810/prosjekt3/it2810-webutvikling-h18-prosjekt-3-10/prosjekt3/assets/images/profileTown.png","statementMap":{"0":{"start":{"line":1,"column":0},"end":{"line":1,"column":19}}},"fnMap":{},"branchMap":{},"s":{"0":2},"f":{},"b":{},"_coverageSchema":"332fd63041d2c1bcb487cc26dd0d5f7d97098a6c","hash":"944df4c53213660ea782afe6d5bebe281f28f51e"}
,"/Users/bjorntvedten/iCloud Drive (arkiv) - 1/Documents/NTNU/Informatikk/H2018/IT2810/prosjekt3/it2810-webutvikling-h18-prosjekt-3-10/prosjekt3/assets/images/profileWeight.png": {"path":"/Users/bjorntvedten/iCloud Drive (arkiv) - 1/Documents/NTNU/Informatikk/H2018/IT2810/prosjekt3/it2810-webutvikling-h18-prosjekt-3-10/prosjekt3/assets/images/profileWeight.png","statementMap":{"0":{"start":{"line":1,"column":0},"end":{"line":1,"column":19}}},"fnMap":{},"branchMap":{},"s":{"0":2},"f":{},"b":{},"_coverageSchema":"332fd63041d2c1bcb487cc26dd0d5f7d97098a6c","hash":"b8247f2971a710107f5f30972b6edbab729ad09f"}
,"/Users/bjorntvedten/iCloud Drive (arkiv) - 1/Documents/NTNU/Informatikk/H2018/IT2810/prosjekt3/it2810-webutvikling-h18-prosjekt-3-10/prosjekt3/assets/images/robot-dev.png": {"path":"/Users/bjorntvedten/iCloud Drive (arkiv) - 1/Documents/NTNU/Informatikk/H2018/IT2810/prosjekt3/it2810-webutvikling-h18-prosjekt-3-10/prosjekt3/assets/images/robot-dev.png","statementMap":{"0":{"start":{"line":1,"column":0},"end":{"line":1,"column":19}}},"fnMap":{},"branchMap":{},"s":{"0":1},"f":{},"b":{},"_coverageSchema":"332fd63041d2c1bcb487cc26dd0d5f7d97098a6c","hash":"6e2e10164b63d9ca178ba744d5af4837c9e87bb5"}
,"/Users/bjorntvedten/iCloud Drive (arkiv) - 1/Documents/NTNU/Informatikk/H2018/IT2810/prosjekt3/it2810-webutvikling-h18-prosjekt-3-10/prosjekt3/assets/images/robot-prod.png": {"path":"/Users/bjorntvedten/iCloud Drive (arkiv) - 1/Documents/NTNU/Informatikk/H2018/IT2810/prosjekt3/it2810-webutvikling-h18-prosjekt-3-10/prosjekt3/assets/images/robot-prod.png","statementMap":{"0":{"start":{"line":1,"column":0},"end":{"line":1,"column":19}}},"fnMap":{},"branchMap":{},"s":{"0":1},"f":{},"b":{},"_coverageSchema":"332fd63041d2c1bcb487cc26dd0d5f7d97098a6c","hash":"0e9310f515d328e7498eff6e54ff9da1caac2595"}
,"/Users/bjorntvedten/iCloud Drive (arkiv) - 1/Documents/NTNU/Informatikk/H2018/IT2810/prosjekt3/it2810-webutvikling-h18-prosjekt-3-10/prosjekt3/assets/images/watch.png": {"path":"/Users/bjorntvedten/iCloud Drive (arkiv) - 1/Documents/NTNU/Informatikk/H2018/IT2810/prosjekt3/it2810-webutvikling-h18-prosjekt-3-10/prosjekt3/assets/images/watch.png","statementMap":{"0":{"start":{"line":1,"column":0},"end":{"line":1,"column":19}}},"fnMap":{},"branchMap":{},"s":{"0":1},"f":{},"b":{},"_coverageSchema":"332fd63041d2c1bcb487cc26dd0d5f7d97098a6c","hash":"b84ad339de887738108d352451f11dbe09e4e8fe"}
,"/Users/bjorntvedten/iCloud Drive (arkiv) - 1/Documents/NTNU/Informatikk/H2018/IT2810/prosjekt3/it2810-webutvikling-h18-prosjekt-3-10/prosjekt3/components/AddContactModal.js": {"path":"/Users/bjorntvedten/iCloud Drive (arkiv) - 1/Documents/NTNU/Informatikk/H2018/IT2810/prosjekt3/it2810-webutvikling-h18-prosjekt-3-10/prosjekt3/components/AddContactModal.js","statementMap":{"0":{"start":{"line":20,"column":8},"end":{"line":20,"column":21}},"1":{"start":{"line":21,"column":8},"end":{"line":26,"column":9}},"2":{"start":{"line":33,"column":19},"end":{"line":33,"column":86}},"3":{"start":{"line":34,"column":8},"end":{"line":34,"column":17}},"4":{"start":{"line":38,"column":8},"end":{"line":139,"column":9}},"5":{"start":{"line":65,"column":32},"end":{"line":67,"column":34}},"6":{"start":{"line":78,"column":32},"end":{"line":80,"column":34}},"7":{"start":{"line":92,"column":36},"end":{"line":94,"column":38}},"8":{"start":{"line":108,"column":40},"end":{"line":108,"column":50}},"9":{"start":{"line":112,"column":52},"end":{"line":117,"column":37}},"10":{"start":{"line":120,"column":36},"end":{"line":125,"column":38}},"11":{"start":{"line":128,"column":36},"end":{"line":128,"column":62}},"12":{"start":{"line":131,"column":36},"end":{"line":131,"column":62}},"13":{"start":{"line":143,"column":15},"end":{"line":181,"column":2}}},"fnMap":{"0":{"name":"(anonymous_0)","decl":{"start":{"line":19,"column":4},"end":{"line":19,"column":5}},"loc":{"start":{"line":19,"column":23},"end":{"line":27,"column":5}},"line":19},"1":{"name":"(anonymous_1)","decl":{"start":{"line":32,"column":17},"end":{"line":32,"column":18}},"loc":{"start":{"line":32,"column":23},"end":{"line":35,"column":5}},"line":32},"2":{"name":"(anonymous_2)","decl":{"start":{"line":37,"column":4},"end":{"line":37,"column":5}},"loc":{"start":{"line":37,"column":13},"end":{"line":140,"column":5}},"line":37},"3":{"name":"(anonymous_3)","decl":{"start":{"line":64,"column":42},"end":{"line":64,"column":43}},"loc":{"start":{"line":64,"column":50},"end":{"line":68,"column":29}},"line":64},"4":{"name":"(anonymous_4)","decl":{"start":{"line":77,"column":42},"end":{"line":77,"column":43}},"loc":{"start":{"line":77,"column":50},"end":{"line":81,"column":29}},"line":77},"5":{"name":"(anonymous_5)","decl":{"start":{"line":91,"column":46},"end":{"line":91,"column":47}},"loc":{"start":{"line":91,"column":58},"end":{"line":95,"column":33}},"line":91},"6":{"name":"(anonymous_6)","decl":{"start":{"line":103,"column":41},"end":{"line":103,"column":42}},"loc":{"start":{"line":103,"column":45},"end":{"line":132,"column":33}},"line":103}},"branchMap":{},"s":{"0":0,"1":0,"2":0,"3":0,"4":0,"5":0,"6":0,"7":0,"8":0,"9":0,"10":0,"11":0,"12":0,"13":2},"f":{"0":0,"1":0,"2":0,"3":0,"4":0,"5":0,"6":0},"b":{},"_coverageSchema":"332fd63041d2c1bcb487cc26dd0d5f7d97098a6c","hash":"9bd32886ad981608986c32dfe2e4fa24e960a162"}
,"/Users/bjorntvedten/iCloud Drive (arkiv) - 1/Documents/NTNU/Informatikk/H2018/IT2810/prosjekt3/it2810-webutvikling-h18-prosjekt-3-10/prosjekt3/components/AppointmentInfoHomescreenModal.js": {"path":"/Users/bjorntvedten/iCloud Drive (arkiv) - 1/Documents/NTNU/Informatikk/H2018/IT2810/prosjekt3/it2810-webutvikling-h18-prosjekt-3-10/prosjekt3/components/AppointmentInfoHomescreenModal.js","statementMap":{"0":{"start":{"line":16,"column":8},"end":{"line":16,"column":21}},"1":{"start":{"line":17,"column":8},"end":{"line":23,"column":10}},"2":{"start":{"line":27,"column":8},"end":{"line":27,"column":49}},"3":{"start":{"line":32,"column":8},"end":{"line":32,"column":27}},"4":{"start":{"line":33,"column":8},"end":{"line":33,"column":28}},"5":{"start":{"line":38,"column":8},"end":{"line":38,"column":27}},"6":{"start":{"line":43,"column":8},"end":{"line":43,"column":29}},"7":{"start":{"line":48,"column":8},"end":{"line":56,"column":9}},"8":{"start":{"line":61,"column":8},"end":{"line":77,"column":9}},"9":{"start":{"line":62,"column":30},"end":{"line":62,"column":66}},"10":{"start":{"line":63,"column":27},"end":{"line":63,"column":48}},"11":{"start":{"line":64,"column":12},"end":{"line":73,"column":13}},"12":{"start":{"line":65,"column":16},"end":{"line":67,"column":19}},"13":{"start":{"line":70,"column":16},"end":{"line":72,"column":18}},"14":{"start":{"line":76,"column":12},"end":{"line":76,"column":42}},"15":{"start":{"line":82,"column":8},"end":{"line":88,"column":10}},"16":{"start":{"line":93,"column":8},"end":{"line":98,"column":10}},"17":{"start":{"line":102,"column":8},"end":{"line":102,"column":35}},"18":{"start":{"line":106,"column":21},"end":{"line":106,"column":35}},"19":{"start":{"line":107,"column":8},"end":{"line":107,"column":48}},"20":{"start":{"line":112,"column":8},"end":{"line":164,"column":9}},"21":{"start":{"line":122,"column":24},"end":{"line":122,"column":71}},"22":{"start":{"line":141,"column":32},"end":{"line":141,"column":79}},"23":{"start":{"line":152,"column":24},"end":{"line":152,"column":51}},"24":{"start":{"line":167,"column":8},"end":{"line":171,"column":9}},"25":{"start":{"line":175,"column":15},"end":{"line":267,"column":2}}},"fnMap":{"0":{"name":"(anonymous_0)","decl":{"start":{"line":15,"column":4},"end":{"line":15,"column":5}},"loc":{"start":{"line":15,"column":23},"end":{"line":24,"column":5}},"line":15},"1":{"name":"(anonymous_1)","decl":{"start":{"line":26,"column":4},"end":{"line":26,"column":5}},"loc":{"start":{"line":26,"column":29},"end":{"line":28,"column":5}},"line":26},"2":{"name":"(anonymous_2)","decl":{"start":{"line":31,"column":24},"end":{"line":31,"column":25}},"loc":{"start":{"line":31,"column":30},"end":{"line":34,"column":5}},"line":31},"3":{"name":"(anonymous_3)","decl":{"start":{"line":37,"column":25},"end":{"line":37,"column":26}},"loc":{"start":{"line":37,"column":31},"end":{"line":39,"column":5}},"line":37},"4":{"name":"(anonymous_4)","decl":{"start":{"line":42,"column":27},"end":{"line":42,"column":28}},"loc":{"start":{"line":42,"column":33},"end":{"line":45,"column":5}},"line":42},"5":{"name":"(anonymous_5)","decl":{"start":{"line":47,"column":15},"end":{"line":47,"column":16}},"loc":{"start":{"line":47,"column":21},"end":{"line":57,"column":5}},"line":47},"6":{"name":"(anonymous_6)","decl":{"start":{"line":60,"column":19},"end":{"line":60,"column":20}},"loc":{"start":{"line":60,"column":31},"end":{"line":78,"column":5}},"line":60},"7":{"name":"(anonymous_7)","decl":{"start":{"line":81,"column":4},"end":{"line":81,"column":5}},"loc":{"start":{"line":81,"column":21},"end":{"line":89,"column":5}},"line":81},"8":{"name":"(anonymous_8)","decl":{"start":{"line":92,"column":4},"end":{"line":92,"column":5}},"loc":{"start":{"line":92,"column":22},"end":{"line":99,"column":5}},"line":92},"9":{"name":"(anonymous_9)","decl":{"start":{"line":101,"column":4},"end":{"line":101,"column":5}},"loc":{"start":{"line":101,"column":26},"end":{"line":103,"column":5}},"line":101},"10":{"name":"(anonymous_10)","decl":{"start":{"line":105,"column":4},"end":{"line":105,"column":5}},"loc":{"start":{"line":105,"column":23},"end":{"line":108,"column":5}},"line":105},"11":{"name":"(anonymous_11)","decl":{"start":{"line":111,"column":23},"end":{"line":111,"column":24}},"loc":{"start":{"line":111,"column":29},"end":{"line":165,"column":5}},"line":111},"12":{"name":"(anonymous_12)","decl":{"start":{"line":121,"column":36},"end":{"line":121,"column":37}},"loc":{"start":{"line":121,"column":42},"end":{"line":123,"column":21}},"line":121},"13":{"name":"(anonymous_13)","decl":{"start":{"line":140,"column":37},"end":{"line":140,"column":38}},"loc":{"start":{"line":140,"column":43},"end":{"line":142,"column":29}},"line":140},"14":{"name":"(anonymous_14)","decl":{"start":{"line":151,"column":29},"end":{"line":151,"column":30}},"loc":{"start":{"line":151,"column":35},"end":{"line":153,"column":21}},"line":151},"15":{"name":"(anonymous_15)","decl":{"start":{"line":166,"column":4},"end":{"line":166,"column":5}},"loc":{"start":{"line":166,"column":13},"end":{"line":172,"column":5}},"line":166}},"branchMap":{"0":{"loc":{"start":{"line":64,"column":12},"end":{"line":73,"column":13}},"type":"if","locations":[{"start":{"line":64,"column":12},"end":{"line":73,"column":13}},{"start":{"line":64,"column":12},"end":{"line":73,"column":13}}],"line":64},"1":{"loc":{"start":{"line":64,"column":16},"end":{"line":64,"column":47}},"type":"binary-expr","locations":[{"start":{"line":64,"column":16},"end":{"line":64,"column":30}},{"start":{"line":64,"column":34},"end":{"line":64,"column":47}}],"line":64}},"s":{"0":0,"1":0,"2":0,"3":0,"4":0,"5":0,"6":0,"7":0,"8":0,"9":0,"10":0,"11":0,"12":0,"13":0,"14":0,"15":0,"16":0,"17":0,"18":0,"19":0,"20":0,"21":0,"22":0,"23":0,"24":0,"25":1},"f":{"0":0,"1":0,"2":0,"3":0,"4":0,"5":0,"6":0,"7":0,"8":0,"9":0,"10":0,"11":0,"12":0,"13":0,"14":0,"15":0},"b":{"0":[0,0],"1":[0,0]},"_coverageSchema":"332fd63041d2c1bcb487cc26dd0d5f7d97098a6c","hash":"ff5c45bfabf32e8150a5451b0ac0d1fe1ac6c293"}
,"/Users/bjorntvedten/iCloud Drive (arkiv) - 1/Documents/NTNU/Informatikk/H2018/IT2810/prosjekt3/it2810-webutvikling-h18-prosjekt-3-10/prosjekt3/components/ContactInformationModal.js": {"path":"/Users/bjorntvedten/iCloud Drive (arkiv) - 1/Documents/NTNU/Informatikk/H2018/IT2810/prosjekt3/it2810-webutvikling-h18-prosjekt-3-10/prosjekt3/components/ContactInformationModal.js","statementMap":{"0":{"start":{"line":15,"column":21},"end":{"line":45,"column":1}},"1":{"start":{"line":16,"column":4},"end":{"line":44,"column":5}},"2":{"start":{"line":47,"column":15},"end":{"line":65,"column":2}}},"fnMap":{"0":{"name":"(anonymous_0)","decl":{"start":{"line":15,"column":21},"end":{"line":15,"column":22}},"loc":{"start":{"line":15,"column":67},"end":{"line":45,"column":1}},"line":15}},"branchMap":{"0":{"loc":{"start":{"line":15,"column":24},"end":{"line":15,"column":36}},"type":"default-arg","locations":[{"start":{"line":15,"column":34},"end":{"line":15,"column":36}}],"line":15},"1":{"loc":{"start":{"line":32,"column":24},"end":{"line":32,"column":115}},"type":"cond-expr","locations":[{"start":{"line":32,"column":49},"end":{"line":32,"column":73}},{"start":{"line":32,"column":76},"end":{"line":32,"column":115}}],"line":32},"2":{"loc":{"start":{"line":40,"column":26},"end":{"line":40,"column":80}},"type":"binary-expr","locations":[{"start":{"line":40,"column":26},"end":{"line":40,"column":46}},{"start":{"line":40,"column":50},"end":{"line":40,"column":80}}],"line":40}},"s":{"0":2,"1":0,"2":2},"f":{"0":0},"b":{"0":[0],"1":[0,0],"2":[0,0]},"_coverageSchema":"332fd63041d2c1bcb487cc26dd0d5f7d97098a6c","hash":"c50600ad7b76bf215f3ca395234104705e955589"}
,"/Users/bjorntvedten/iCloud Drive (arkiv) - 1/Documents/NTNU/Informatikk/H2018/IT2810/prosjekt3/it2810-webutvikling-h18-prosjekt-3-10/prosjekt3/components/ContactsList.js": {"path":"/Users/bjorntvedten/iCloud Drive (arkiv) - 1/Documents/NTNU/Informatikk/H2018/IT2810/prosjekt3/it2810-webutvikling-h18-prosjekt-3-10/prosjekt3/components/ContactsList.js","statementMap":{"0":{"start":{"line":18,"column":21},"end":{"line":85,"column":1}},"1":{"start":{"line":21,"column":25},"end":{"line":41,"column":5}},"2":{"start":{"line":22,"column":8},"end":{"line":40,"column":9}},"3":{"start":{"line":26,"column":40},"end":{"line":26,"column":47}},"4":{"start":{"line":28,"column":20},"end":{"line":36,"column":22}},"5":{"start":{"line":33,"column":39},"end":{"line":33,"column":63}},"6":{"start":{"line":35,"column":60},"end":{"line":35,"column":111}},"7":{"start":{"line":35,"column":120},"end":{"line":35,"column":138}},"8":{"start":{"line":43,"column":24},"end":{"line":43,"column":71}},"9":{"start":{"line":44,"column":4},"end":{"line":84,"column":5}},"10":{"start":{"line":45,"column":8},"end":{"line":60,"column":9}},"11":{"start":{"line":63,"column":8},"end":{"line":83,"column":9}},"12":{"start":{"line":87,"column":15},"end":{"line":105,"column":2}}},"fnMap":{"0":{"name":"(anonymous_0)","decl":{"start":{"line":18,"column":21},"end":{"line":18,"column":22}},"loc":{"start":{"line":18,"column":134},"end":{"line":85,"column":1}},"line":18},"1":{"name":"(anonymous_1)","decl":{"start":{"line":21,"column":25},"end":{"line":21,"column":26}},"loc":{"start":{"line":21,"column":37},"end":{"line":41,"column":5}},"line":21},"2":{"name":"(anonymous_2)","decl":{"start":{"line":26,"column":30},"end":{"line":26,"column":31}},"loc":{"start":{"line":26,"column":40},"end":{"line":26,"column":47}},"line":26},"3":{"name":"(anonymous_3)","decl":{"start":{"line":27,"column":28},"end":{"line":27,"column":29}},"loc":{"start":{"line":28,"column":20},"end":{"line":36,"column":22}},"line":28},"4":{"name":"(anonymous_4)","decl":{"start":{"line":33,"column":33},"end":{"line":33,"column":34}},"loc":{"start":{"line":33,"column":39},"end":{"line":33,"column":63}},"line":33},"5":{"name":"(anonymous_5)","decl":{"start":{"line":35,"column":54},"end":{"line":35,"column":55}},"loc":{"start":{"line":35,"column":60},"end":{"line":35,"column":111}},"line":35},"6":{"name":"(anonymous_6)","decl":{"start":{"line":35,"column":114},"end":{"line":35,"column":115}},"loc":{"start":{"line":35,"column":120},"end":{"line":35,"column":138}},"line":35}},"branchMap":{"0":{"loc":{"start":{"line":18,"column":24},"end":{"line":18,"column":42}},"type":"default-arg","locations":[{"start":{"line":18,"column":40},"end":{"line":18,"column":42}}],"line":18},"1":{"loc":{"start":{"line":18,"column":44},"end":{"line":18,"column":65}},"type":"default-arg","locations":[{"start":{"line":18,"column":63},"end":{"line":18,"column":65}}],"line":18},"2":{"loc":{"start":{"line":32,"column":32},"end":{"line":32,"column":117}},"type":"cond-expr","locations":[{"start":{"line":32,"column":54},"end":{"line":32,"column":75}},{"start":{"line":32,"column":78},"end":{"line":32,"column":117}}],"line":32},"3":{"loc":{"start":{"line":35,"column":37},"end":{"line":35,"column":138}},"type":"cond-expr","locations":[{"start":{"line":35,"column":54},"end":{"line":35,"column":111}},{"start":{"line":35,"column":114},"end":{"line":35,"column":138}}],"line":35},"4":{"loc":{"start":{"line":43,"column":24},"end":{"line":43,"column":71}},"type":"binary-expr","locations":[{"start":{"line":43,"column":24},"end":{"line":43,"column":47}},{"start":{"line":43,"column":51},"end":{"line":43,"column":71}}],"line":43},"5":{"loc":{"start":{"line":44,"column":4},"end":{"line":84,"column":5}},"type":"if","locations":[{"start":{"line":44,"column":4},"end":{"line":84,"column":5}},{"start":{"line":44,"column":4},"end":{"line":84,"column":5}}],"line":44},"6":{"loc":{"start":{"line":55,"column":24},"end":{"line":55,"column":105}},"type":"binary-expr","locations":[{"start":{"line":55,"column":24},"end":{"line":55,"column":52}},{"start":{"line":55,"column":56},"end":{"line":55,"column":105}}],"line":55}},"s":{"0":2,"1":0,"2":0,"3":0,"4":0,"5":0,"6":0,"7":0,"8":0,"9":0,"10":0,"11":0,"12":2},"f":{"0":0,"1":0,"2":0,"3":0,"4":0,"5":0,"6":0},"b":{"0":[0],"1":[0],"2":[0,0],"3":[0,0],"4":[0,0],"5":[0,0],"6":[0,0]},"_coverageSchema":"332fd63041d2c1bcb487cc26dd0d5f7d97098a6c","hash":"96dbe0689b45db09bedad6793aa505b24561814c"}
,"/Users/bjorntvedten/iCloud Drive (arkiv) - 1/Documents/NTNU/Informatikk/H2018/IT2810/prosjekt3/it2810-webutvikling-h18-prosjekt-3-10/prosjekt3/components/Loading.js": {"path":"/Users/bjorntvedten/iCloud Drive (arkiv) - 1/Documents/NTNU/Informatikk/H2018/IT2810/prosjekt3/it2810-webutvikling-h18-prosjekt-3-10/prosjekt3/components/Loading.js","statementMap":{"0":{"start":{"line":9,"column":16},"end":{"line":23,"column":1}},"1":{"start":{"line":10,"column":4},"end":{"line":22,"column":5}},"2":{"start":{"line":25,"column":15},"end":{"line":29,"column":2}}},"fnMap":{"0":{"name":"(anonymous_0)","decl":{"start":{"line":9,"column":16},"end":{"line":9,"column":17}},"loc":{"start":{"line":9,"column":22},"end":{"line":23,"column":1}},"line":9}},"branchMap":{},"s":{"0":2,"1":0,"2":2},"f":{"0":0},"b":{},"_coverageSchema":"332fd63041d2c1bcb487cc26dd0d5f7d97098a6c","hash":"54d664253c0430a431181a0f4fe6f1d42c450307"}
,"/Users/bjorntvedten/iCloud Drive (arkiv) - 1/Documents/NTNU/Informatikk/H2018/IT2810/prosjekt3/it2810-webutvikling-h18-prosjekt-3-10/prosjekt3/components/PedometerHomescreen.js": {"path":"/Users/bjorntvedten/iCloud Drive (arkiv) - 1/Documents/NTNU/Informatikk/H2018/IT2810/prosjekt3/it2810-webutvikling-h18-prosjekt-3-10/prosjekt3/components/PedometerHomescreen.js","statementMap":{"0":{"start":{"line":9,"column":8},"end":{"line":9,"column":21}},"1":{"start":{"line":10,"column":8},"end":{"line":13,"column":9}},"2":{"start":{"line":18,"column":8},"end":{"line":18,"column":27}},"3":{"start":{"line":19,"column":8},"end":{"line":19,"column":26}},"4":{"start":{"line":24,"column":8},"end":{"line":24,"column":27}},"5":{"start":{"line":25,"column":8},"end":{"line":41,"column":10}},"6":{"start":{"line":26,"column":12},"end":{"line":30,"column":15}},"7":{"start":{"line":27,"column":16},"end":{"line":29,"column":19}},"8":{"start":{"line":31,"column":12},"end":{"line":40,"column":14}},"9":{"start":{"line":33,"column":20},"end":{"line":33,"column":68}},"10":{"start":{"line":36,"column":20},"end":{"line":38,"column":23}},"11":{"start":{"line":47,"column":8},"end":{"line":62,"column":9}},"12":{"start":{"line":48,"column":25},"end":{"line":48,"column":59}},"13":{"start":{"line":49,"column":12},"end":{"line":58,"column":13}},"14":{"start":{"line":50,"column":16},"end":{"line":52,"column":19}},"15":{"start":{"line":55,"column":16},"end":{"line":57,"column":18}},"16":{"start":{"line":61,"column":12},"end":{"line":61,"column":42}},"17":{"start":{"line":67,"column":8},"end":{"line":71,"column":11}},"18":{"start":{"line":68,"column":12},"end":{"line":70,"column":15}},"19":{"start":{"line":72,"column":20},"end":{"line":72,"column":30}},"20":{"start":{"line":73,"column":22},"end":{"line":73,"column":32}},"21":{"start":{"line":74,"column":8},"end":{"line":74,"column":56}},"22":{"start":{"line":75,"column":8},"end":{"line":75,"column":62}},"23":{"start":{"line":76,"column":8},"end":{"line":85,"column":10}},"24":{"start":{"line":78,"column":16},"end":{"line":78,"column":64}},"25":{"start":{"line":81,"column":16},"end":{"line":83,"column":19}},"26":{"start":{"line":90,"column":22},"end":{"line":90,"column":47}},"27":{"start":{"line":91,"column":21},"end":{"line":91,"column":36}},"28":{"start":{"line":92,"column":22},"end":{"line":92,"column":68}},"29":{"start":{"line":93,"column":29},"end":{"line":93,"column":59}},"30":{"start":{"line":94,"column":23},"end":{"line":94,"column":46}},"31":{"start":{"line":95,"column":25},"end":{"line":95,"column":38}},"32":{"start":{"line":96,"column":8},"end":{"line":109,"column":9}},"33":{"start":{"line":112,"column":8},"end":{"line":116,"column":9}},"34":{"start":{"line":120,"column":15},"end":{"line":132,"column":2}}},"fnMap":{"0":{"name":"(anonymous_0)","decl":{"start":{"line":8,"column":4},"end":{"line":8,"column":5}},"loc":{"start":{"line":8,"column":23},"end":{"line":14,"column":5}},"line":8},"1":{"name":"(anonymous_1)","decl":{"start":{"line":17,"column":4},"end":{"line":17,"column":5}},"loc":{"start":{"line":17,"column":24},"end":{"line":20,"column":5}},"line":17},"2":{"name":"(anonymous_2)","decl":{"start":{"line":23,"column":4},"end":{"line":23,"column":5}},"loc":{"start":{"line":23,"column":25},"end":{"line":43,"column":5}},"line":23},"3":{"name":"(anonymous_3)","decl":{"start":{"line":25,"column":21},"end":{"line":25,"column":22}},"loc":{"start":{"line":25,"column":27},"end":{"line":41,"column":9}},"line":25},"4":{"name":"(anonymous_4)","decl":{"start":{"line":26,"column":58},"end":{"line":26,"column":59}},"loc":{"start":{"line":26,"column":68},"end":{"line":30,"column":13}},"line":26},"5":{"name":"(anonymous_5)","decl":{"start":{"line":32,"column":16},"end":{"line":32,"column":17}},"loc":{"start":{"line":32,"column":26},"end":{"line":34,"column":17}},"line":32},"6":{"name":"(anonymous_6)","decl":{"start":{"line":35,"column":16},"end":{"line":35,"column":17}},"loc":{"start":{"line":35,"column":25},"end":{"line":39,"column":17}},"line":35},"7":{"name":"(anonymous_7)","decl":{"start":{"line":46,"column":19},"end":{"line":46,"column":20}},"loc":{"start":{"line":46,"column":31},"end":{"line":63,"column":5}},"line":46},"8":{"name":"(anonymous_8)","decl":{"start":{"line":66,"column":17},"end":{"line":66,"column":18}},"loc":{"start":{"line":66,"column":23},"end":{"line":86,"column":5}},"line":66},"9":{"name":"(anonymous_9)","decl":{"start":{"line":67,"column":54},"end":{"line":67,"column":55}},"loc":{"start":{"line":67,"column":64},"end":{"line":71,"column":9}},"line":67},"10":{"name":"(anonymous_10)","decl":{"start":{"line":77,"column":12},"end":{"line":77,"column":13}},"loc":{"start":{"line":77,"column":22},"end":{"line":79,"column":13}},"line":77},"11":{"name":"(anonymous_11)","decl":{"start":{"line":80,"column":12},"end":{"line":80,"column":13}},"loc":{"start":{"line":80,"column":21},"end":{"line":84,"column":13}},"line":80},"12":{"name":"(anonymous_12)","decl":{"start":{"line":89,"column":21},"end":{"line":89,"column":22}},"loc":{"start":{"line":89,"column":27},"end":{"line":110,"column":5}},"line":89},"13":{"name":"(anonymous_13)","decl":{"start":{"line":111,"column":4},"end":{"line":111,"column":5}},"loc":{"start":{"line":111,"column":13},"end":{"line":117,"column":5}},"line":111}},"branchMap":{"0":{"loc":{"start":{"line":49,"column":12},"end":{"line":58,"column":13}},"type":"if","locations":[{"start":{"line":49,"column":12},"end":{"line":58,"column":13}},{"start":{"line":49,"column":12},"end":{"line":58,"column":13}}],"line":49},"1":{"loc":{"start":{"line":107,"column":57},"end":{"line":107,"column":102}},"type":"cond-expr","locations":[{"start":{"line":107,"column":76},"end":{"line":107,"column":82}},{"start":{"line":107,"column":85},"end":{"line":107,"column":102}}],"line":107},"2":{"loc":{"start":{"line":107,"column":57},"end":{"line":107,"column":73}},"type":"binary-expr","locations":[{"start":{"line":107,"column":57},"end":{"line":107,"column":62}},{"start":{"line":107,"column":66},"end":{"line":107,"column":73}}],"line":107}},"s":{"0":0,"1":0,"2":0,"3":0,"4":0,"5":0,"6":0,"7":0,"8":0,"9":0,"10":0,"11":0,"12":0,"13":0,"14":0,"15":0,"16":0,"17":0,"18":0,"19":0,"20":0,"21":0,"22":0,"23":0,"24":0,"25":0,"26":0,"27":0,"28":0,"29":0,"30":0,"31":0,"32":0,"33":0,"34":1},"f":{"0":0,"1":0,"2":0,"3":0,"4":0,"5":0,"6":0,"7":0,"8":0,"9":0,"10":0,"11":0,"12":0,"13":0},"b":{"0":[0,0],"1":[0,0],"2":[0,0]},"_coverageSchema":"332fd63041d2c1bcb487cc26dd0d5f7d97098a6c","hash":"ce349c6e078f8fedd0a7a71e1765406f05c76e3c"}
,"/Users/bjorntvedten/iCloud Drive (arkiv) - 1/Documents/NTNU/Informatikk/H2018/IT2810/prosjekt3/it2810-webutvikling-h18-prosjekt-3-10/prosjekt3/components/ProfileModal.js": {"path":"/Users/bjorntvedten/iCloud Drive (arkiv) - 1/Documents/NTNU/Informatikk/H2018/IT2810/prosjekt3/it2810-webutvikling-h18-prosjekt-3-10/prosjekt3/components/ProfileModal.js","statementMap":{"0":{"start":{"line":16,"column":8},"end":{"line":16,"column":21}},"1":{"start":{"line":17,"column":8},"end":{"line":19,"column":9}},"2":{"start":{"line":23,"column":8},"end":{"line":23,"column":49}},"3":{"start":{"line":27,"column":8},"end":{"line":78,"column":9}},"4":{"start":{"line":36,"column":24},"end":{"line":36,"column":71}},"5":{"start":{"line":46,"column":45},"end":{"line":46,"column":91}},"6":{"start":{"line":64,"column":24},"end":{"line":64,"column":51}},"7":{"start":{"line":81,"column":8},"end":{"line":85,"column":9}},"8":{"start":{"line":89,"column":15},"end":{"line":114,"column":2}}},"fnMap":{"0":{"name":"(anonymous_0)","decl":{"start":{"line":15,"column":4},"end":{"line":15,"column":5}},"loc":{"start":{"line":15,"column":23},"end":{"line":20,"column":5}},"line":15},"1":{"name":"(anonymous_1)","decl":{"start":{"line":22,"column":4},"end":{"line":22,"column":5}},"loc":{"start":{"line":22,"column":29},"end":{"line":24,"column":5}},"line":22},"2":{"name":"(anonymous_2)","decl":{"start":{"line":26,"column":17},"end":{"line":26,"column":18}},"loc":{"start":{"line":26,"column":23},"end":{"line":79,"column":5}},"line":26},"3":{"name":"(anonymous_3)","decl":{"start":{"line":35,"column":36},"end":{"line":35,"column":37}},"loc":{"start":{"line":35,"column":42},"end":{"line":37,"column":21}},"line":35},"4":{"name":"(anonymous_4)","decl":{"start":{"line":46,"column":37},"end":{"line":46,"column":38}},"loc":{"start":{"line":46,"column":43},"end":{"line":46,"column":93}},"line":46},"5":{"name":"(anonymous_5)","decl":{"start":{"line":63,"column":29},"end":{"line":63,"column":30}},"loc":{"start":{"line":63,"column":35},"end":{"line":65,"column":21}},"line":63},"6":{"name":"(anonymous_6)","decl":{"start":{"line":80,"column":4},"end":{"line":80,"column":5}},"loc":{"start":{"line":80,"column":13},"end":{"line":86,"column":5}},"line":80}},"branchMap":{"0":{"loc":{"start":{"line":97,"column":16},"end":{"line":97,"column":48}},"type":"cond-expr","locations":[{"start":{"line":97,"column":40},"end":{"line":97,"column":43}},{"start":{"line":97,"column":46},"end":{"line":97,"column":48}}],"line":97}},"s":{"0":1,"1":1,"2":0,"3":1,"4":0,"5":0,"6":0,"7":1,"8":2},"f":{"0":1,"1":0,"2":1,"3":0,"4":0,"5":0,"6":1},"b":{"0":[2,0]},"_coverageSchema":"332fd63041d2c1bcb487cc26dd0d5f7d97098a6c","hash":"7d7fbcaedc6614af650f5b9b9afeb1811453e0ba"}
,"/Users/bjorntvedten/iCloud Drive (arkiv) - 1/Documents/NTNU/Informatikk/H2018/IT2810/prosjekt3/it2810-webutvikling-h18-prosjekt-3-10/prosjekt3/components/StyledText.js": {"path":"/Users/bjorntvedten/iCloud Drive (arkiv) - 1/Documents/NTNU/Informatikk/H2018/IT2810/prosjekt3/it2810-webutvikling-h18-prosjekt-3-10/prosjekt3/components/StyledText.js","statementMap":{"0":{"start":{"line":6,"column":4},"end":{"line":6,"column":93}}},"fnMap":{"0":{"name":"(anonymous_0)","decl":{"start":{"line":5,"column":2},"end":{"line":5,"column":3}},"loc":{"start":{"line":5,"column":11},"end":{"line":7,"column":3}},"line":5}},"branchMap":{},"s":{"0":1},"f":{"0":1},"b":{},"_coverageSchema":"332fd63041d2c1bcb487cc26dd0d5f7d97098a6c","hash":"eb3461cd677544c8045cf9578bf428d1b9dd7383"}
,"/Users/bjorntvedten/iCloud Drive (arkiv) - 1/Documents/NTNU/Informatikk/H2018/IT2810/prosjekt3/it2810-webutvikling-h18-prosjekt-3-10/prosjekt3/components/TabBarIcon.js": {"path":"/Users/bjorntvedten/iCloud Drive (arkiv) - 1/Documents/NTNU/Informatikk/H2018/IT2810/prosjekt3/it2810-webutvikling-h18-prosjekt-3-10/prosjekt3/components/TabBarIcon.js","statementMap":{"0":{"start":{"line":8,"column":4},"end":{"line":15,"column":6}}},"fnMap":{"0":{"name":"(anonymous_0)","decl":{"start":{"line":7,"column":2},"end":{"line":7,"column":3}},"loc":{"start":{"line":7,"column":11},"end":{"line":16,"column":3}},"line":7}},"branchMap":{"0":{"loc":{"start":{"line":13,"column":15},"end":{"line":13,"column":82}},"type":"cond-expr","locations":[{"start":{"line":13,"column":36},"end":{"line":13,"column":58}},{"start":{"line":13,"column":61},"end":{"line":13,"column":82}}],"line":13}},"s":{"0":20},"f":{"0":20},"b":{"0":[10,10]},"_coverageSchema":"332fd63041d2c1bcb487cc26dd0d5f7d97098a6c","hash":"72cefc50b164397bac7e720b45af451831d0d79f"}
,"/Users/bjorntvedten/iCloud Drive (arkiv) - 1/Documents/NTNU/Informatikk/H2018/IT2810/prosjekt3/it2810-webutvikling-h18-prosjekt-3-10/prosjekt3/components/TodoHomescreen.js": {"path":"/Users/bjorntvedten/iCloud Drive (arkiv) - 1/Documents/NTNU/Informatikk/H2018/IT2810/prosjekt3/it2810-webutvikling-h18-prosjekt-3-10/prosjekt3/components/TodoHomescreen.js","statementMap":{"0":{"start":{"line":14,"column":4},"end":{"line":14,"column":17}},"1":{"start":{"line":15,"column":4},"end":{"line":18,"column":5}},"2":{"start":{"line":23,"column":4},"end":{"line":23,"column":23}},"3":{"start":{"line":28,"column":4},"end":{"line":28,"column":23}},"4":{"start":{"line":33,"column":4},"end":{"line":50,"column":5}},"5":{"start":{"line":34,"column":22},"end":{"line":34,"column":61}},"6":{"start":{"line":35,"column":19},"end":{"line":35,"column":38}},"7":{"start":{"line":37,"column":6},"end":{"line":46,"column":7}},"8":{"start":{"line":38,"column":8},"end":{"line":40,"column":11}},"9":{"start":{"line":43,"column":8},"end":{"line":45,"column":10}},"10":{"start":{"line":49,"column":6},"end":{"line":49,"column":36}},"11":{"start":{"line":55,"column":4},"end":{"line":72,"column":5}},"12":{"start":{"line":60,"column":36},"end":{"line":60,"column":54}},"13":{"start":{"line":63,"column":14},"end":{"line":68,"column":16}},"14":{"start":{"line":76,"column":4},"end":{"line":80,"column":5}},"15":{"start":{"line":84,"column":15},"end":{"line":98,"column":2}}},"fnMap":{"0":{"name":"(anonymous_0)","decl":{"start":{"line":13,"column":2},"end":{"line":13,"column":3}},"loc":{"start":{"line":13,"column":21},"end":{"line":19,"column":3}},"line":13},"1":{"name":"(anonymous_1)","decl":{"start":{"line":22,"column":2},"end":{"line":22,"column":3}},"loc":{"start":{"line":22,"column":22},"end":{"line":24,"column":3}},"line":22},"2":{"name":"(anonymous_2)","decl":{"start":{"line":27,"column":2},"end":{"line":27,"column":3}},"loc":{"start":{"line":27,"column":23},"end":{"line":29,"column":3}},"line":27},"3":{"name":"(anonymous_3)","decl":{"start":{"line":32,"column":17},"end":{"line":32,"column":18}},"loc":{"start":{"line":32,"column":29},"end":{"line":51,"column":3}},"line":32},"4":{"name":"(anonymous_4)","decl":{"start":{"line":54,"column":16},"end":{"line":54,"column":17}},"loc":{"start":{"line":54,"column":22},"end":{"line":73,"column":3}},"line":54},"5":{"name":"(anonymous_5)","decl":{"start":{"line":60,"column":26},"end":{"line":60,"column":27}},"loc":{"start":{"line":60,"column":36},"end":{"line":60,"column":54}},"line":60},"6":{"name":"(anonymous_6)","decl":{"start":{"line":62,"column":24},"end":{"line":62,"column":25}},"loc":{"start":{"line":63,"column":14},"end":{"line":68,"column":16}},"line":63},"7":{"name":"(anonymous_7)","decl":{"start":{"line":75,"column":2},"end":{"line":75,"column":3}},"loc":{"start":{"line":75,"column":11},"end":{"line":81,"column":3}},"line":75}},"branchMap":{"0":{"loc":{"start":{"line":37,"column":6},"end":{"line":46,"column":7}},"type":"if","locations":[{"start":{"line":37,"column":6},"end":{"line":46,"column":7}},{"start":{"line":37,"column":6},"end":{"line":46,"column":7}}],"line":37}},"s":{"0":0,"1":0,"2":0,"3":0,"4":0,"5":0,"6":0,"7":0,"8":0,"9":0,"10":0,"11":0,"12":0,"13":0,"14":0,"15":1},"f":{"0":0,"1":0,"2":0,"3":0,"4":0,"5":0,"6":0,"7":0},"b":{"0":[0,0]},"_coverageSchema":"332fd63041d2c1bcb487cc26dd0d5f7d97098a6c","hash":"96b2ee56e76d65430307c21eab26c2208f5d2e16"}
,"/Users/bjorntvedten/iCloud Drive (arkiv) - 1/Documents/NTNU/Informatikk/H2018/IT2810/prosjekt3/it2810-webutvikling-h18-prosjekt-3-10/prosjekt3/components/pedometer.js": {"path":"/Users/bjorntvedten/iCloud Drive (arkiv) - 1/Documents/NTNU/Informatikk/H2018/IT2810/prosjekt3/it2810-webutvikling-h18-prosjekt-3-10/prosjekt3/components/pedometer.js","statementMap":{"0":{"start":{"line":14,"column":4},"end":{"line":14,"column":17}},"1":{"start":{"line":15,"column":4},"end":{"line":22,"column":6}},"2":{"start":{"line":26,"column":4},"end":{"line":26,"column":22}},"3":{"start":{"line":27,"column":4},"end":{"line":27,"column":24}},"4":{"start":{"line":31,"column":4},"end":{"line":31,"column":24}},"5":{"start":{"line":35,"column":4},"end":{"line":39,"column":7}},"6":{"start":{"line":36,"column":6},"end":{"line":38,"column":9}},"7":{"start":{"line":41,"column":4},"end":{"line":52,"column":6}},"8":{"start":{"line":43,"column":8},"end":{"line":45,"column":11}},"9":{"start":{"line":48,"column":8},"end":{"line":50,"column":11}},"10":{"start":{"line":54,"column":16},"end":{"line":54,"column":26}},"11":{"start":{"line":55,"column":18},"end":{"line":55,"column":28}},"12":{"start":{"line":56,"column":4},"end":{"line":56,"column":52}},"13":{"start":{"line":57,"column":4},"end":{"line":57,"column":58}},"14":{"start":{"line":58,"column":4},"end":{"line":67,"column":6}},"15":{"start":{"line":60,"column":8},"end":{"line":60,"column":56}},"16":{"start":{"line":63,"column":8},"end":{"line":65,"column":11}},"17":{"start":{"line":71,"column":4},"end":{"line":71,"column":54}},"18":{"start":{"line":72,"column":4},"end":{"line":72,"column":30}},"19":{"start":{"line":77,"column":18},"end":{"line":77,"column":43}},"20":{"start":{"line":78,"column":17},"end":{"line":78,"column":32}},"21":{"start":{"line":79,"column":18},"end":{"line":79,"column":64}},"22":{"start":{"line":81,"column":4},"end":{"line":94,"column":5}},"23":{"start":{"line":99,"column":4},"end":{"line":106,"column":5}},"24":{"start":{"line":100,"column":6},"end":{"line":100,"column":41}},"25":{"start":{"line":103,"column":6},"end":{"line":105,"column":10}},"26":{"start":{"line":103,"column":27},"end":{"line":105,"column":7}},"27":{"start":{"line":111,"column":17},"end":{"line":111,"column":37}},"28":{"start":{"line":112,"column":4},"end":{"line":119,"column":5}},"29":{"start":{"line":113,"column":6},"end":{"line":118,"column":8}},"30":{"start":{"line":117,"column":14},"end":{"line":117,"column":30}},"31":{"start":{"line":124,"column":17},"end":{"line":124,"column":32}},"32":{"start":{"line":125,"column":4},"end":{"line":130,"column":5}},"33":{"start":{"line":126,"column":6},"end":{"line":126,"column":47}},"34":{"start":{"line":129,"column":6},"end":{"line":129,"column":33}},"35":{"start":{"line":135,"column":4},"end":{"line":150,"column":5}},"36":{"start":{"line":136,"column":19},"end":{"line":136,"column":53}},"37":{"start":{"line":137,"column":6},"end":{"line":146,"column":7}},"38":{"start":{"line":138,"column":8},"end":{"line":140,"column":11}},"39":{"start":{"line":143,"column":8},"end":{"line":145,"column":10}},"40":{"start":{"line":149,"column":6},"end":{"line":149,"column":36}},"41":{"start":{"line":155,"column":4},"end":{"line":166,"column":5}},"42":{"start":{"line":156,"column":6},"end":{"line":159,"column":7}},"43":{"start":{"line":162,"column":6},"end":{"line":165,"column":7}},"44":{"start":{"line":170,"column":18},"end":{"line":170,"column":43}},"45":{"start":{"line":171,"column":17},"end":{"line":171,"column":32}},"46":{"start":{"line":172,"column":18},"end":{"line":172,"column":64}},"47":{"start":{"line":174,"column":4},"end":{"line":214,"column":5}},"48":{"start":{"line":175,"column":6},"end":{"line":180,"column":7}},"49":{"start":{"line":183,"column":9},"end":{"line":214,"column":5}},"50":{"start":{"line":184,"column":6},"end":{"line":189,"column":7}},"51":{"start":{"line":192,"column":9},"end":{"line":214,"column":5}},"52":{"start":{"line":193,"column":6},"end":{"line":197,"column":7}},"53":{"start":{"line":200,"column":9},"end":{"line":214,"column":5}},"54":{"start":{"line":201,"column":6},"end":{"line":205,"column":7}},"55":{"start":{"line":208,"column":9},"end":{"line":214,"column":5}},"56":{"start":{"line":209,"column":6},"end":{"line":213,"column":7}},"57":{"start":{"line":218,"column":4},"end":{"line":264,"column":6}},"58":{"start":{"line":268,"column":15},"end":{"line":317,"column":2}},"59":{"start":{"line":319,"column":0},"end":{"line":319,"column":44}}},"fnMap":{"0":{"name":"(anonymous_0)","decl":{"start":{"line":13,"column":2},"end":{"line":13,"column":3}},"loc":{"start":{"line":13,"column":21},"end":{"line":23,"column":3}},"line":13},"1":{"name":"(anonymous_1)","decl":{"start":{"line":25,"column":2},"end":{"line":25,"column":3}},"loc":{"start":{"line":25,"column":22},"end":{"line":28,"column":3}},"line":25},"2":{"name":"(anonymous_2)","decl":{"start":{"line":30,"column":2},"end":{"line":30,"column":3}},"loc":{"start":{"line":30,"column":25},"end":{"line":32,"column":3}},"line":30},"3":{"name":"(anonymous_3)","decl":{"start":{"line":34,"column":15},"end":{"line":34,"column":16}},"loc":{"start":{"line":34,"column":21},"end":{"line":68,"column":3}},"line":34},"4":{"name":"(anonymous_4)","decl":{"start":{"line":35,"column":50},"end":{"line":35,"column":51}},"loc":{"start":{"line":35,"column":60},"end":{"line":39,"column":5}},"line":35},"5":{"name":"(anonymous_5)","decl":{"start":{"line":42,"column":6},"end":{"line":42,"column":7}},"loc":{"start":{"line":42,"column":16},"end":{"line":46,"column":7}},"line":42},"6":{"name":"(anonymous_6)","decl":{"start":{"line":47,"column":6},"end":{"line":47,"column":7}},"loc":{"start":{"line":47,"column":15},"end":{"line":51,"column":7}},"line":47},"7":{"name":"(anonymous_7)","decl":{"start":{"line":59,"column":6},"end":{"line":59,"column":7}},"loc":{"start":{"line":59,"column":16},"end":{"line":61,"column":7}},"line":59},"8":{"name":"(anonymous_8)","decl":{"start":{"line":62,"column":6},"end":{"line":62,"column":7}},"loc":{"start":{"line":62,"column":15},"end":{"line":66,"column":7}},"line":62},"9":{"name":"(anonymous_9)","decl":{"start":{"line":70,"column":17},"end":{"line":70,"column":18}},"loc":{"start":{"line":70,"column":23},"end":{"line":73,"column":3}},"line":70},"10":{"name":"(anonymous_10)","decl":{"start":{"line":76,"column":19},"end":{"line":76,"column":20}},"loc":{"start":{"line":76,"column":25},"end":{"line":95,"column":3}},"line":76},"11":{"name":"(anonymous_11)","decl":{"start":{"line":98,"column":20},"end":{"line":98,"column":21}},"loc":{"start":{"line":98,"column":31},"end":{"line":107,"column":3}},"line":98},"12":{"name":"(anonymous_12)","decl":{"start":{"line":103,"column":20},"end":{"line":103,"column":21}},"loc":{"start":{"line":103,"column":27},"end":{"line":105,"column":7}},"line":103},"13":{"name":"(anonymous_13)","decl":{"start":{"line":110,"column":12},"end":{"line":110,"column":13}},"loc":{"start":{"line":110,"column":18},"end":{"line":120,"column":3}},"line":110},"14":{"name":"(anonymous_14)","decl":{"start":{"line":117,"column":8},"end":{"line":117,"column":9}},"loc":{"start":{"line":117,"column":14},"end":{"line":117,"column":30}},"line":117},"15":{"name":"(anonymous_15)","decl":{"start":{"line":123,"column":14},"end":{"line":123,"column":15}},"loc":{"start":{"line":123,"column":26},"end":{"line":131,"column":3}},"line":123},"16":{"name":"(anonymous_16)","decl":{"start":{"line":134,"column":17},"end":{"line":134,"column":18}},"loc":{"start":{"line":134,"column":29},"end":{"line":151,"column":3}},"line":134},"17":{"name":"(anonymous_17)","decl":{"start":{"line":154,"column":21},"end":{"line":154,"column":22}},"loc":{"start":{"line":154,"column":27},"end":{"line":167,"column":3}},"line":154},"18":{"name":"(anonymous_18)","decl":{"start":{"line":169,"column":20},"end":{"line":169,"column":21}},"loc":{"start":{"line":169,"column":26},"end":{"line":215,"column":3}},"line":169},"19":{"name":"(anonymous_19)","decl":{"start":{"line":217,"column":2},"end":{"line":217,"column":3}},"loc":{"start":{"line":217,"column":11},"end":{"line":265,"column":3}},"line":217}},"branchMap":{"0":{"loc":{"start":{"line":71,"column":4},"end":{"line":71,"column":53}},"type":"binary-expr","locations":[{"start":{"line":71,"column":4},"end":{"line":71,"column":22}},{"start":{"line":71,"column":26},"end":{"line":71,"column":53}}],"line":71},"1":{"loc":{"start":{"line":99,"column":4},"end":{"line":106,"column":5}},"type":"if","locations":[{"start":{"line":99,"column":4},"end":{"line":106,"column":5}},{"start":{"line":99,"column":4},"end":{"line":106,"column":5}}],"line":99},"2":{"loc":{"start":{"line":112,"column":4},"end":{"line":119,"column":5}},"type":"if","locations":[{"start":{"line":112,"column":4},"end":{"line":119,"column":5}},{"start":{"line":112,"column":4},"end":{"line":119,"column":5}}],"line":112},"3":{"loc":{"start":{"line":137,"column":6},"end":{"line":146,"column":7}},"type":"if","locations":[{"start":{"line":137,"column":6},"end":{"line":146,"column":7}},{"start":{"line":137,"column":6},"end":{"line":146,"column":7}}],"line":137},"4":{"loc":{"start":{"line":155,"column":4},"end":{"line":166,"column":5}},"type":"if","locations":[{"start":{"line":155,"column":4},"end":{"line":166,"column":5}},{"start":{"line":155,"column":4},"end":{"line":166,"column":5}}],"line":155},"5":{"loc":{"start":{"line":174,"column":4},"end":{"line":214,"column":5}},"type":"if","locations":[{"start":{"line":174,"column":4},"end":{"line":214,"column":5}},{"start":{"line":174,"column":4},"end":{"line":214,"column":5}}],"line":174},"6":{"loc":{"start":{"line":174,"column":8},"end":{"line":174,"column":29}},"type":"binary-expr","locations":[{"start":{"line":174,"column":8},"end":{"line":174,"column":16}},{"start":{"line":174,"column":20},"end":{"line":174,"column":29}}],"line":174},"7":{"loc":{"start":{"line":183,"column":9},"end":{"line":214,"column":5}},"type":"if","locations":[{"start":{"line":183,"column":9},"end":{"line":214,"column":5}},{"start":{"line":183,"column":9},"end":{"line":214,"column":5}}],"line":183},"8":{"loc":{"start":{"line":183,"column":13},"end":{"line":183,"column":35}},"type":"binary-expr","locations":[{"start":{"line":183,"column":13},"end":{"line":183,"column":22}},{"start":{"line":183,"column":26},"end":{"line":183,"column":35}}],"line":183},"9":{"loc":{"start":{"line":192,"column":9},"end":{"line":214,"column":5}},"type":"if","locations":[{"start":{"line":192,"column":9},"end":{"line":214,"column":5}},{"start":{"line":192,"column":9},"end":{"line":214,"column":5}}],"line":192},"10":{"loc":{"start":{"line":192,"column":13},"end":{"line":192,"column":35}},"type":"binary-expr","locations":[{"start":{"line":192,"column":13},"end":{"line":192,"column":22}},{"start":{"line":192,"column":26},"end":{"line":192,"column":35}}],"line":192},"11":{"loc":{"start":{"line":200,"column":9},"end":{"line":214,"column":5}},"type":"if","locations":[{"start":{"line":200,"column":9},"end":{"line":214,"column":5}},{"start":{"line":200,"column":9},"end":{"line":214,"column":5}}],"line":200},"12":{"loc":{"start":{"line":200,"column":13},"end":{"line":200,"column":35}},"type":"binary-expr","locations":[{"start":{"line":200,"column":13},"end":{"line":200,"column":22}},{"start":{"line":200,"column":26},"end":{"line":200,"column":35}}],"line":200},"13":{"loc":{"start":{"line":208,"column":9},"end":{"line":214,"column":5}},"type":"if","locations":[{"start":{"line":208,"column":9},"end":{"line":214,"column":5}},{"start":{"line":208,"column":9},"end":{"line":214,"column":5}}],"line":208}},"s":{"0":0,"1":0,"2":0,"3":0,"4":0,"5":0,"6":0,"7":0,"8":0,"9":0,"10":0,"11":0,"12":0,"13":0,"14":0,"15":0,"16":0,"17":0,"18":0,"19":0,"20":0,"21":0,"22":0,"23":0,"24":0,"25":0,"26":0,"27":0,"28":0,"29":0,"30":0,"31":0,"32":0,"33":0,"34":0,"35":0,"36":0,"37":0,"38":0,"39":0,"40":0,"41":0,"42":0,"43":0,"44":0,"45":0,"46":0,"47":0,"48":0,"49":0,"50":0,"51":0,"52":0,"53":0,"54":0,"55":0,"56":0,"57":0,"58":1,"59":1},"f":{"0":0,"1":0,"2":0,"3":0,"4":0,"5":0,"6":0,"7":0,"8":0,"9":0,"10":0,"11":0,"12":0,"13":0,"14":0,"15":0,"16":0,"17":0,"18":0,"19":0},"b":{"0":[0,0],"1":[0,0],"2":[0,0],"3":[0,0],"4":[0,0],"5":[0,0],"6":[0,0],"7":[0,0],"8":[0,0],"9":[0,0],"10":[0,0],"11":[0,0],"12":[0,0],"13":[0,0]},"_coverageSchema":"332fd63041d2c1bcb487cc26dd0d5f7d97098a6c","hash":"7359d5bc82ecc462c71379651de1c3306f05e8f9"}
,"/Users/bjorntvedten/iCloud Drive (arkiv) - 1/Documents/NTNU/Informatikk/H2018/IT2810/prosjekt3/it2810-webutvikling-h18-prosjekt-3-10/prosjekt3/constants/Colors.js": {"path":"/Users/bjorntvedten/iCloud Drive (arkiv) - 1/Documents/NTNU/Informatikk/H2018/IT2810/prosjekt3/it2810-webutvikling-h18-prosjekt-3-10/prosjekt3/constants/Colors.js","statementMap":{"0":{"start":{"line":1,"column":18},"end":{"line":1,"column":27}}},"fnMap":{},"branchMap":{},"s":{"0":4},"f":{},"b":{},"_coverageSchema":"332fd63041d2c1bcb487cc26dd0d5f7d97098a6c","hash":"95f772edaaef497a5c80278ca729dfbc9990889d"}
,"/Users/bjorntvedten/iCloud Drive (arkiv) - 1/Documents/NTNU/Informatikk/H2018/IT2810/prosjekt3/it2810-webutvikling-h18-prosjekt-3-10/prosjekt3/navigation/AppNavigator.js": {"path":"/Users/bjorntvedten/iCloud Drive (arkiv) - 1/Documents/NTNU/Informatikk/H2018/IT2810/prosjekt3/it2810-webutvikling-h18-prosjekt-3-10/prosjekt3/navigation/AppNavigator.js","statementMap":{},"fnMap":{},"branchMap":{},"s":{},"f":{},"b":{},"_coverageSchema":"332fd63041d2c1bcb487cc26dd0d5f7d97098a6c","hash":"5d0621ef66a928bca4fc01a5f0a1642a985c4680"}
,"/Users/bjorntvedten/iCloud Drive (arkiv) - 1/Documents/NTNU/Informatikk/H2018/IT2810/prosjekt3/it2810-webutvikling-h18-prosjekt-3-10/prosjekt3/navigation/MainTabNavigator.js": {"path":"/Users/bjorntvedten/iCloud Drive (arkiv) - 1/Documents/NTNU/Informatikk/H2018/IT2810/prosjekt3/it2810-webutvikling-h18-prosjekt-3-10/prosjekt3/navigation/MainTabNavigator.js","statementMap":{"0":{"start":{"line":13,"column":18},"end":{"line":15,"column":2}},"1":{"start":{"line":17,"column":0},"end":{"line":29,"column":2}},"2":{"start":{"line":20,"column":4},"end":{"line":27,"column":6}},"3":{"start":{"line":31,"column":22},"end":{"line":33,"column":2}},"4":{"start":{"line":35,"column":0},"end":{"line":45,"column":2}},"5":{"start":{"line":38,"column":4},"end":{"line":43,"column":6}},"6":{"start":{"line":47,"column":22},"end":{"line":49,"column":2}},"7":{"start":{"line":51,"column":0},"end":{"line":59,"column":2}},"8":{"start":{"line":54,"column":4},"end":{"line":57,"column":6}},"9":{"start":{"line":61,"column":18},"end":{"line":63,"column":2}},"10":{"start":{"line":65,"column":0},"end":{"line":73,"column":2}},"11":{"start":{"line":68,"column":4},"end":{"line":71,"column":6}},"12":{"start":{"line":75,"column":22},"end":{"line":77,"column":2}},"13":{"start":{"line":79,"column":0},"end":{"line":87,"column":2}},"14":{"start":{"line":82,"column":4},"end":{"line":85,"column":6}},"15":{"start":{"line":90,"column":21},"end":{"line":93,"column":2}},"16":{"start":{"line":95,"column":0},"end":{"line":107,"column":2}},"17":{"start":{"line":98,"column":4},"end":{"line":105,"column":6}}},"fnMap":{"0":{"name":"(anonymous_0)","decl":{"start":{"line":19,"column":14},"end":{"line":19,"column":15}},"loc":{"start":{"line":20,"column":4},"end":{"line":27,"column":6}},"line":20},"1":{"name":"(anonymous_1)","decl":{"start":{"line":37,"column":14},"end":{"line":37,"column":15}},"loc":{"start":{"line":38,"column":4},"end":{"line":43,"column":6}},"line":38},"2":{"name":"(anonymous_2)","decl":{"start":{"line":53,"column":14},"end":{"line":53,"column":15}},"loc":{"start":{"line":54,"column":4},"end":{"line":57,"column":6}},"line":54},"3":{"name":"(anonymous_3)","decl":{"start":{"line":67,"column":14},"end":{"line":67,"column":15}},"loc":{"start":{"line":68,"column":4},"end":{"line":71,"column":6}},"line":68},"4":{"name":"(anonymous_4)","decl":{"start":{"line":81,"column":14},"end":{"line":81,"column":15}},"loc":{"start":{"line":82,"column":4},"end":{"line":85,"column":6}},"line":82},"5":{"name":"(anonymous_5)","decl":{"start":{"line":97,"column":14},"end":{"line":97,"column":15}},"loc":{"start":{"line":98,"column":4},"end":{"line":105,"column":6}},"line":98}},"branchMap":{"0":{"loc":{"start":{"line":23,"column":8},"end":{"line":25,"column":21}},"type":"cond-expr","locations":[{"start":{"line":24,"column":12},"end":{"line":24,"column":50}},{"start":{"line":25,"column":12},"end":{"line":25,"column":21}}],"line":23},"1":{"loc":{"start":{"line":24,"column":23},"end":{"line":24,"column":48}},"type":"cond-expr","locations":[{"start":{"line":24,"column":33},"end":{"line":24,"column":35}},{"start":{"line":24,"column":38},"end":{"line":24,"column":48}}],"line":24},"2":{"loc":{"start":{"line":40,"column":12},"end":{"line":42,"column":40}},"type":"cond-expr","locations":[{"start":{"line":41,"column":10},"end":{"line":42,"column":24}},{"start":{"line":42,"column":27},"end":{"line":42,"column":40}}],"line":40},"3":{"loc":{"start":{"line":41,"column":25},"end":{"line":42,"column":22}},"type":"cond-expr","locations":[{"start":{"line":41,"column":35},"end":{"line":41,"column":37}},{"start":{"line":42,"column":12},"end":{"line":42,"column":22}}],"line":41},"4":{"loc":{"start":{"line":56,"column":12},"end":{"line":56,"column":88}},"type":"cond-expr","locations":[{"start":{"line":56,"column":36},"end":{"line":56,"column":75}},{"start":{"line":56,"column":78},"end":{"line":56,"column":88}}],"line":56},"5":{"loc":{"start":{"line":56,"column":48},"end":{"line":56,"column":73}},"type":"cond-expr","locations":[{"start":{"line":56,"column":58},"end":{"line":56,"column":60}},{"start":{"line":56,"column":63},"end":{"line":56,"column":73}}],"line":56},"6":{"loc":{"start":{"line":70,"column":12},"end":{"line":70,"column":86}},"type":"cond-expr","locations":[{"start":{"line":70,"column":36},"end":{"line":70,"column":74}},{"start":{"line":70,"column":77},"end":{"line":70,"column":86}}],"line":70},"7":{"loc":{"start":{"line":70,"column":47},"end":{"line":70,"column":72}},"type":"cond-expr","locations":[{"start":{"line":70,"column":57},"end":{"line":70,"column":59}},{"start":{"line":70,"column":62},"end":{"line":70,"column":72}}],"line":70},"8":{"loc":{"start":{"line":84,"column":12},"end":{"line":84,"column":94}},"type":"cond-expr","locations":[{"start":{"line":84,"column":36},"end":{"line":84,"column":78}},{"start":{"line":84,"column":81},"end":{"line":84,"column":94}}],"line":84},"9":{"loc":{"start":{"line":84,"column":51},"end":{"line":84,"column":76}},"type":"cond-expr","locations":[{"start":{"line":84,"column":61},"end":{"line":84,"column":63}},{"start":{"line":84,"column":66},"end":{"line":84,"column":76}}],"line":84},"10":{"loc":{"start":{"line":101,"column":8},"end":{"line":103,"column":35}},"type":"cond-expr","locations":[{"start":{"line":102,"column":12},"end":{"line":102,"column":64}},{"start":{"line":103,"column":12},"end":{"line":103,"column":35}}],"line":101},"11":{"loc":{"start":{"line":102,"column":37},"end":{"line":102,"column":62}},"type":"cond-expr","locations":[{"start":{"line":102,"column":47},"end":{"line":102,"column":49}},{"start":{"line":102,"column":52},"end":{"line":102,"column":62}}],"line":102}},"s":{"0":1,"1":1,"2":4,"3":1,"4":1,"5":4,"6":1,"7":1,"8":4,"9":1,"10":1,"11":4,"12":1,"13":1,"14":4,"15":1,"16":1,"17":0},"f":{"0":4,"1":4,"2":4,"3":4,"4":4,"5":0},"b":{"0":[4,0],"1":[2,2],"2":[4,0],"3":[2,2],"4":[4,0],"5":[2,2],"6":[4,0],"7":[2,2],"8":[4,0],"9":[2,2],"10":[0,0],"11":[0,0]},"_coverageSchema":"332fd63041d2c1bcb487cc26dd0d5f7d97098a6c","hash":"432354ecdd59191d1d1b85810596479490f4e8c4"}
,"/Users/bjorntvedten/iCloud Drive (arkiv) - 1/Documents/NTNU/Informatikk/H2018/IT2810/prosjekt3/it2810-webutvikling-h18-prosjekt-3-10/prosjekt3/screens/ActivityScreen.js": {"path":"/Users/bjorntvedten/iCloud Drive (arkiv) - 1/Documents/NTNU/Informatikk/H2018/IT2810/prosjekt3/it2810-webutvikling-h18-prosjekt-3-10/prosjekt3/screens/ActivityScreen.js","statementMap":{"0":{"start":{"line":18,"column":4},"end":{"line":24,"column":6}},"1":{"start":{"line":29,"column":17},"end":{"line":36,"column":4}}},"fnMap":{"0":{"name":"(anonymous_0)","decl":{"start":{"line":17,"column":2},"end":{"line":17,"column":3}},"loc":{"start":{"line":17,"column":11},"end":{"line":25,"column":3}},"line":17}},"branchMap":{"0":{"loc":{"start":{"line":13,"column":18},"end":{"line":13,"column":53}},"type":"cond-expr","locations":[{"start":{"line":13,"column":44},"end":{"line":13,"column":47}},{"start":{"line":13,"column":50},"end":{"line":13,"column":53}}],"line":13}},"s":{"0":0,"1":1},"f":{"0":0},"b":{"0":[0,0]},"_coverageSchema":"332fd63041d2c1bcb487cc26dd0d5f7d97098a6c","hash":"22ea3d0b3c4834ffccfe21704a0cb706d161d406"}
,"/Users/bjorntvedten/iCloud Drive (arkiv) - 1/Documents/NTNU/Informatikk/H2018/IT2810/prosjekt3/it2810-webutvikling-h18-prosjekt-3-10/prosjekt3/screens/CalenderScreen.js": {"path":"/Users/bjorntvedten/iCloud Drive (arkiv) - 1/Documents/NTNU/Informatikk/H2018/IT2810/prosjekt3/it2810-webutvikling-h18-prosjekt-3-10/prosjekt3/screens/CalenderScreen.js","statementMap":{"0":{"start":{"line":17,"column":4},"end":{"line":17,"column":17}},"1":{"start":{"line":18,"column":4},"end":{"line":26,"column":6}},"2":{"start":{"line":31,"column":4},"end":{"line":41,"column":5}},"3":{"start":{"line":46,"column":4},"end":{"line":46,"column":23}},"4":{"start":{"line":51,"column":17},"end":{"line":51,"column":33}},"5":{"start":{"line":52,"column":4},"end":{"line":57,"column":5}},"6":{"start":{"line":53,"column":6},"end":{"line":53,"column":65}},"7":{"start":{"line":62,"column":4},"end":{"line":79,"column":5}},"8":{"start":{"line":63,"column":24},"end":{"line":63,"column":60}},"9":{"start":{"line":64,"column":21},"end":{"line":64,"column":42}},"10":{"start":{"line":65,"column":6},"end":{"line":74,"column":7}},"11":{"start":{"line":66,"column":8},"end":{"line":68,"column":11}},"12":{"start":{"line":71,"column":8},"end":{"line":73,"column":10}},"13":{"start":{"line":77,"column":6},"end":{"line":77,"column":17}},"14":{"start":{"line":78,"column":6},"end":{"line":78,"column":36}},"15":{"start":{"line":84,"column":4},"end":{"line":97,"column":13}},"16":{"start":{"line":85,"column":6},"end":{"line":91,"column":7}},"17":{"start":{"line":86,"column":21},"end":{"line":86,"column":62}},"18":{"start":{"line":87,"column":24},"end":{"line":87,"column":47}},"19":{"start":{"line":88,"column":8},"end":{"line":90,"column":9}},"20":{"start":{"line":89,"column":10},"end":{"line":89,"column":41}},"21":{"start":{"line":92,"column":23},"end":{"line":92,"column":25}},"22":{"start":{"line":93,"column":6},"end":{"line":93,"column":95}},"23":{"start":{"line":93,"column":53},"end":{"line":93,"column":91}},"24":{"start":{"line":94,"column":6},"end":{"line":96,"column":9}},"25":{"start":{"line":103,"column":4},"end":{"line":127,"column":5}},"26":{"start":{"line":104,"column":6},"end":{"line":114,"column":8}},"27":{"start":{"line":108,"column":29},"end":{"line":108,"column":50}},"28":{"start":{"line":117,"column":6},"end":{"line":126,"column":8}},"29":{"start":{"line":121,"column":29},"end":{"line":121,"column":50}},"30":{"start":{"line":131,"column":4},"end":{"line":133,"column":8}},"31":{"start":{"line":131,"column":25},"end":{"line":133,"column":5}},"32":{"start":{"line":134,"column":4},"end":{"line":134,"column":36}},"33":{"start":{"line":138,"column":4},"end":{"line":197,"column":5}},"34":{"start":{"line":143,"column":32},"end":{"line":143,"column":63}},"35":{"start":{"line":156,"column":33},"end":{"line":156,"column":64}},"36":{"start":{"line":201,"column":4},"end":{"line":207,"column":5}},"37":{"start":{"line":202,"column":6},"end":{"line":202,"column":24}},"38":{"start":{"line":203,"column":6},"end":{"line":203,"column":21}},"39":{"start":{"line":206,"column":6},"end":{"line":206,"column":13}},"40":{"start":{"line":211,"column":18},"end":{"line":211,"column":34}},"41":{"start":{"line":212,"column":17},"end":{"line":212,"column":40}},"42":{"start":{"line":213,"column":17},"end":{"line":213,"column":26}},"43":{"start":{"line":214,"column":4},"end":{"line":214,"column":25}},"44":{"start":{"line":215,"column":4},"end":{"line":218,"column":6}},"45":{"start":{"line":217,"column":12},"end":{"line":217,"column":28}},"46":{"start":{"line":222,"column":4},"end":{"line":231,"column":6}},"47":{"start":{"line":226,"column":27},"end":{"line":226,"column":55}},"48":{"start":{"line":235,"column":4},"end":{"line":235,"column":31}},"49":{"start":{"line":239,"column":17},"end":{"line":239,"column":31}},"50":{"start":{"line":240,"column":4},"end":{"line":240,"column":44}},"51":{"start":{"line":245,"column":18},"end":{"line":245,"column":39}},"52":{"start":{"line":246,"column":17},"end":{"line":246,"column":32}},"53":{"start":{"line":247,"column":18},"end":{"line":247,"column":34}},"54":{"start":{"line":248,"column":17},"end":{"line":248,"column":32}},"55":{"start":{"line":249,"column":15},"end":{"line":249,"column":27}},"56":{"start":{"line":250,"column":4},"end":{"line":263,"column":5}},"57":{"start":{"line":251,"column":6},"end":{"line":251,"column":13}},"58":{"start":{"line":254,"column":6},"end":{"line":256,"column":7}},"59":{"start":{"line":255,"column":8},"end":{"line":255,"column":24}},"60":{"start":{"line":257,"column":6},"end":{"line":262,"column":9}},"61":{"start":{"line":264,"column":4},"end":{"line":271,"column":8}},"62":{"start":{"line":264,"column":25},"end":{"line":271,"column":5}},"63":{"start":{"line":273,"column":4},"end":{"line":273,"column":21}},"64":{"start":{"line":277,"column":4},"end":{"line":279,"column":8}},"65":{"start":{"line":277,"column":25},"end":{"line":279,"column":5}},"66":{"start":{"line":283,"column":4},"end":{"line":335,"column":5}},"67":{"start":{"line":288,"column":32},"end":{"line":288,"column":60}},"68":{"start":{"line":301,"column":33},"end":{"line":301,"column":61}},"69":{"start":{"line":340,"column":4},"end":{"line":368,"column":5}},"70":{"start":{"line":366,"column":34},"end":{"line":366,"column":63}},"71":{"start":{"line":373,"column":4},"end":{"line":403,"column":5}},"72":{"start":{"line":401,"column":34},"end":{"line":401,"column":63}},"73":{"start":{"line":407,"column":4},"end":{"line":409,"column":8}},"74":{"start":{"line":407,"column":25},"end":{"line":409,"column":5}},"75":{"start":{"line":413,"column":4},"end":{"line":415,"column":8}},"76":{"start":{"line":413,"column":25},"end":{"line":415,"column":5}},"77":{"start":{"line":420,"column":4},"end":{"line":450,"column":6}},"78":{"start":{"line":431,"column":29},"end":{"line":431,"column":57}},"79":{"start":{"line":455,"column":15},"end":{"line":525,"column":2}}},"fnMap":{"0":{"name":"(anonymous_0)","decl":{"start":{"line":16,"column":2},"end":{"line":16,"column":3}},"loc":{"start":{"line":16,"column":21},"end":{"line":27,"column":3}},"line":16},"1":{"name":"(anonymous_1)","decl":{"start":{"line":30,"column":13},"end":{"line":30,"column":14}},"loc":{"start":{"line":30,"column":19},"end":{"line":42,"column":3}},"line":30},"2":{"name":"(anonymous_2)","decl":{"start":{"line":45,"column":22},"end":{"line":45,"column":23}},"loc":{"start":{"line":45,"column":28},"end":{"line":47,"column":3}},"line":45},"3":{"name":"(anonymous_3)","decl":{"start":{"line":50,"column":14},"end":{"line":50,"column":15}},"loc":{"start":{"line":50,"column":26},"end":{"line":58,"column":3}},"line":50},"4":{"name":"(anonymous_4)","decl":{"start":{"line":61,"column":17},"end":{"line":61,"column":18}},"loc":{"start":{"line":61,"column":29},"end":{"line":80,"column":3}},"line":61},"5":{"name":"(anonymous_5)","decl":{"start":{"line":83,"column":2},"end":{"line":83,"column":3}},"loc":{"start":{"line":83,"column":17},"end":{"line":99,"column":3}},"line":83},"6":{"name":"(anonymous_6)","decl":{"start":{"line":84,"column":15},"end":{"line":84,"column":16}},"loc":{"start":{"line":84,"column":21},"end":{"line":97,"column":5}},"line":84},"7":{"name":"(anonymous_7)","decl":{"start":{"line":93,"column":44},"end":{"line":93,"column":45}},"loc":{"start":{"line":93,"column":51},"end":{"line":93,"column":93}},"line":93},"8":{"name":"(anonymous_8)","decl":{"start":{"line":102,"column":2},"end":{"line":102,"column":3}},"loc":{"start":{"line":102,"column":19},"end":{"line":128,"column":3}},"line":102},"9":{"name":"(anonymous_9)","decl":{"start":{"line":108,"column":21},"end":{"line":108,"column":22}},"loc":{"start":{"line":108,"column":27},"end":{"line":108,"column":52}},"line":108},"10":{"name":"(anonymous_10)","decl":{"start":{"line":121,"column":21},"end":{"line":121,"column":22}},"loc":{"start":{"line":121,"column":27},"end":{"line":121,"column":52}},"line":121},"11":{"name":"(anonymous_11)","decl":{"start":{"line":130,"column":15},"end":{"line":130,"column":16}},"loc":{"start":{"line":130,"column":25},"end":{"line":135,"column":3}},"line":130},"12":{"name":"(anonymous_12)","decl":{"start":{"line":131,"column":18},"end":{"line":131,"column":19}},"loc":{"start":{"line":131,"column":25},"end":{"line":133,"column":5}},"line":131},"13":{"name":"(anonymous_13)","decl":{"start":{"line":137,"column":20},"end":{"line":137,"column":21}},"loc":{"start":{"line":137,"column":26},"end":{"line":198,"column":3}},"line":137},"14":{"name":"(anonymous_14)","decl":{"start":{"line":143,"column":24},"end":{"line":143,"column":25}},"loc":{"start":{"line":143,"column":30},"end":{"line":143,"column":65}},"line":143},"15":{"name":"(anonymous_15)","decl":{"start":{"line":156,"column":25},"end":{"line":156,"column":26}},"loc":{"start":{"line":156,"column":31},"end":{"line":156,"column":66}},"line":156},"16":{"name":"(anonymous_16)","decl":{"start":{"line":200,"column":15},"end":{"line":200,"column":16}},"loc":{"start":{"line":200,"column":21},"end":{"line":208,"column":3}},"line":200},"17":{"name":"(anonymous_17)","decl":{"start":{"line":210,"column":15},"end":{"line":210,"column":16}},"loc":{"start":{"line":210,"column":21},"end":{"line":219,"column":3}},"line":210},"18":{"name":"(anonymous_18)","decl":{"start":{"line":217,"column":6},"end":{"line":217,"column":7}},"loc":{"start":{"line":217,"column":12},"end":{"line":217,"column":28}},"line":217},"19":{"name":"(anonymous_19)","decl":{"start":{"line":221,"column":2},"end":{"line":221,"column":3}},"loc":{"start":{"line":221,"column":20},"end":{"line":232,"column":3}},"line":221},"20":{"name":"(anonymous_20)","decl":{"start":{"line":226,"column":19},"end":{"line":226,"column":20}},"loc":{"start":{"line":226,"column":25},"end":{"line":226,"column":57}},"line":226},"21":{"name":"(anonymous_21)","decl":{"start":{"line":234,"column":2},"end":{"line":234,"column":3}},"loc":{"start":{"line":234,"column":24},"end":{"line":236,"column":3}},"line":234},"22":{"name":"(anonymous_22)","decl":{"start":{"line":238,"column":2},"end":{"line":238,"column":3}},"loc":{"start":{"line":238,"column":21},"end":{"line":241,"column":3}},"line":238},"23":{"name":"(anonymous_23)","decl":{"start":{"line":244,"column":12},"end":{"line":244,"column":13}},"loc":{"start":{"line":244,"column":18},"end":{"line":274,"column":3}},"line":244},"24":{"name":"(anonymous_24)","decl":{"start":{"line":264,"column":18},"end":{"line":264,"column":19}},"loc":{"start":{"line":264,"column":25},"end":{"line":271,"column":5}},"line":264},"25":{"name":"(anonymous_25)","decl":{"start":{"line":276,"column":21},"end":{"line":276,"column":22}},"loc":{"start":{"line":276,"column":32},"end":{"line":280,"column":3}},"line":276},"26":{"name":"(anonymous_26)","decl":{"start":{"line":277,"column":18},"end":{"line":277,"column":19}},"loc":{"start":{"line":277,"column":25},"end":{"line":279,"column":5}},"line":277},"27":{"name":"(anonymous_27)","decl":{"start":{"line":282,"column":17},"end":{"line":282,"column":18}},"loc":{"start":{"line":282,"column":23},"end":{"line":336,"column":3}},"line":282},"28":{"name":"(anonymous_28)","decl":{"start":{"line":288,"column":24},"end":{"line":288,"column":25}},"loc":{"start":{"line":288,"column":30},"end":{"line":288,"column":62}},"line":288},"29":{"name":"(anonymous_29)","decl":{"start":{"line":301,"column":25},"end":{"line":301,"column":26}},"loc":{"start":{"line":301,"column":31},"end":{"line":301,"column":63}},"line":301},"30":{"name":"(anonymous_30)","decl":{"start":{"line":339,"column":15},"end":{"line":339,"column":16}},"loc":{"start":{"line":339,"column":21},"end":{"line":369,"column":3}},"line":339},"31":{"name":"(anonymous_31)","decl":{"start":{"line":366,"column":22},"end":{"line":366,"column":23}},"loc":{"start":{"line":366,"column":32},"end":{"line":366,"column":65}},"line":366},"32":{"name":"(anonymous_32)","decl":{"start":{"line":372,"column":15},"end":{"line":372,"column":16}},"loc":{"start":{"line":372,"column":21},"end":{"line":404,"column":3}},"line":372},"33":{"name":"(anonymous_33)","decl":{"start":{"line":401,"column":22},"end":{"line":401,"column":23}},"loc":{"start":{"line":401,"column":32},"end":{"line":401,"column":65}},"line":401},"34":{"name":"(anonymous_34)","decl":{"start":{"line":406,"column":26},"end":{"line":406,"column":27}},"loc":{"start":{"line":406,"column":32},"end":{"line":410,"column":3}},"line":406},"35":{"name":"(anonymous_35)","decl":{"start":{"line":407,"column":18},"end":{"line":407,"column":19}},"loc":{"start":{"line":407,"column":25},"end":{"line":409,"column":5}},"line":407},"36":{"name":"(anonymous_36)","decl":{"start":{"line":412,"column":29},"end":{"line":412,"column":30}},"loc":{"start":{"line":412,"column":35},"end":{"line":416,"column":3}},"line":412},"37":{"name":"(anonymous_37)","decl":{"start":{"line":413,"column":18},"end":{"line":413,"column":19}},"loc":{"start":{"line":413,"column":25},"end":{"line":415,"column":5}},"line":413},"38":{"name":"(anonymous_38)","decl":{"start":{"line":419,"column":2},"end":{"line":419,"column":3}},"loc":{"start":{"line":419,"column":11},"end":{"line":451,"column":3}},"line":419},"39":{"name":"(anonymous_39)","decl":{"start":{"line":431,"column":21},"end":{"line":431,"column":22}},"loc":{"start":{"line":431,"column":27},"end":{"line":431,"column":59}},"line":431}},"branchMap":{"0":{"loc":{"start":{"line":65,"column":6},"end":{"line":74,"column":7}},"type":"if","locations":[{"start":{"line":65,"column":6},"end":{"line":74,"column":7}},{"start":{"line":65,"column":6},"end":{"line":74,"column":7}}],"line":65},"1":{"loc":{"start":{"line":88,"column":8},"end":{"line":90,"column":9}},"type":"if","locations":[{"start":{"line":88,"column":8},"end":{"line":90,"column":9}},{"start":{"line":88,"column":8},"end":{"line":90,"column":9}}],"line":88},"2":{"loc":{"start":{"line":103,"column":4},"end":{"line":127,"column":5}},"type":"if","locations":[{"start":{"line":103,"column":4},"end":{"line":127,"column":5}},{"start":{"line":103,"column":4},"end":{"line":127,"column":5}}],"line":103},"3":{"loc":{"start":{"line":201,"column":4},"end":{"line":207,"column":5}},"type":"if","locations":[{"start":{"line":201,"column":4},"end":{"line":207,"column":5}},{"start":{"line":201,"column":4},"end":{"line":207,"column":5}}],"line":201},"4":{"loc":{"start":{"line":201,"column":8},"end":{"line":201,"column":62}},"type":"binary-expr","locations":[{"start":{"line":201,"column":8},"end":{"line":201,"column":36}},{"start":{"line":201,"column":40},"end":{"line":201,"column":62}}],"line":201},"5":{"loc":{"start":{"line":250,"column":4},"end":{"line":263,"column":5}},"type":"if","locations":[{"start":{"line":250,"column":4},"end":{"line":263,"column":5}},{"start":{"line":250,"column":4},"end":{"line":263,"column":5}}],"line":250},"6":{"loc":{"start":{"line":250,"column":8},"end":{"line":250,"column":23}},"type":"binary-expr","locations":[{"start":{"line":250,"column":8},"end":{"line":250,"column":14}},{"start":{"line":250,"column":18},"end":{"line":250,"column":23}}],"line":250},"7":{"loc":{"start":{"line":254,"column":6},"end":{"line":256,"column":7}},"type":"if","locations":[{"start":{"line":254,"column":6},"end":{"line":256,"column":7}},{"start":{"line":254,"column":6},"end":{"line":256,"column":7}}],"line":254}},"s":{"0":1,"1":1,"2":2,"3":1,"4":0,"5":0,"6":0,"7":1,"8":1,"9":1,"10":1,"11":0,"12":1,"13":1,"14":0,"15":1,"16":0,"17":0,"18":0,"19":0,"20":0,"21":0,"22":0,"23":0,"24":0,"25":0,"26":0,"27":0,"28":0,"29":0,"30":0,"31":0,"32":0,"33":2,"34":0,"35":0,"36":0,"37":0,"38":0,"39":0,"40":0,"41":0,"42":0,"43":0,"44":0,"45":0,"46":0,"47":0,"48":0,"49":0,"50":0,"51":1,"52":1,"53":1,"54":1,"55":1,"56":1,"57":1,"58":0,"59":0,"60":0,"61":0,"62":0,"63":0,"64":0,"65":0,"66":2,"67":0,"68":0,"69":4,"70":0,"71":4,"72":0,"73":0,"74":0,"75":0,"76":0,"77":2,"78":0,"79":2},"f":{"0":1,"1":2,"2":1,"3":0,"4":1,"5":1,"6":0,"7":0,"8":0,"9":0,"10":0,"11":0,"12":0,"13":2,"14":0,"15":0,"16":0,"17":0,"18":0,"19":0,"20":0,"21":0,"22":0,"23":1,"24":0,"25":0,"26":0,"27":2,"28":0,"29":0,"30":4,"31":0,"32":4,"33":0,"34":0,"35":0,"36":0,"37":0,"38":2,"39":0},"b":{"0":[0,1],"1":[0,0],"2":[0,0],"3":[0,0],"4":[0,0],"5":[1,0],"6":[1,0],"7":[0,0]},"_coverageSchema":"332fd63041d2c1bcb487cc26dd0d5f7d97098a6c","hash":"0698c7cedbd6357315f6f2319761a62789c50843"}
,"/Users/bjorntvedten/iCloud Drive (arkiv) - 1/Documents/NTNU/Informatikk/H2018/IT2810/prosjekt3/it2810-webutvikling-h18-prosjekt-3-10/prosjekt3/screens/ContactsScreen.js": {"path":"/Users/bjorntvedten/iCloud Drive (arkiv) - 1/Documents/NTNU/Informatikk/H2018/IT2810/prosjekt3/it2810-webutvikling-h18-prosjekt-3-10/prosjekt3/screens/ContactsScreen.js","statementMap":{"0":{"start":{"line":30,"column":4},"end":{"line":30,"column":23}},"1":{"start":{"line":34,"column":4},"end":{"line":39,"column":8}},"2":{"start":{"line":36,"column":8},"end":{"line":38,"column":9}},"3":{"start":{"line":37,"column":10},"end":{"line":37,"column":32}},"4":{"start":{"line":44,"column":4},"end":{"line":62,"column":8}},"5":{"start":{"line":46,"column":8},"end":{"line":50,"column":9}},"6":{"start":{"line":47,"column":10},"end":{"line":47,"column":19}},"7":{"start":{"line":49,"column":10},"end":{"line":49,"column":35}},"8":{"start":{"line":53,"column":8},"end":{"line":53,"column":26}},"9":{"start":{"line":54,"column":8},"end":{"line":54,"column":63}},"10":{"start":{"line":54,"column":28},"end":{"line":54,"column":62}},"11":{"start":{"line":55,"column":8},"end":{"line":57,"column":10}},"12":{"start":{"line":58,"column":8},"end":{"line":58,"column":35}},"13":{"start":{"line":61,"column":8},"end":{"line":61,"column":57}},"14":{"start":{"line":68,"column":4},"end":{"line":88,"column":8}},"15":{"start":{"line":70,"column":8},"end":{"line":75,"column":9}},"16":{"start":{"line":71,"column":10},"end":{"line":71,"column":52}},"17":{"start":{"line":72,"column":10},"end":{"line":72,"column":19}},"18":{"start":{"line":74,"column":10},"end":{"line":74,"column":35}},"19":{"start":{"line":79,"column":8},"end":{"line":79,"column":73}},"20":{"start":{"line":79,"column":43},"end":{"line":79,"column":72}},"21":{"start":{"line":80,"column":8},"end":{"line":82,"column":10}},"22":{"start":{"line":83,"column":8},"end":{"line":83,"column":35}},"23":{"start":{"line":87,"column":8},"end":{"line":87,"column":57}},"24":{"start":{"line":93,"column":24},"end":{"line":93,"column":26}},"25":{"start":{"line":94,"column":4},"end":{"line":103,"column":8}},"26":{"start":{"line":96,"column":8},"end":{"line":98,"column":9}},"27":{"start":{"line":97,"column":10},"end":{"line":97,"column":44}},"28":{"start":{"line":99,"column":8},"end":{"line":102,"column":10}},"29":{"start":{"line":108,"column":23},"end":{"line":108,"column":71}},"30":{"start":{"line":109,"column":4},"end":{"line":130,"column":5}},"31":{"start":{"line":110,"column":6},"end":{"line":110,"column":49}},"32":{"start":{"line":111,"column":6},"end":{"line":123,"column":61}},"33":{"start":{"line":114,"column":29},"end":{"line":114,"column":66}},"34":{"start":{"line":117,"column":44},"end":{"line":117,"column":51}},"35":{"start":{"line":118,"column":12},"end":{"line":118,"column":58}},"36":{"start":{"line":119,"column":12},"end":{"line":119,"column":55}},"37":{"start":{"line":120,"column":12},"end":{"line":120,"column":26}},"38":{"start":{"line":123,"column":26},"end":{"line":123,"column":60}},"39":{"start":{"line":124,"column":6},"end":{"line":127,"column":8}},"40":{"start":{"line":129,"column":6},"end":{"line":129,"column":75}},"41":{"start":{"line":134,"column":4},"end":{"line":146,"column":5}},"42":{"start":{"line":141,"column":12},"end":{"line":141,"column":39}},"43":{"start":{"line":150,"column":4},"end":{"line":153,"column":6}},"44":{"start":{"line":157,"column":4},"end":{
[...]
line":156,"column":11},"end":{"line":182,"column":3}},"line":156},"23":{"name":"(anonymous_23)","decl":{"start":{"line":172,"column":28},"end":{"line":172,"column":29}},"loc":{"start":{"line":172,"column":34},"end":{"line":172,"column":81}},"line":172},"24":{"name":"(anonymous_24)","decl":{"start":{"line":177,"column":85},"end":{"line":177,"column":86}},"loc":{"start":{"line":177,"column":91},"end":{"line":177,"column":136}},"line":177},"25":{"name":"(anonymous_25)","decl":{"start":{"line":178,"column":35},"end":{"line":178,"column":36}},"loc":{"start":{"line":178,"column":48},"end":{"line":178,"column":73}},"line":178},"26":{"name":"(anonymous_26)","decl":{"start":{"line":178,"column":90},"end":{"line":178,"column":91}},"loc":{"start":{"line":178,"column":96},"end":{"line":178,"column":144}},"line":178}},"branchMap":{"0":{"loc":{"start":{"line":36,"column":8},"end":{"line":38,"column":9}},"type":"if","locations":[{"start":{"line":36,"column":8},"end":{"line":38,"column":9}},{"start":{"line":36,"column":8},"end":{"line":38,"column":9}}],"line":36},"1":{"loc":{"start":{"line":46,"column":8},"end":{"line":50,"column":9}},"type":"if","locations":[{"start":{"line":46,"column":8},"end":{"line":50,"column":9}},{"start":{"line":46,"column":8},"end":{"line":50,"column":9}}],"line":46},"2":{"loc":{"start":{"line":54,"column":28},"end":{"line":54,"column":62}},"type":"cond-expr","locations":[{"start":{"line":54,"column":56},"end":{"line":54,"column":58}},{"start":{"line":54,"column":61},"end":{"line":54,"column":62}}],"line":54},"3":{"loc":{"start":{"line":70,"column":8},"end":{"line":75,"column":9}},"type":"if","locations":[{"start":{"line":70,"column":8},"end":{"line":75,"column":9}},{"start":{"line":70,"column":8},"end":{"line":75,"column":9}}],"line":70},"4":{"loc":{"start":{"line":96,"column":8},"end":{"line":98,"column":9}},"type":"if","locations":[{"start":{"line":96,"column":8},"end":{"line":98,"column":9}},{"start":{"line":96,"column":8},"end":{"line":98,"column":9}}],"line":96},"5":{"loc":{"start":{"line":109,"column":4},"end":{"line":130,"column":5}},"type":"if","locations":[{"start":{"line":109,"column":4},"end":{"line":130,"column":5}},{"start":{"line":109,"column":4},"end":{"line":130,"column":5}}],"line":109},"6":{"loc":{"start":{"line":114,"column":29},"end":{"line":114,"column":66}},"type":"binary-expr","locations":[{"start":{"line":114,"column":29},"end":{"line":114,"column":46}},{"start":{"line":114,"column":50},"end":{"line":114,"column":66}}],"line":114},"7":{"loc":{"start":{"line":118,"column":32},"end":{"line":118,"column":58}},"type":"cond-expr","locations":[{"start":{"line":118,"column":44},"end":{"line":118,"column":53}},{"start":{"line":118,"column":56},"end":{"line":118,"column":58}}],"line":118},"8":{"loc":{"start":{"line":119,"column":31},"end":{"line":119,"column":55}},"type":"cond-expr","locations":[{"start":{"line":119,"column":42},"end":{"line":119,"column":50}},{"start":{"line":119,"column":53},"end":{"line":119,"column":55}}],"line":119},"9":{"loc":{"start":{"line":123,"column":26},"end":{"line":123,"column":60}},"type":"cond-expr","locations":[{"start":{"line":123,"column":54},"end":{"line":123,"column":56}},{"start":{"line":123,"column":59},"end":{"line":123,"column":60}}],"line":123},"10":{"loc":{"start":{"line":162,"column":12},"end":{"line":173,"column":16}},"type":"cond-expr","locations":[{"start":{"line":164,"column":14},"end":{"line":164,"column":25}},{"start":{"line":166,"column":14},"end":{"line":173,"column":16}}],"line":162}},"s":{"0":2,"1":2,"2":0,"3":0,"4":2,"5":2,"6":1,"7":1,"8":2,"9":2,"10":1,"11":2,"12":2,"13":2,"14":1,"15":1,"16":0,"17":0,"18":1,"19":1,"20":2,"21":1,"22":1,"23":1,"24":2,"25":2,"26":2,"27":0,"28":2,"29":0,"30":0,"31":0,"32":0,"33":0,"34":0,"35":0,"36":0,"37":0,"38":0,"39":0,"40":0,"41":0,"42":0,"43":0,"44":7,"45":0,"46":0,"47":0,"48":0},"f":{"0":2,"1":0,"2":2,"3":2,"4":2,"5":1,"6":2,"7":1,"8":1,"9":1,"10":2,"11":1,"12":2,"13":2,"14":0,"15":0,"16":0,"17":0,"18":0,"19":0,"20":0,"21":0,"22":7,"23":0,"24":0,"25":0,"26":0},"b":{"0":[0,0],"1":[1,1],"2":[0,1],"3":[0,1],"4":[0,2],"5":[0,0],"6":[0,0],"7":[0,0],"8":[0,0],"9":[0,0],"10":[2,5]},"_coverageSchema":"332fd63041d2c1bcb487cc26dd0d5f7d97098a6c","hash":"dabb715ed65d9770264229e08a50464e8fc23475"}
,"/Users/bjorntvedten/iCloud Drive (arkiv) - 1/Documents/NTNU/Informatikk/H2018/IT2810/prosjekt3/it2810-webutvikling-h18-prosjekt-3-10/prosjekt3/screens/HomeScreen.js": {"path":"/Users/bjorntvedten/iCloud Drive (arkiv) - 1/Documents/NTNU/Informatikk/H2018/IT2810/prosjekt3/it2810-webutvikling-h18-prosjekt-3-10/prosjekt3/screens/HomeScreen.js","statementMap":{"0":{"start":{"line":23,"column":4},"end":{"line":23,"column":45}},"1":{"start":{"line":27,"column":4},"end":{"line":78,"column":6}},"2":{"start":{"line":82,"column":15},"end":{"line":155,"column":2}}},"fnMap":{"0":{"name":"(anonymous_0)","decl":{"start":{"line":22,"column":2},"end":{"line":22,"column":3}},"loc":{"start":{"line":22,"column":27},"end":{"line":24,"column":3}},"line":22},"1":{"name":"(anonymous_1)","decl":{"start":{"line":26,"column":2},"end":{"line":26,"column":3}},"loc":{"start":{"line":26,"column":11},"end":{"line":79,"column":3}},"line":26}},"branchMap":{},"s":{"0":0,"1":2,"2":1},"f":{"0":0,"1":2},"b":{},"_coverageSchema":"332fd63041d2c1bcb487cc26dd0d5f7d97098a6c","hash":"45be570f27690ec486651f8389b316718508e70d"}
,"/Users/bjorntvedten/iCloud Drive (arkiv) - 1/Documents/NTNU/Informatikk/H2018/IT2810/prosjekt3/it2810-webutvikling-h18-prosjekt-3-10/prosjekt3/screens/ProfilesScreen.js": {"path":"/Users/bjorntvedten/iCloud Drive (arkiv) - 1/Documents/NTNU/Informatikk/H2018/IT2810/prosjekt3/it2810-webutvikling-h18-prosjekt-3-10/prosjekt3/screens/ProfilesScreen.js","statementMap":{"0":{"start":{"line":21,"column":8},"end":{"line":21,"column":21}},"1":{"start":{"line":22,"column":8},"end":{"line":30,"column":10}},"2":{"start":{"line":38,"column":8},"end":{"line":38,"column":27}},"3":{"start":{"line":43,"column":8},"end":{"line":58,"column":9}},"4":{"start":{"line":44,"column":27},"end":{"line":44,"column":64}},"5":{"start":{"line":45,"column":12},"end":{"line":54,"column":13}},"6":{"start":{"line":46,"column":29},"end":{"line":46,"column":47}},"7":{"start":{"line":47,"column":16},"end":{"line":53,"column":18}},"8":{"start":{"line":57,"column":12},"end":{"line":57,"column":42}},"9":{"start":{"line":63,"column":24},"end":{"line":63,"column":31}},"10":{"start":{"line":64,"column":28},"end":{"line":64,"column":40}},"11":{"start":{"line":65,"column":8},"end":{"line":69,"column":9}},"12":{"start":{"line":66,"column":12},"end":{"line":68,"column":13}},"13":{"start":{"line":67,"column":16},"end":{"line":67,"column":50}},"14":{"start":{"line":70,"column":8},"end":{"line":70,"column":53}},"15":{"start":{"line":74,"column":24},"end":{"line":74,"column":31}},"16":{"start":{"line":75,"column":28},"end":{"line":75,"column":40}},"17":{"start":{"line":76,"column":8},"end":{"line":80,"column":9}},"18":{"start":{"line":77,"column":12},"end":{"line":79,"column":13}},"19":{"start":{"line":78,"column":16},"end":{"line":78,"column":50}},"20":{"start":{"line":81,"column":8},"end":{"line":81,"column":53}},"21":{"start":{"line":85,"column":21},"end":{"line":85,"column":31}},"22":{"start":{"line":86,"column":8},"end":{"line":90,"column":9}},"23":{"start":{"line":87,"column":12},"end":{"line":87,"column":71}},"24":{"start":{"line":89,"column":12},"end":{"line":89,"column":38}},"25":{"start":{"line":94,"column":29},"end":{"line":96,"column":9}},"26":{"start":{"line":98,"column":8},"end":{"line":173,"column":10}},"27":{"start":{"line":122,"column":58},"end":{"line":122,"column":86}},"28":{"start":{"line":134,"column":58},"end":{"line":134,"column":86}},"29":{"start":{"line":144,"column":55},"end":{"line":144,"column":78}},"30":{"start":{"line":151,"column":56},"end":{"line":151,"column":80}},"31":{"start":{"line":178,"column":15},"end":{"line":297,"column":2}}},"fnMap":{"0":{"name":"(anonymous_0)","decl":{"start":{"line":20,"column":4},"end":{"line":20,"column":5}},"loc":{"start":{"line":20,"column":23},"end":{"line":31,"column":5}},"line":20},"1":{"name":"(anonymous_1)","decl":{"start":{"line":37,"column":24},"end":{"line":37,"column":25}},"loc":{"start":{"line":37,"column":30},"end":{"line":39,"column":5}},"line":37},"2":{"name":"(anonymous_2)","decl":{"start":{"line":42,"column":19},"end":{"line":42,"column":20}},"loc":{"start":{"line":42,"column":31},"end":{"line":59,"column":5}},"line":42},"3":{"name":"(anonymous_3)","decl":{"start":{"line":62,"column":4},"end":{"line":62,"column":5}},"loc":{"start":{"line":62,"column":28},"end":{"line":71,"column":5}},"line":62},"4":{"name":"(anonymous_4)","decl":{"start":{"line":73,"column":4},"end":{"line":73,"column":5}},"loc":{"start":{"line":73,"column":28},"end":{"line":82,"column":5}},"line":73},"5":{"name":"(anonymous_5)","decl":{"start":{"line":84,"column":16},"end":{"line":84,"column":17}},"loc":{"start":{"line":84,"column":28},"end":{"line":91,"column":5}},"line":84},"6":{"name":"(anonymous_6)","decl":{"start":{"line":93,"column":4},"end":{"line":93,"column":5}},"loc":{"start":{"line":93,"column":13},"end":{"line":174,"column":5}},"line":93},"7":{"name":"(anonymous_7)","decl":{"start":{"line":122,"column":46},"end":{"line":122,"column":47}},"loc":{"start":{"line":122,"column":58},"end":{"line":122,"column":86}},"line":122},"8":{"name":"(anonymous_8)","decl":{"start":{"line":134,"column":46},"end":{"line":134,"column":47}},"loc":{"start":{"line":134,"column":58},"end":{"line":134,"column":86}},"line":134},"9":{"name":"(anonymous_9)","decl":{"start":{"line":144,"column":47},"end":{"line":144,"column":48}},"loc":{"start":{"line":144,"column":55},"end":{"line":144,"column":78}},"line":144},"10":{"name":"(anonymous_10)","decl":{"start":{"line":151,"column":47},"end":{"line":151,"column":48}},"loc":{"start":{"line":151,"column":56},"end":{"line":151,"column":80}},"line":151}},"branchMap":{"0":{"loc":{"start":{"line":29,"column":26},"end":{"line":29,"column":60}},"type":"cond-expr","locations":[{"start":{"line":29,"column":52},"end":{"line":29,"column":53}},{"start":{"line":29,"column":56},"end":{"line":29,"column":60}}],"line":29},"1":{"loc":{"start":{"line":45,"column":12},"end":{"line":54,"column":13}},"type":"if","locations":[{"start":{"line":45,"column":12},"end":{"line":54,"column":13}},{"start":{"line":45,"column":12},"end":{"line":54,"column":13}}],"line":45},"2":{"loc":{"start":{"line":66,"column":12},"end":{"line":68,"column":13}},"type":"if","locations":[{"start":{"line":66,"column":12},"end":{"line":68,"column":13}},{"start":{"line":66,"column":12},"end":{"line":68,"column":13}}],"line":66},"3":{"loc":{"start":{"line":77,"column":12},"end":{"line":79,"column":13}},"type":"if","locations":[{"start":{"line":77,"column":12},"end":{"line":79,"column":13}},{"start":{"line":77,"column":12},"end":{"line":79,"column":13}}],"line":77}},"s":{"0":3,"1":3,"2":3,"3":4,"4":4,"5":4,"6":1,"7":1,"8":0,"9":1,"10":1,"11":1,"12":13,"13":0,"14":1,"15":1,"16":1,"17":1,"18":6,"19":0,"20":1,"21":1,"22":1,"23":1,"24":0,"25":10,"26":10,"27":0,"28":0,"29":0,"30":0,"31":3},"f":{"0":3,"1":3,"2":4,"3":1,"4":1,"5":1,"6":10,"7":0,"8":0,"9":0,"10":0},"b":{"0":[3,0],"1":[1,3],"2":[0,13],"3":[0,6]},"_coverageSchema":"332fd63041d2c1bcb487cc26dd0d5f7d97098a6c","hash":"8261c07f36e1276fe5fa204deab29ca57fc33a3c"}
,"/Users/bjorntvedten/iCloud Drive (arkiv) - 1/Documents/NTNU/Informatikk/H2018/IT2810/prosjekt3/it2810-webutvikling-h18-prosjekt-3-10/prosjekt3/screens/TodoScreen.js": {"path":"/Users/bjorntvedten/iCloud Drive (arkiv) - 1/Documents/NTNU/Informatikk/H2018/IT2810/prosjekt3/it2810-webutvikling-h18-prosjekt-3-10/prosjekt3/screens/TodoScreen.js","statementMap":{"0":{"start":{"line":14,"column":4},"end":{"line":14,"column":17}},"1":{"start":{"line":15,"column":4},"end":{"line":20,"column":6}},"2":{"start":{"line":21,"column":4},"end":{"line":21,"column":61}},"3":{"start":{"line":22,"column":4},"end":{"line":22,"column":75}},"4":{"start":{"line":27,"column":4},"end":{"line":29,"column":8}},"5":{"start":{"line":27,"column":25},"end":{"line":29,"column":5}},"6":{"start":{"line":34,"column":17},"end":{"line":34,"column":32}},"7":{"start":{"line":35,"column":13},"end":{"line":35,"column":14}},"8":{"start":{"line":36,"column":4},"end":{"line":40,"column":5}},"9":{"start":{"line":37,"column":6},"end":{"line":39,"column":7}},"10":{"start":{"line":38,"column":8},"end":{"line":38,"column":16}},"11":{"start":{"line":41,"column":4},"end":{"line":41,"column":14}},"12":{"start":{"line":46,"column":18},"end":{"line":46,"column":39}},"13":{"start":{"line":47,"column":17},"end":{"line":47,"column":32}},"14":{"start":{"line":48,"column":17},"end":{"line":48,"column":32}},"15":{"start":{"line":49,"column":13},"end":{"line":49,"column":28}},"16":{"start":{"line":50,"column":4},"end":{"line":52,"column":5}},"17":{"start":{"line":51,"column":6},"end":{"line":51,"column":13}},"18":{"start":{"line":53,"column":4},"end":{"line":58,"column":5}},"19":{"start":{"line":54,"column":6},"end":{"line":54,"column":53}},"20":{"start":{"line":57,"column":6},"end":{"line":57,"column":54}},"21":{"start":{"line":59,"column":4},"end":{"line":64,"column":8}},"22":{"start":{"line":59,"column":25},"end":{"line":64,"column":5}},"23":{"start":{"line":65,"column":4},"end":{"line":65,"column":21}},"24":{"start":{"line":70,"column":17},"end":{"line":70,"column":75}},"25":{"start":{"line":70,"column":52},"end":{"line":70,"column":74}},"26":{"start":{"line":72,"column":4},"end":{"line":75,"column":6}},"27":{"start":{"line":74,"column":12},"end":{"line":74,"column":28}},"28":{"start":{"line":80,"column":4},"end":{"line":106,"column":5}},"29":{"start":{"line":84,"column":34},"end":{"line":84,"column":52}},"30":{"start":{"line":87,"column":12},"end":{"line":102,"column":14}},"31":{"start":{"line":101,"column":38},"end":{"line":101,"column":72}},"32":{"start":{"line":112,"column":4},"end":{"line":141,"column":5}},"33":{"start":{"line":139,"column":34},"end":{"line":139,"column":63}},"34":{"start":{"line":146,"column":17},"end":{"line":146,"column":32}},"35":{"start":{"line":147,"column":4},"end":{"line":152,"column":5}},"36":{"start":{"line":148,"column":6},"end":{"line":148,"column":68}},"37":{"start":{"line":156,"column":4},"end":{"line":156,"column":23}},"38":{"start":{"line":161,"column":4},"end":{"line":177,"column":5}},"39":{"start":{"line":162,"column":22},"end":{"line":162,"column":61}},"40":{"start":{"line":163,"column":19},"end":{"line":163,"column":38}},"41":{"start":{"line":164,"column":6},"end":{"line":173,"column":7}},"42":{"start":{"line":165,"column":8},"end":{"line":167,"column":11}},"43":{"start":{"line":170,"column":8},"end":{"line":172,"column":10}},"44":{"start":{"line":176,"column":6},"end":{"line":176,"column":36}},"45":{"start":{"line":182,"column":4},"end":{"line":228,"column":6}},"46":{"start":{"line":232,"column":15},"end":{"line":311,"column":2}}},"fnMap":{"0":{"name":"(anonymous_0)","decl":{"start":{"line":13,"column":2},"end":{"line":13,"column":3}},"loc":{"start":{"line":13,"column":21},"end":{"line":23,"column":3}},"line":13},"1":{"name":"(anonymous_1)","decl":{"start":{"line":26,"column":21},"end":{"line":26,"column":22}},"loc":{"start":{"line":26,"column":32},"end":{"line":30,"column":3}},"line":26},"2":{"name":"(anonymous_2)","decl":{"start":{"line":27,"column":18},"end":{"line":27,"column":19}},"loc":{"start":{"line":27,"column":25},"end":{"line":29,"column":5}},"line":27},"3":{"name":"(anonymous_3)","decl":{"start":{"line":33,"column":13},"end":{"line":33,"column":14}},"loc":{"start":{"line":33,"column":19},"end":{"line":42,"column":3}},"line":33},"4":{"name":"(anonymous_4)","decl":{"start":{"line":45,"column":26},"end":{"line":45,"column":27}},"loc":{"start":{"line":45,"column":32},"end":{"line":66,"column":3}},"line":45},"5":{"name":"(anonymous_5)","decl":{"start":{"line":59,"column":18},"end":{"line":59,"column":19}},"loc":{"start":{"line":59,"column":25},"end":{"line":64,"column":5}},"line":59},"6":{"name":"(anonymous_6)","decl":{"start":{"line":69,"column":28},"end":{"line":69,"column":29}},"loc":{"start":{"line":69,"column":38},"end":{"line":76,"column":3}},"line":69},"7":{"name":"(anonymous_7)","decl":{"start":{"line":70,"column":40},"end":{"line":70,"column":41}},"loc":{"start":{"line":70,"column":52},"end":{"line":70,"column":74}},"line":70},"8":{"name":"(anonymous_8)","decl":{"start":{"line":74,"column":6},"end":{"line":74,"column":7}},"loc":{"start":{"line":74,"column":12},"end":{"line":74,"column":28}},"line":74},"9":{"name":"(anonymous_9)","decl":{"start":{"line":79,"column":16},"end":{"line":79,"column":17}},"loc":{"start":{"line":79,"column":22},"end":{"line":107,"column":3}},"line":79},"10":{"name":"(anonymous_10)","decl":{"start":{"line":84,"column":24},"end":{"line":84,"column":25}},"loc":{"start":{"line":84,"column":34},"end":{"line":84,"column":52}},"line":84},"11":{"name":"(anonymous_11)","decl":{"start":{"line":86,"column":22},"end":{"line":86,"column":23}},"loc":{"start":{"line":87,"column":12},"end":{"line":102,"column":14}},"line":87},"12":{"name":"(anonymous_12)","decl":{"start":{"line":101,"column":32},"end":{"line":101,"column":33}},"loc":{"start":{"line":101,"column":38},"end":{"line":101,"column":72}},"line":101},"13":{"name":"(anonymous_13)","decl":{"start":{"line":111,"column":15},"end":{"line":111,"column":16}},"loc":{"start":{"line":111,"column":21},"end":{"line":142,"column":3}},"line":111},"14":{"name":"(anonymous_14)","decl":{"start":{"line":139,"column":22},"end":{"line":139,"column":23}},"loc":{"start":{"line":139,"column":32},"end":{"line":139,"column":65}},"line":139},"15":{"name":"(anonymous_15)","decl":{"start":{"line":145,"column":14},"end":{"line":145,"column":15}},"loc":{"start":{"line":145,"column":26},"end":{"line":153,"column":3}},"line":145},"16":{"name":"(anonymous_16)","decl":{"start":{"line":155,"column":22},"end":{"line":155,"column":23}},"loc":{"start":{"line":155,"column":28},"end":{"line":157,"column":3}},"line":155},"17":{"name":"(anonymous_17)","decl":{"start":{"line":160,"column":17},"end":{"line":160,"column":18}},"loc":{"start":{"line":160,"column":29},"end":{"line":178,"column":3}},"line":160},"18":{"name":"(anonymous_18)","decl":{"start":{"line":181,"column":2},"end":{"line":181,"column":3}},"loc":{"start":{"line":181,"column":11},"end":{"line":229,"column":3}},"line":181}},"branchMap":{"0":{"loc":{"start":{"line":37,"column":6},"end":{"line":39,"column":7}},"type":"if","locations":[{"start":{"line":37,"column":6},"end":{"line":39,"column":7}},{"start":{"line":37,"column":6},"end":{"line":39,"column":7}}],"line":37},"1":{"loc":{"start":{"line":50,"column":4},"end":{"line":52,"column":5}},"type":"if","locations":[{"start":{"line":50,"column":4},"end":{"line":52,"column":5}},{"start":{"line":50,"column":4},"end":{"line":52,"column":5}}],"line":50},"2":{"loc":{"start":{"line":53,"column":4},"end":{"line":58,"column":5}},"type":"if","locations":[{"start":{"line":53,"column":4},"end":{"line":58,"column":5}},{"start":{"line":53,"column":4},"end":{"line":58,"column":5}}],"line":53},"3":{"loc":{"start":{"line":164,"column":6},"end":{"line":173,"column":7}},"type":"if","locations":[{"start":{"line":164,"column":6},"end":{"line":173,"column":7}},{"start":{"line":164,"column":6},"end":{"line":173,"column":7}}],"line":164}},"s":{"0":0,"1":0,"2":0,"3":0,"4":0,"5":0,"6":0,"7":0,"8":0,"9":0,"10":0,"11":0,"12":0,"13":0,"14":0,"15":0,"16":0,"17":0,"18":0,"19":0,"20":0,"21":0,"22":0,"23":0,"24":0,"25":0,"26":0,"27":0,"28":0,"29":0,"30":0,"31":0,"32":0,"33":0,"34":0,"35":0,"36":0,"37":0,"38":0,"39":0,"40":0,"41":0,"42":0,"43":0,"44":0,"45":0,"46":1},"f":{"0":0,"1":0,"2":0,"3":0,"4":0,"5":0,"6":0,"7":0,"8":0,"9":0,"10":0,"11":0,"12":0,"13":0,"14":0,"15":0,"16":0,"17":0,"18":0},"b":{"0":[0,0],"1":[0,0],"2":[0,0],"3":[0,0]},"_coverageSchema":"332fd63041d2c1bcb487cc26dd0d5f7d97098a6c","hash":"2c2b7dcd06b9318058dcfbfcd41b773a8a5b712f"}
}
