TN:
SF:C:\Users\Aasmund\Documents\Skole\IT2810-Webutvikling\Grupperepo\it2810-webutvikling-h18-prosjekt-3-10\prosjekt3\assets\images\profileBackground3.jpg
FNF:0
FNH:0
DA:1,1
LF:1
LH:1
BRF:0
BRH:0
end_of_record
TN:
SF:C:\Users\Aasmund\Documents\Skole\IT2810-Webutvikling\Grupperepo\it2810-webutvikling-h18-prosjekt-3-10\prosjekt3\assets\images\profileEmail.png
FNF:0
FNH:0
DA:1,1
LF:1
LH:1
BRF:0
BRH:0
end_of_record
TN:
SF:C:\Users\Aasmund\Documents\Skole\IT2810-Webutvikling\Grupperepo\it2810-webutvikling-h18-prosjekt-3-10\prosjekt3\assets\images\profileHeight.png
FNF:0
FNH:0
DA:1,1
LF:1
LH:1
BRF:0
BRH:0
end_of_record
TN:
SF:C:\Users\Aasmund\Documents\Skole\IT2810-Webutvikling\Grupperepo\it2810-webutvikling-h18-prosjekt-3-10\prosjekt3\assets\images\profileTown.png
FNF:0
FNH:0
DA:1,1
LF:1
LH:1
BRF:0
BRH:0
end_of_record
TN:
SF:C:\Users\Aasmund\Documents\Skole\IT2810-Webutvikling\Grupperepo\it2810-webutvikling-h18-prosjekt-3-10\prosjekt3\assets\images\profileWeight.png
FNF:0
FNH:0
DA:1,1
LF:1
LH:1
BRF:0
BRH:0
end_of_record
TN:
SF:C:\Users\Aasmund\Documents\Skole\IT2810-Webutvikling\Grupperepo\it2810-webutvikling-h18-prosjekt-3-10\prosjekt3\components\AddContactModal.js
FN:19,(anonymous_0)
FN:32,(anonymous_1)
FN:37,(anonymous_2)
FN:64,(anonymous_3)
FN:77,(anonymous_4)
FN:91,(anonymous_5)
FN:103,(anonymous_6)
FNF:7
FNH:0
FNDA:0,(anonymous_0)
FNDA:0,(anonymous_1)
FNDA:0,(anonymous_2)
FNDA:0,(anonymous_3)
FNDA:0,(anonymous_4)
FNDA:0,(anonymous_5)
FNDA:0,(anonymous_6)
DA:20,0
DA:21,0
DA:33,0
DA:34,0
DA:38,0
DA:65,0
DA:78,0
DA:92,0
DA:108,0
DA:112,0
DA:120,0
DA:128,0
DA:131,0
DA:143,1
LF:14
LH:1
BRF:0
BRH:0
end_of_record
TN:
SF:C:\Users\Aasmund\Documents\Skole\IT2810-Webutvikling\Grupperepo\it2810-webutvikling-h18-prosjekt-3-10\prosjekt3\components\ContactInformationModal.js
FN:15,(anonymous_0)
FNF:1
FNH:0
FNDA:0,(anonymous_0)
DA:15,1
DA:16,0
DA:47,1
LF:3
LH:2
BRDA:15,0,0,0
BRDA:32,1,0,0
BRDA:32,1,1,0
BRDA:40,2,0,0
BRDA:40,2,1,0
BRF:5
BRH:0
end_of_record
TN:
SF:C:\Users\Aasmund\Documents\Skole\IT2810-Webutvikling\Grupperepo\it2810-webutvikling-h18-prosjekt-3-10\prosjekt3\components\ContactsList.js
FN:18,(anonymous_0)
FN:21,(anonymous_1)
FN:26,(anonymous_2)
FN:27,(anonymous_3)
FN:33,(anonymous_4)
FN:35,(anonymous_5)
FN:35,(anonymous_6)
FNF:7
FNH:0
FNDA:0,(anonymous_0)
FNDA:0,(anonymous_1)
FNDA:0,(anonymous_2)
FNDA:0,(anonymous_3)
FNDA:0,(anonymous_4)
FNDA:0,(anonymous_5)
FNDA:0,(anonymous_6)
DA:18,1
DA:21,0
DA:22,0
DA:26,0
DA:28,0
DA:33,0
DA:35,0
DA:43,0
DA:44,0
DA:45,0
DA:63,0
DA:87,1
LF:12
LH:2
BRDA:18,0,0,0
BRDA:18,1,0,0
BRDA:32,2,0,0
BRDA:32,2,1,0
BRDA:35,3,0,0
BRDA:35,3,1,0
BRDA:43,4,0,0
BRDA:43,4,1,0
BRDA:44,5,0,0
BRDA:44,5,1,0
BRDA:55,6,0,0
BRDA:55,6,1,0
BRF:12
BRH:0
end_of_record
TN:
SF:C:\Users\Aasmund\Documents\Skole\IT2810-Webutvikling\Grupperepo\it2810-webutvikling-h18-prosjekt-3-10\prosjekt3\components\Loading.js
FN:9,(anonymous_0)
FNF:1
FNH:0
FNDA:0,(anonymous_0)
DA:9,1
DA:10,0
DA:25,1
LF:3
LH:2
BRF:0
BRH:0
end_of_record
TN:
SF:C:\Users\Aasmund\Documents\Skole\IT2810-Webutvikling\Grupperepo\it2810-webutvikling-h18-prosjekt-3-10\prosjekt3\components\StyledText.js
FN:5,(anonymous_0)
FNF:1
FNH:1
FNDA:1,(anonymous_0)
DA:6,1
LF:1
LH:1
BRF:0
BRH:0
end_of_record
TN:
SF:C:\Users\Aasmund\Documents\Skole\IT2810-Webutvikling\Grupperepo\it2810-webutvikling-h18-prosjekt-3-10\prosjekt3\screens\ContactsScreen.js
FN:29,(anonymous_0)
FN:35,(anonymous_1)
FN:43,(anonymous_2)
FN:45,(anonymous_3)
FN:52,(anonymous_4)
FN:54,(anonymous_5)
FN:60,(anonymous_6)
FN:66,(anonymous_7)
FN:69,(anonymous_8)
FN:78,(anonymous_9)
FN:79,(anonymous_10)
FN:86,(anonymous_11)
FN:92,(anonymous_12)
FN:95,(anonymous_13)
FN:107,(anonymous_14)
FN:114,(anonymous_15)
FN:116,(anonymous_16)
FN:123,(anonymous_17)
FN:133,(anonymous_18)
FN:138,(anonymous_19)
FN:140,(anonymous_20)
FN:149,(anonymous_21)
FN:156,(anonymous_22)
FN:172,(anonymous_23)
FN:177,(anonymous_24)
FN:178,(anonymous_25)
FN:178,(anonymous_26)
FNF:27
FNH:15
FNDA:2,(anonymous_0)
FNDA:0,(anonymous_1)
FNDA:2,(anonymous_2)
FNDA:2,(anonymous_3)
FNDA:2,(anonymous_4)
FNDA:1,(anonymous_5)
FNDA:2,(anonymous_6)
FNDA:1,(anonymous_7)
FNDA:1,(anonymous_8)
FNDA:1,(anonymous_9)
FNDA:2,(anonymous_10)
FNDA:1,(anonymous_11)
FNDA:3,(anonymous_12)
FNDA:3,(anonymous_13)
FNDA:0,(anonymous_14)
FNDA:0,(anonymous_15)
FNDA:0,(anonymous_16)
FNDA:0,(anonymous_17)
FNDA:0,(anonymous_18)
FNDA:0,(anonymous_19)
FNDA:0,(anonymous_20)
FNDA:1,(anonymous_21)
FNDA:10,(anonymous_22)
FNDA:0,(anonymous_23)
FNDA:0,(anonymous_24)
FNDA:0,(anonymous_25)
FNDA:0,(anonymous_26)
DA:30,2
DA:34,2
DA:36,0
DA:37,0
DA:44,2
DA:46,2
DA:47,1
DA:49,1
DA:53,2
DA:54,2
DA:55,2
DA:58,2
DA:61,2
DA:68,1
DA:70,1
DA:71,0
DA:72,0
DA:74,1
DA:79,2
DA:80,1
DA:83,1
DA:87,1
DA:93,3
DA:94,3
DA:96,3
DA:97,1
DA:99,3
DA:108,0
DA:109,0
DA:110,0
DA:111,0
DA:114,0
DA:117,0
DA:118,0
DA:119,0
DA:120,0
DA:123,0
DA:124,0
DA:129,0
DA:134,0
DA:141,0
DA:150,1
DA:157,10
DA:172,0
DA:177,0
DA:178,0
LF:46
LH:25
BRDA:36,0,0,0
BRDA:36,0,1,0
BRDA:46,1,0,1
BRDA:46,1,1,1
BRDA:54,2,0,0
BRDA:54,2,1,1
BRDA:70,3,0,0
BRDA:70,3,1,1
BRDA:96,4,0,1
BRDA:96,4,1,2
BRDA:109,5,0,0
BRDA:109,5,1,0
BRDA:114,6,0,0
BRDA:114,6,1,0
BRDA:118,7,0,0
BRDA:118,7,1,0
BRDA:119,8,0,0
BRDA:119,8,1,0
BRDA:123,9,0,0
BRDA:123,9,1,0
BRDA:162,10,0,2
BRDA:162,10,1,8
BRF:22
BRH:8
end_of_record
TN:
SF:C:\Users\Aasmund\Documents\Skole\IT2810-Webutvikling\Grupperepo\it2810-webutvikling-h18-prosjekt-3-10\prosjekt3\screens\ProfilesScreen.js
FN:16,(anonymous_0)
FN:32,(anonymous_1)
FN:37,(anonymous_2)
FN:57,(anonymous_3)
FN:68,(anonymous_4)
FN:79,(anonymous_5)
FN:88,(anonymous_6)
FN:112,(anonymous_7)
FN:126,(anonymous_8)
FN:138,(anonymous_9)
FN:148,(anonymous_10)
FN:155,(anonymous_11)
FNF:12
FNH:4
FNDA:4,(anonymous_0)
FNDA:4,(anonymous_1)
FNDA:4,(anonymous_2)
FNDA:0,(anonymous_3)
FNDA:0,(anonymous_4)
FNDA:0,(anonymous_5)
FNDA:4,(anonymous_6)
FNDA:0,(anonymous_7)
FNDA:0,(anonymous_8)
FNDA:0,(anonymous_9)
FNDA:0,(anonymous_10)
FNDA:0,(anonymous_11)
DA:17,4
DA:18,4
DA:33,4
DA:38,4
DA:39,4
DA:40,0
DA:41,0
DA:42,0
DA:52,0
DA:58,0
DA:59,0
DA:60,0
DA:61,0
DA:62,0
DA:65,0
DA:69,0
DA:70,0
DA:71,0
DA:72,0
DA:73,0
DA:76,0
DA:80,0
DA:81,0
DA:82,0
DA:84,0
DA:89,4
DA:93,4
DA:112,0
DA:126,0
DA:138,0
DA:148,0
DA:155,0
DA:179,1
LF:33
LH:8
BRDA:40,0,0,0
BRDA:40,0,1,0
BRDA:61,1,0,0
BRDA:61,1,1,0
BRDA:72,2,0,0
BRDA:72,2,1,0
BRF:6
BRH:0
end_of_record
