TN:
SF:/Users/bjorntvedten/iCloud Drive (arkiv) - 1/Documents/NTNU/Informatikk/H2018/IT2810/prosjekt3/it2810-webutvikling-h18-prosjekt-3-10/prosjekt3/App.js
FN:11,(anonymous_0)
FN:30,(anonymous_1)
FN:46,(anonymous_2)
FN:52,(anonymous_3)
FNF:4
FNH:3
FNDA:3,(anonymous_0)
FNDA:1,(anonymous_1)
FNDA:0,(anonymous_2)
FNDA:1,(anonymous_3)
DA:12,3
DA:13,1
DA:21,2
DA:31,1
DA:49,0
DA:53,1
DA:57,1
LF:7
LH:6
BRDA:12,0,0,1
BRDA:12,0,1,2
BRDA:12,1,0,3
BRDA:12,1,1,2
BRDA:23,2,0,2
BRDA:23,2,1,2
BRF:6
BRH:6
end_of_record
TN:
SF:/Users/bjorntvedten/iCloud Drive (arkiv) - 1/Documents/NTNU/Informatikk/H2018/IT2810/prosjekt3/it2810-webutvikling-h18-prosjekt-3-10/prosjekt3/assets/fonts/SpaceMono-Regular.ttf
FNF:0
FNH:0
DA:1,1
LF:1
LH:1
BRF:0
BRH:0
end_of_record
TN:
SF:/Users/bjorntvedten/iCloud Drive (arkiv) - 1/Documents/NTNU/Informatikk/H2018/IT2810/prosjekt3/it2810-webutvikling-h18-prosjekt-3-10/prosjekt3/assets/images/homeBackground4.jpg
FNF:0
FNH:0
DA:1,1
LF:1
LH:1
BRF:0
BRH:0
end_of_record
TN:
SF:/Users/bjorntvedten/iCloud Drive (arkiv) - 1/Documents/NTNU/Informatikk/H2018/IT2810/prosjekt3/it2810-webutvikling-h18-prosjekt-3-10/prosjekt3/assets/images/profileBackground3.jpg
FNF:0
FNH:0
DA:1,1
LF:1
LH:1
BRF:0
BRH:0
end_of_record
TN:
SF:/Users/bjorntvedten/iCloud Drive (arkiv) - 1/Documents/NTNU/Informatikk/H2018/IT2810/prosjekt3/it2810-webutvikling-h18-prosjekt-3-10/prosjekt3/assets/images/profileEmail.png
FNF:0
FNH:0
DA:1,1
LF:1
LH:1
BRF:0
BRH:0
end_of_record
TN:
SF:/Users/bjorntvedten/iCloud Drive (arkiv) - 1/Documents/NTNU/Informatikk/H2018/IT2810/prosjekt3/it2810-webutvikling-h18-prosjekt-3-10/prosjekt3/assets/images/profileHeight.png
FNF:0
FNH:0
DA:1,1
LF:1
LH:1
BRF:0
BRH:0
end_of_record
TN:
SF:/Users/bjorntvedten/iCloud Drive (arkiv) - 1/Documents/NTNU/Informatikk/H2018/IT2810/prosjekt3/it2810-webutvikling-h18-prosjekt-3-10/prosjekt3/assets/images/profileTown.png
FNF:0
FNH:0
DA:1,1
LF:1
LH:1
BRF:0
BRH:0
end_of_record
TN:
SF:/Users/bjorntvedten/iCloud Drive (arkiv) - 1/Documents/NTNU/Informatikk/H2018/IT2810/prosjekt3/it2810-webutvikling-h18-prosjekt-3-10/prosjekt3/assets/images/profileWeight.png
FNF:0
FNH:0
DA:1,1
LF:1
LH:1
BRF:0
BRH:0
end_of_record
TN:
SF:/Users/bjorntvedten/iCloud Drive (arkiv) - 1/Documents/NTNU/Informatikk/H2018/IT2810/prosjekt3/it2810-webutvikling-h18-prosjekt-3-10/prosjekt3/assets/images/robot-dev.png
FNF:0
FNH:0
DA:1,1
LF:1
LH:1
BRF:0
BRH:0
end_of_record
TN:
SF:/Users/bjorntvedten/iCloud Drive (arkiv) - 1/Documents/NTNU/Informatikk/H2018/IT2810/prosjekt3/it2810-webutvikling-h18-prosjekt-3-10/prosjekt3/assets/images/robot-prod.png
FNF:0
FNH:0
DA:1,1
LF:1
LH:1
BRF:0
BRH:0
end_of_record
TN:
SF:/Users/bjorntvedten/iCloud Drive (arkiv) - 1/Documents/NTNU/Informatikk/H2018/IT2810/prosjekt3/it2810-webutvikling-h18-prosjekt-3-10/prosjekt3/components/StyledText.js
FN:5,(anonymous_0)
FNF:1
FNH:1
FNDA:1,(anonymous_0)
DA:6,1
LF:1
LH:1
BRF:0
BRH:0
end_of_record
TN:
SF:/Users/bjorntvedten/iCloud Drive (arkiv) - 1/Documents/NTNU/Informatikk/H2018/IT2810/prosjekt3/it2810-webutvikling-h18-prosjekt-3-10/prosjekt3/components/TabBarIcon.js
FN:7,(anonymous_0)
FNF:1
FNH:1
FNDA:24,(anonymous_0)
DA:8,24
LF:1
LH:1
BRDA:13,0,0,12
BRDA:13,0,1,12
BRF:2
BRH:2
end_of_record
TN:
SF:/Users/bjorntvedten/iCloud Drive (arkiv) - 1/Documents/NTNU/Informatikk/H2018/IT2810/prosjekt3/it2810-webutvikling-h18-prosjekt-3-10/prosjekt3/constants/Colors.js
FNF:0
FNH:0
DA:1,1
LF:1
LH:1
BRF:0
BRH:0
end_of_record
TN:
SF:/Users/bjorntvedten/iCloud Drive (arkiv) - 1/Documents/NTNU/Informatikk/H2018/IT2810/prosjekt3/it2810-webutvikling-h18-prosjekt-3-10/prosjekt3/navigation/AppNavigator.js
FNF:0
FNH:0
LF:0
LH:0
BRF:0
BRH:0
end_of_record
TN:
SF:/Users/bjorntvedten/iCloud Drive (arkiv) - 1/Documents/NTNU/Informatikk/H2018/IT2810/prosjekt3/it2810-webutvikling-h18-prosjekt-3-10/prosjekt3/navigation/MainTabNavigator.js
FN:19,(anonymous_0)
FN:37,(anonymous_1)
FN:53,(anonymous_2)
FN:67,(anonymous_3)
FN:81,(anonymous_4)
FN:95,(anonymous_5)
FNF:6
FNH:6
FNDA:4,(anonymous_0)
FNDA:4,(anonymous_1)
FNDA:4,(anonymous_2)
FNDA:4,(anonymous_3)
FNDA:4,(anonymous_4)
FNDA:4,(anonymous_5)
DA:13,1
DA:17,1
DA:20,4
DA:31,1
DA:35,1
DA:38,4
DA:47,1
DA:51,1
DA:54,4
DA:61,1
DA:65,1
DA:68,4
DA:75,1
DA:79,1
DA:82,4
DA:89,1
DA:93,1
DA:96,4
LF:18
LH:18
BRDA:23,0,0,4
BRDA:23,0,1,0
BRDA:24,1,0,2
BRDA:24,1,1,2
BRDA:40,2,0,4
BRDA:40,2,1,0
BRDA:41,3,0,2
BRDA:41,3,1,2
BRDA:56,4,0,4
BRDA:56,4,1,0
BRDA:56,5,0,2
BRDA:56,5,1,2
BRDA:70,6,0,4
BRDA:70,6,1,0
BRDA:70,7,0,2
BRDA:70,7,1,2
BRDA:84,8,0,4
BRDA:84,8,1,0
BRDA:84,9,0,2
BRDA:84,9,1,2
BRDA:99,10,0,4
BRDA:99,10,1,0
BRDA:100,11,0,2
BRDA:100,11,1,2
BRF:24
BRH:18
end_of_record
TN:
SF:/Users/bjorntvedten/iCloud Drive (arkiv) - 1/Documents/NTNU/Informatikk/H2018/IT2810/prosjekt3/it2810-webutvikling-h18-prosjekt-3-10/prosjekt3/screens/ActivityScreen.js
FN:9,(anonymous_0)
FNF:1
FNH:0
FNDA:0,(anonymous_0)
DA:10,0
DA:19,1
LF:2
LH:1
BRF:0
BRH:0
end_of_record
TN:
SF:/Users/bjorntvedten/iCloud Drive (arkiv) - 1/Documents/NTNU/Informatikk/H2018/IT2810/prosjekt3/it2810-webutvikling-h18-prosjekt-3-10/prosjekt3/screens/CalenderScreen.js
FN:9,(anonymous_0)
FNF:1
FNH:0
FNDA:0,(anonymous_0)
DA:10,0
DA:19,1
LF:2
LH:1
BRF:0
BRH:0
end_of_record
TN:
SF:/Users/bjorntvedten/iCloud Drive (arkiv) - 1/Documents/NTNU/Informatikk/H2018/IT2810/prosjekt3/it2810-webutvikling-h18-prosjekt-3-10/prosjekt3/screens/ContactScreen.js
FN:9,(anonymous_0)
FNF:1
FNH:0
FNDA:0,(anonymous_0)
DA:10,0
DA:19,1
LF:2
LH:1
BRF:0
BRH:0
end_of_record
TN:
SF:/Users/bjorntvedten/iCloud Drive (arkiv) - 1/Documents/NTNU/Informatikk/H2018/IT2810/prosjekt3/it2810-webutvikling-h18-prosjekt-3-10/prosjekt3/screens/HomeScreen.js
FN:34,(anonymous_0)
FN:38,(anonymous_1)
FN:51,(anonymous_2)
FN:58,(anonymous_3)
FN:66,(anonymous_4)
FN:115,(anonymous_5)
FNF:6
FNH:1
FNDA:0,(anonymous_0)
FNDA:2,(anonymous_1)
FNDA:0,(anonymous_2)
FNDA:0,(anonymous_3)
FNDA:0,(anonymous_4)
FNDA:0,(anonymous_5)
DA:35,0
DA:39,2
DA:52,0
DA:59,0
DA:67,0
DA:115,0
DA:125,1
LF:7
LH:2
BRF:0
BRH:0
end_of_record
TN:
SF:/Users/bjorntvedten/iCloud Drive (arkiv) - 1/Documents/NTNU/Informatikk/H2018/IT2810/prosjekt3/it2810-webutvikling-h18-prosjekt-3-10/prosjekt3/screens/ProfilesScreen.js
FN:17,(anonymous_0)
FN:33,(anonymous_1)
FN:38,(anonymous_2)
FN:56,(anonymous_3)
FN:67,(anonymous_4)
FN:78,(anonymous_5)
FN:87,(anonymous_6)
FN:111,(anonymous_7)
FN:125,(anonymous_8)
FN:137,(anonymous_9)
FN:146,(anonymous_10)
FN:156,(anonymous_11)
FNF:12
FNH:4
FNDA:4,(anonymous_0)
FNDA:4,(anonymous_1)
FNDA:4,(anonymous_2)
FNDA:0,(anonymous_3)
FNDA:0,(anonymous_4)
FNDA:0,(anonymous_5)
FNDA:4,(anonymous_6)
FNDA:0,(anonymous_7)
FNDA:0,(anonymous_8)
FNDA:0,(anonymous_9)
FNDA:0,(anonymous_10)
FNDA:0,(anonymous_11)
DA:18,4
DA:19,4
DA:34,4
DA:39,4
DA:40,4
DA:41,0
DA:42,0
DA:51,0
DA:57,0
DA:58,0
DA:59,0
DA:60,0
DA:61,0
DA:64,0
DA:68,0
DA:69,0
DA:70,0
DA:71,0
DA:72,0
DA:75,0
DA:79,0
DA:80,0
DA:81,0
DA:83,0
DA:88,4
DA:92,4
DA:111,0
DA:125,0
DA:137,0
DA:146,0
DA:156,0
DA:178,2
LF:32
LH:8
BRDA:60,0,0,0
BRDA:60,0,1,0
BRDA:71,1,0,0
BRDA:71,1,1,0
BRF:4
BRH:0
end_of_record
TN:
SF:/Users/bjorntvedten/iCloud Drive (arkiv) - 1/Documents/NTNU/Informatikk/H2018/IT2810/prosjekt3/it2810-webutvikling-h18-prosjekt-3-10/prosjekt3/screens/TodoScreen.js
FN:12,(anonymous_0)
FN:25,(anonymous_1)
FN:26,(anonymous_2)
FN:32,(anonymous_3)
FN:44,(anonymous_4)
FN:58,(anonymous_5)
FN:68,(anonymous_6)
FN:69,(anonymous_7)
FN:73,(anonymous_8)
FN:78,(anonymous_9)
FN:83,(anonymous_10)
FN:85,(anonymous_11)
FN:98,(anonymous_12)
FN:107,(anonymous_13)
FN:135,(anonymous_14)
FN:141,(anonymous_15)
FN:151,(anonymous_16)
FN:156,(anonymous_17)
FN:177,(anonymous_18)
FNF:19
FNH:0
FNDA:0,(anonymous_0)
FNDA:0,(anonymous_1)
FNDA:0,(anonymous_2)
FNDA:0,(anonymous_3)
FNDA:0,(anonymous_4)
FNDA:0,(anonymous_5)
FNDA:0,(anonymous_6)
FNDA:0,(anonymous_7)
FNDA:0,(anonymous_8)
FNDA:0,(anonymous_9)
FNDA:0,(anonymous_10)
FNDA:0,(anonymous_11)
FNDA:0,(anonymous_12)
FNDA:0,(anonymous_13)
FNDA:0,(anonymous_14)
FNDA:0,(anonymous_15)
FNDA:0,(anonymous_16)
FNDA:0,(anonymous_17)
FNDA:0,(anonymous_18)
DA:13,0
DA:14,0
DA:20,0
DA:21,0
DA:26,0
DA:33,0
DA:34,0
DA:35,0
DA:36,0
DA:37,0
DA:40,0
DA:45,0
DA:46,0
DA:47,0
DA:48,0
DA:49,0
DA:50,0
DA:52,0
DA:53,0
DA:56,0
DA:58,0
DA:64,0
DA:69,0
DA:71,0
DA:73,0
DA:79,0
DA:83,0
DA:86,0
DA:98,0
DA:108,0
DA:135,0
DA:142,0
DA:143,0
DA:144,0
DA:152,0
DA:157,0
DA:158,0
DA:159,0
DA:160,0
DA:161,0
DA:166,0
DA:172,0
DA:178,0
DA:210,1
LF:44
LH:1
BRDA:36,0,0,0
BRDA:36,0,1,0
BRDA:49,1,0,0
BRDA:49,1,1,0
BRDA:52,2,0,0
BRDA:52,2,1,0
BRDA:160,3,0,0
BRDA:160,3,1,0
BRF:8
BRH:0
end_of_record
